18:24:37.090 [main] INFO  org.tarik.ta.core.AgentConfig - Loaded properties from config.properties
18:24:37.091 [main] INFO  org.tarik.ta.core.AgentConfig - Using property file value for key 'port' with value '8005'
18:24:37.092 [main] INFO  org.tarik.ta.core.AgentConfig - Using environment variable 'UNATTENDED_MODE' for key 'unattended.mode' with value 'false'
18:24:37.092 [main] INFO  org.tarik.ta.core.AgentConfig - Using property file value for key 'host' with value 'localhost'
18:24:37.092 [main] INFO  org.tarik.ta.core.AgentConfig - Using default value for key 'external.url'
18:24:37.093 [main] INFO  org.tarik.ta.core.AgentConfig - Using environment variable 'DEBUG_MODE' for key 'debug.mode' with value 'true'
18:24:37.093 [main] INFO  org.tarik.ta.core.AgentConfig - Using default value for key 'screenshots.save.folder'
18:24:37.094 [main] INFO  org.tarik.ta.core.AgentConfig - Using property file value for key 'vector.db.provider' with value 'chroma'
18:24:37.094 [main] INFO  org.tarik.ta.core.AgentConfig - Using environment variable 'VECTOR_DB_URL' for key 'vector.db.url' with value 'https://chromadb-624672140824.us-central1.run.app'
18:24:37.094 [main] INFO  org.tarik.ta.core.AgentConfig - Using property file value for key 'retriever.top.n' with value '5'
18:24:37.094 [main] INFO  org.tarik.ta.core.AgentConfig - Using property file value for key 'model.max.output.tokens' with value '8192'
18:24:37.094 [main] INFO  org.tarik.ta.core.AgentConfig - Using property file value for key 'model.temperature' with value '0.0'
18:24:37.095 [main] INFO  org.tarik.ta.core.AgentConfig - Using property file value for key 'model.top.p' with value '1.0'
18:24:37.095 [main] INFO  org.tarik.ta.core.AgentConfig - Using property file value for key 'model.logging.enabled' with value 'false'
18:24:37.095 [main] INFO  org.tarik.ta.core.AgentConfig - Using property file value for key 'thinking.output.enabled' with value 'false'
18:24:37.095 [main] INFO  org.tarik.ta.core.AgentConfig - Using property file value for key 'gemini.thinking.budget' with value '0'
18:24:37.095 [main] INFO  org.tarik.ta.core.AgentConfig - Using property file value for key 'model.max.retries' with value '10'
18:24:37.095 [main] INFO  org.tarik.ta.core.AgentConfig - Using property file value for key 'google.api.provider' with value 'studio_ai'
18:24:37.096 [main] INFO  org.tarik.ta.core.AgentConfig - Using environment variable 'GOOGLE_API_KEY' for key 'google.api.token'
18:24:37.096 [main] INFO  org.tarik.ta.core.AgentConfig - Using environment variable 'GOOGLE_PROJECT' for key 'google.project' with value 'neon-idiom-310412'
18:24:37.096 [main] INFO  org.tarik.ta.core.AgentConfig - Using environment variable 'GOOGLE_LOCATION' for key 'google.location' with value 'us-central1'
18:24:37.096 [main] INFO  org.tarik.ta.core.AgentConfig - Using property file value for key 'azure.openai.api.key'
18:24:37.096 [main] INFO  org.tarik.ta.core.AgentConfig - Using property file value for key 'azure.openai.endpoint' with value 'YOUR_AZURE_OPEN_AI_ENDPOINT_HERE'
18:24:37.096 [main] INFO  org.tarik.ta.core.AgentConfig - Using environment variable 'GROQ_API_KEY' for key 'groq.api.key'
18:24:37.097 [main] INFO  org.tarik.ta.core.AgentConfig - Using environment variable 'GROQ_ENDPOINT' for key 'groq.endpoint' with value 'https://api.groq.com/openai/v1'
18:24:37.097 [main] INFO  org.tarik.ta.core.AgentConfig - Using property file value for key 'anthropic.api.provider' with value 'vertex_ai'
18:24:37.097 [main] INFO  org.tarik.ta.core.AgentConfig - Using environment variable 'ANTHROPIC_API_KEY' for key 'anthropic.api.key'
18:24:37.097 [main] INFO  org.tarik.ta.core.AgentConfig - Using property file value for key 'anthropic.endpoint' with value 'https://api.anthropic.com/v1/'
18:24:37.097 [main] INFO  org.tarik.ta.core.AgentConfig - Using property file value for key 'test.step.execution.retry.timeout.millis' with value '5000'
18:24:37.097 [main] INFO  org.tarik.ta.core.AgentConfig - Using property file value for key 'test.step.execution.retry.interval.millis' with value '1000'
18:24:37.097 [main] INFO  org.tarik.ta.core.AgentConfig - Using property file value for key 'verification.retry.timeout.millis' with value '10000'
18:24:37.097 [main] INFO  org.tarik.ta.core.AgentConfig - Using property file value for key 'action.verification.delay.millis' with value '500'
18:24:37.097 [main] INFO  org.tarik.ta.core.AgentConfig - Using property file value for key 'max.action.execution.duration.millis' with value '30000'
18:24:37.097 [main] INFO  org.tarik.ta.core.AgentConfig - Using property file value for key 'screen.recording.active' with value 'false'
18:24:37.097 [main] INFO  org.tarik.ta.core.AgentConfig - Using property file value for key 'screen.recording.output.dir' with value './videos'
18:24:37.097 [main] INFO  org.tarik.ta.core.AgentConfig - Using property file value for key 'recording.bit.rate' with value '2000000'
18:24:37.097 [main] INFO  org.tarik.ta.core.AgentConfig - Using property file value for key 'recording.file.format' with value 'mp4'
18:24:37.097 [main] INFO  org.tarik.ta.core.AgentConfig - Using property file value for key 'recording.fps' with value '10'
18:24:37.097 [main] INFO  org.tarik.ta.core.AgentConfig - Using property file value for key 'element.bounding.box.color' with value 'green'
18:24:37.097 [main] INFO  org.tarik.ta.core.AgentConfig - Using property file value for key 'element.retrieval.min.target.score' with value '0.8'
18:24:37.097 [main] INFO  org.tarik.ta.core.AgentConfig - Using property file value for key 'element.retrieval.min.general.score' with value '0.5'
18:24:37.097 [main] INFO  org.tarik.ta.core.AgentConfig - Using default value for key 'element.retrieval.min.page.relevance.score'
18:24:37.097 [main] INFO  org.tarik.ta.core.AgentConfig - Using property file value for key 'element.locator.visual.similarity.threshold' with value '0.8'
18:24:37.097 [main] INFO  org.tarik.ta.core.AgentConfig - Using property file value for key 'element.locator.top.visual.matches' with value '6'
18:24:37.097 [main] INFO  org.tarik.ta.core.AgentConfig - Using property file value for key 'element.locator.found.matches.dimension.deviation.ratio' with value '0.3'
18:24:37.097 [main] INFO  org.tarik.ta.core.AgentConfig - Using property file value for key 'element.locator.visual.grounding.model.vote.count' with value '1'
18:24:37.097 [main] INFO  org.tarik.ta.core.AgentConfig - Using property file value for key 'element.locator.validation.model.vote.count' with value '1'
18:24:37.097 [main] INFO  org.tarik.ta.core.AgentConfig - Using property file value for key 'element.locator.bbox.clustering.min.intersection.ratio' with value '0.9'
18:24:37.097 [main] INFO  org.tarik.ta.core.AgentConfig - Using property file value for key 'element.locator.zoom.scale.factor' with value '1'
18:24:37.097 [main] INFO  org.tarik.ta.core.AgentConfig - Using property file value for key 'bbox.screenshot.longest.allowed.dimension.pixels' with value '1568'
18:24:37.097 [main] INFO  org.tarik.ta.core.AgentConfig - Using property file value for key 'bbox.screenshot.max.size.megapixels' with value '1.15'
18:24:37.099 [main] INFO  org.tarik.ta.core.AgentConfig - Using property file value for key 'bounding.box.already.normalized' with value 'false'
18:24:37.099 [main] INFO  org.tarik.ta.core.AgentConfig - Using property file value for key 'element.locator.algorithmic.search.enabled' with value 'false'
18:24:37.099 [main] INFO  org.tarik.ta.core.AgentConfig - Using property file value for key 'dialog.default.horizontal.gap' with value '10'
18:24:37.099 [main] INFO  org.tarik.ta.core.AgentConfig - Using property file value for key 'dialog.default.vertical.gap' with value '10'
18:24:37.099 [main] INFO  org.tarik.ta.core.AgentConfig - Using property file value for key 'dialog.default.font.type' with value 'Dialog'
18:24:37.099 [main] INFO  org.tarik.ta.core.AgentConfig - Using property file value for key 'dialog.default.font.size' with value '13'
18:24:37.100 [main] INFO  org.tarik.ta.core.AgentConfig - Using property file value for key 'dialog.hover.as.click' with value 'false'
18:24:37.100 [main] INFO  org.tarik.ta.core.AgentConfig - Using property file value for key 'prefetching.enabled' with value 'false'
18:24:37.100 [main] INFO  org.tarik.ta.core.AgentConfig - Using property file value for key 'agent.token.budget' with value '1000000'
18:24:37.100 [main] INFO  org.tarik.ta.core.AgentConfig - Using property file value for key 'agent.tool.calls.budget.attended' with value '100'
18:24:37.100 [main] INFO  org.tarik.ta.core.AgentConfig - Using property file value for key 'agent.tool.calls.budget.unattended' with value '5'
18:24:37.100 [main] INFO  org.tarik.ta.core.AgentConfig - Using property file value for key 'agent.execution.time.budget.seconds' with value '3000'
18:24:37.100 [main] INFO  org.tarik.ta.core.AgentConfig - Using environment variable 'PRECONDITION_AGENT_MODEL_NAME' for key 'precondition.agent.model.name' with value 'gemini-2.5-flash'
18:24:37.100 [main] INFO  org.tarik.ta.core.AgentConfig - Using environment variable 'PRECONDITION_AGENT_MODEL_PROVIDER' for key 'precondition.agent.model.provider' with value 'google'
18:24:37.101 [main] INFO  org.tarik.ta.core.AgentConfig - Using environment variable 'PRECONDITION_AGENT_PROMPT_VERSION' for key 'precondition.agent.prompt.version' with value 'v1.0.0'
18:24:37.101 [main] INFO  org.tarik.ta.core.AgentConfig - Using environment variable 'PRECONDITION_VERIFICATION_AGENT_MODEL_NAME' for key 'precondition.verification.agent.model.name' with value 'gemini-2.5-flash'
18:24:37.101 [main] INFO  org.tarik.ta.core.AgentConfig - Using environment variable 'PRECONDITION_VERIFICATION_AGENT_MODEL_PROVIDER' for key 'precondition.verification.agent.model.provider' with value 'google'
18:24:37.101 [main] INFO  org.tarik.ta.core.AgentConfig - Using environment variable 'PRECONDITION_VERIFICATION_AGENT_PROMPT_VERSION' for key 'precondition.verification.agent.prompt.version' with value 'v1.0.0'
18:24:37.101 [main] INFO  org.tarik.ta.core.AgentConfig - Using environment variable 'TEST_STEP_ACTION_AGENT_MODEL_NAME' for key 'test.step.action.agent.model.name' with value 'gemini-2.5-flash'
18:24:37.101 [main] INFO  org.tarik.ta.core.AgentConfig - Using environment variable 'TEST_STEP_ACTION_AGENT_MODEL_PROVIDER' for key 'test.step.action.agent.model.provider' with value 'google'
18:24:37.101 [main] INFO  org.tarik.ta.core.AgentConfig - Using environment variable 'TEST_STEP_ACTION_AGENT_PROMPT_VERSION' for key 'test.step.action.agent.prompt.version' with value 'v1.0.0'
18:24:37.101 [main] INFO  org.tarik.ta.core.AgentConfig - Using environment variable 'TEST_STEP_VERIFICATION_AGENT_MODEL_NAME' for key 'test.step.verification.agent.model.name' with value 'gemini-2.5-flash'
18:24:37.101 [main] INFO  org.tarik.ta.core.AgentConfig - Using environment variable 'TEST_STEP_VERIFICATION_AGENT_MODEL_PROVIDER' for key 'test.step.verification.agent.model.provider' with value 'google'
18:24:37.101 [main] INFO  org.tarik.ta.core.AgentConfig - Using environment variable 'TEST_STEP_VERIFICATION_AGENT_PROMPT_VERSION' for key 'test.step.verification.agent.prompt.version' with value 'v1.0.0'
18:24:37.102 [main] INFO  org.tarik.ta.core.AgentConfig - Using environment variable 'TEST_CASE_EXTRACTION_AGENT_MODEL_NAME' for key 'test.case.extraction.agent.model.name' with value 'gemini-2.5-flash'
18:24:37.102 [main] INFO  org.tarik.ta.core.AgentConfig - Using environment variable 'TEST_CASE_EXTRACTION_AGENT_MODEL_PROVIDER' for key 'test.case.extraction.agent.model.provider' with value 'google'
18:24:37.102 [main] INFO  org.tarik.ta.core.AgentConfig - Using environment variable 'TEST_CASE_EXTRACTION_AGENT_PROMPT_VERSION' for key 'test.case.extraction.agent.prompt.version' with value 'v1.0.0'
18:24:37.102 [main] INFO  org.tarik.ta.core.AgentConfig - Using environment variable 'UI_ELEMENT_DESCRIPTION_AGENT_MODEL_NAME' for key 'ui.element.description.agent.model.name' with value 'claude-sonnet-4-5-20250929'
18:24:37.102 [main] INFO  org.tarik.ta.core.AgentConfig - Using environment variable 'UI_ELEMENT_DESCRIPTION_AGENT_MODEL_PROVIDER' for key 'ui.element.description.agent.model.provider' with value 'anthropic'
18:24:37.102 [main] INFO  org.tarik.ta.core.AgentConfig - Using environment variable 'UI_ELEMENT_DESCRIPTION_AGENT_PROMPT_VERSION' for key 'ui.element.description.agent.prompt.version' with value 'v1.0.0'
18:24:37.102 [main] INFO  org.tarik.ta.core.AgentConfig - Using environment variable 'UI_STATE_CHECK_AGENT_MODEL_NAME' for key 'ui.state.check.agent.model.name' with value 'gemini-2.5-flash'
18:24:37.102 [main] INFO  org.tarik.ta.core.AgentConfig - Using environment variable 'UI_STATE_CHECK_AGENT_MODEL_PROVIDER' for key 'ui.state.check.agent.model.provider' with value 'google'
18:24:37.102 [main] INFO  org.tarik.ta.core.AgentConfig - Using environment variable 'UI_STATE_CHECK_AGENT_PROMPT_VERSION' for key 'ui.state.check.agent.prompt.version' with value 'v1.0.0'
18:24:37.102 [main] INFO  org.tarik.ta.core.AgentConfig - Using environment variable 'ELEMENT_BOUNDING_BOX_AGENT_MODEL_NAME' for key 'element.bounding.box.agent.model.name' with value 'claude-sonnet-4-5-20250929'
18:24:37.102 [main] INFO  org.tarik.ta.core.AgentConfig - Using environment variable 'ELEMENT_BOUNDING_BOX_AGENT_MODEL_PROVIDER' for key 'element.bounding.box.agent.model.provider' with value 'anthropic'
18:24:37.104 [main] INFO  org.tarik.ta.core.AgentConfig - Using environment variable 'ELEMENT_BOUNDING_BOX_AGENT_PROMPT_VERSION' for key 'element.bounding.box.agent.prompt.version' with value 'v1.0.0'
18:24:37.104 [main] INFO  org.tarik.ta.core.AgentConfig - Using environment variable 'ELEMENT_SELECTION_AGENT_MODEL_NAME' for key 'element.selection.agent.model.name' with value 'gemini-2.5-flash'
18:24:37.104 [main] INFO  org.tarik.ta.core.AgentConfig - Using environment variable 'ELEMENT_SELECTION_AGENT_MODEL_PROVIDER' for key 'element.selection.agent.model.provider' with value 'google'
18:24:37.104 [main] INFO  org.tarik.ta.core.AgentConfig - Using environment variable 'ELEMENT_SELECTION_AGENT_PROMPT_VERSION' for key 'element.selection.agent.prompt.version' with value 'v1.0.0'
18:24:37.104 [main] INFO  org.tarik.ta.core.AgentConfig - Using environment variable 'PAGE_DESCRIPTION_AGENT_MODEL_NAME' for key 'page.description.agent.model.name' with value 'gemini-2.5-flash'
18:24:37.104 [main] INFO  org.tarik.ta.core.AgentConfig - Using environment variable 'PAGE_DESCRIPTION_AGENT_MODEL_PROVIDER' for key 'page.description.agent.model.provider' with value 'google'
18:24:37.104 [main] INFO  org.tarik.ta.core.AgentConfig - Using environment variable 'PAGE_DESCRIPTION_AGENT_PROMPT_VERSION' for key 'page.description.agent.prompt.version' with value 'v1.0.0'
18:24:37.104 [main] INFO  org.tarik.ta.ApiTestAgent - Attempting to extract TestCase instance from user message using AI model.
18:24:37.242 [main] INFO  org.tarik.ta.core.utils.PromptUtils - Loading system prompt from: prompt_templates/system/agents/test_case_extractor/v1.0.0/test_case_extraction_prompt.txt
18:24:37.294 [main] DEBUG o.t.t.c.model.ChatModelEventListener - Sending 2 messages to the model
18:24:37.296 [main] DEBUG o.t.t.c.model.ChatModelEventListener - Sending a System Message:
---------------------------------------------------------------------
You are an expert in software testing and test case design.

Your task is to analyze provided to you test case, and accurately convert it into the target JSON object.

While converting test case preconditions, treat each list item as a separate precondition.

If the provided to you test case lacks enough information in order to convert it to the test case with corresponding test steps, you must return an empty result. Do not make up any data if it's not in the provided to you test case.
---------------------------------------------------------------------
18:24:37.296 [main] DEBUG o.t.t.c.model.ChatModelEventListener - Sending a User Message with Text:
---------------------------------------------------------------------
{"name":"Find a car rental","preconditions":["The main page of the application (https://www.austriaviennarentalcar.com/) is opened in a browser."],"testSteps":[{"stepDescription":"Click the \"Pick-up Date\" calendar input.","testData":[],"expectedResults":"The calendar dialogue is opened."},{"stepDescription":"Click the right triangle icon in calendar dialogue until the specified month and year are displayed as the first ones in the header.","testData":["Pick-up date is 18 February 2026"],"expectedResults":"The calendar dialogue shows the calendar days of the specified month and year."},{"stepDescription":"Click the day number in the calendar.","testData":["Pick-up date is 18 February 2026"],"expectedResults":"The calendar dialogue is closed and the \"Pick-up Date\" input field shows the specified date."},{"stepDescription":"Click the \"Pick-up Time\" hour dropdown.","testData":[],"expectedResults":"A dropdown list with hours is visible."},{"stepDescription":"Select the pick up hour.","testData":["Pick up time is 10:30"],"expectedResults":"The hour is selected and the dropdown list is closed."},{"stepDescription":"Click the \"Pick-up Time\" minute dropdown.","testData":[],"expectedResults":"A dropdown list with minutes (00, 15, 30, 45) is visible."},{"stepDescription":"Select the pick up minutes.","testData":["Pick up time is 10:30"],"expectedResults":"The correct minutes value is selected and the dropdown list is closed."},{"stepDescription":"Click the \"Drop-off Date\" calendar input.","testData":[],"expectedResults":"The calendar dialogue is opened."},{"stepDescription":"Click the right triangle icon in calendar dialogue until the specified month and year are displayed as the first ones in the header.","testData":["Drop-off date is 01.03.2026"],"expectedResults":"The calendar dialogue shows the calendar days of the specified month and year."},{"stepDescription":"Click the day number in the calendar.","testData":["Drop-off date is 01.03.2026"],"expectedResults":"The calendar dialogue is closed and the \"Drop-off Date\" input field shows the specified date."},{"stepDescription":"Click the \"Search for Car Rental\" button.","testData":["Total results amount: 18"],"expectedResults":"The page with search results is opened, displaying the heading \u0027Search results\u0027.\nA progress indicator with four stages is displayed above showing \u0027Cars\u0027 stage as the active one.\nA list of available cars is visible with each car listing showing its name (e.g., \u0027HYUNDAI I10 AT\u0027), total price, and price per day.\nThe correct total results amount is displayed.\n"}]}
---------------------------------------------------------------------
14:13:48.468 [main] INFO  org.tarik.ta.core.AgentConfig - Loaded properties from config.properties
14:13:48.470 [main] INFO  org.tarik.ta.core.AgentConfig - Using property file value for key 'port' with value '8005'
14:13:48.472 [main] INFO  org.tarik.ta.core.AgentConfig - Using property file value for key 'unattended.mode' with value 'true'
14:13:48.472 [main] INFO  org.tarik.ta.core.AgentConfig - Using property file value for key 'host' with value 'localhost'
14:13:48.472 [main] INFO  org.tarik.ta.core.AgentConfig - Using default value for key 'external.url'
14:13:48.472 [main] INFO  org.tarik.ta.core.AgentConfig - Using property file value for key 'debug.mode' with value 'false'
14:13:48.473 [main] INFO  org.tarik.ta.core.AgentConfig - Using default value for key 'screenshots.save.folder'
14:13:48.473 [main] INFO  org.tarik.ta.core.AgentConfig - Using property file value for key 'vector.db.provider' with value 'chroma'
14:13:48.474 [main] INFO  org.tarik.ta.core.AgentConfig - Using property file value for key 'vector.db.url' with value 'http://localhost:8020'
14:13:48.474 [main] INFO  org.tarik.ta.core.AgentConfig - Using property file value for key 'retriever.top.n' with value '5'
14:13:48.474 [main] INFO  org.tarik.ta.core.AgentConfig - Using property file value for key 'model.max.output.tokens' with value '8192'
14:13:48.474 [main] INFO  org.tarik.ta.core.AgentConfig - Using property file value for key 'model.temperature' with value '0.0'
14:13:48.475 [main] INFO  org.tarik.ta.core.AgentConfig - Using property file value for key 'model.top.p' with value '1.0'
14:13:48.475 [main] INFO  org.tarik.ta.core.AgentConfig - Using property file value for key 'model.logging.enabled' with value 'false'
14:13:48.475 [main] INFO  org.tarik.ta.core.AgentConfig - Using property file value for key 'thinking.output.enabled' with value 'false'
14:13:48.475 [main] INFO  org.tarik.ta.core.AgentConfig - Using property file value for key 'gemini.thinking.budget' with value '0'
14:13:48.475 [main] INFO  org.tarik.ta.core.AgentConfig - Using property file value for key 'model.max.retries' with value '10'
14:13:48.476 [main] INFO  org.tarik.ta.core.AgentConfig - Using property file value for key 'google.api.provider' with value 'studio_ai'
14:13:48.476 [main] INFO  org.tarik.ta.core.AgentConfig - Using property file value for key 'google.api.token'
14:13:48.476 [main] INFO  org.tarik.ta.core.AgentConfig - Using property file value for key 'google.project' with value 'YOUR_GOOGLE_PROJECT_ID'
14:13:48.476 [main] INFO  org.tarik.ta.core.AgentConfig - Using property file value for key 'google.location' with value 'YOUR_GOOGLE_PROJECT_LOCATION'
14:13:48.476 [main] INFO  org.tarik.ta.core.AgentConfig - Using property file value for key 'azure.openai.api.key'
14:13:48.476 [main] INFO  org.tarik.ta.core.AgentConfig - Using property file value for key 'azure.openai.endpoint' with value 'YOUR_AZURE_OPEN_AI_ENDPOINT_HERE'
14:13:48.476 [main] INFO  org.tarik.ta.core.AgentConfig - Using property file value for key 'groq.api.key'
14:13:48.476 [main] INFO  org.tarik.ta.core.AgentConfig - Using property file value for key 'groq.endpoint' with value 'YOUR_GROQ_ENDPOINT_HERE'
14:13:48.477 [main] INFO  org.tarik.ta.core.AgentConfig - Using property file value for key 'anthropic.api.provider' with value 'vertex_ai'
14:13:48.477 [main] INFO  org.tarik.ta.core.AgentConfig - Using property file value for key 'anthropic.api.key'
14:13:48.477 [main] INFO  org.tarik.ta.core.AgentConfig - Using property file value for key 'anthropic.endpoint' with value 'https://api.anthropic.com/v1/'
14:13:48.477 [main] INFO  org.tarik.ta.core.AgentConfig - Using property file value for key 'test.step.execution.retry.timeout.millis' with value '5000'
14:13:48.477 [main] INFO  org.tarik.ta.core.AgentConfig - Using property file value for key 'test.step.execution.retry.interval.millis' with value '1000'
14:13:48.477 [main] INFO  org.tarik.ta.core.AgentConfig - Using property file value for key 'verification.retry.timeout.millis' with value '10000'
14:13:48.477 [main] INFO  org.tarik.ta.core.AgentConfig - Using property file value for key 'action.verification.delay.millis' with value '500'
14:13:48.477 [main] INFO  org.tarik.ta.core.AgentConfig - Using property file value for key 'max.action.execution.duration.millis' with value '30000'
14:13:48.477 [main] INFO  org.tarik.ta.core.AgentConfig - Using property file value for key 'screen.recording.active' with value 'false'
14:13:48.477 [main] INFO  org.tarik.ta.core.AgentConfig - Using property file value for key 'screen.recording.output.dir' with value './videos'
14:13:48.477 [main] INFO  org.tarik.ta.core.AgentConfig - Using property file value for key 'recording.bit.rate' with value '2000000'
14:13:48.477 [main] INFO  org.tarik.ta.core.AgentConfig - Using property file value for key 'recording.file.format' with value 'mp4'
14:13:48.477 [main] INFO  org.tarik.ta.core.AgentConfig - Using property file value for key 'recording.fps' with value '10'
14:13:48.477 [main] INFO  org.tarik.ta.core.AgentConfig - Using property file value for key 'element.bounding.box.color' with value 'green'
14:13:48.477 [main] INFO  org.tarik.ta.core.AgentConfig - Using property file value for key 'element.retrieval.min.target.score' with value '0.8'
14:13:48.477 [main] INFO  org.tarik.ta.core.AgentConfig - Using property file value for key 'element.retrieval.min.general.score' with value '0.5'
14:13:48.477 [main] INFO  org.tarik.ta.core.AgentConfig - Using default value for key 'element.retrieval.min.page.relevance.score'
14:13:48.477 [main] INFO  org.tarik.ta.core.AgentConfig - Using property file value for key 'element.locator.visual.similarity.threshold' with value '0.8'
14:13:48.477 [main] INFO  org.tarik.ta.core.AgentConfig - Using property file value for key 'element.locator.top.visual.matches' with value '6'
14:13:48.479 [main] INFO  org.tarik.ta.core.AgentConfig - Using property file value for key 'element.locator.found.matches.dimension.deviation.ratio' with value '0.3'
14:13:48.479 [main] INFO  org.tarik.ta.core.AgentConfig - Using property file value for key 'element.locator.visual.grounding.model.vote.count' with value '1'
14:13:48.479 [main] INFO  org.tarik.ta.core.AgentConfig - Using property file value for key 'element.locator.validation.model.vote.count' with value '1'
14:13:48.479 [main] INFO  org.tarik.ta.core.AgentConfig - Using property file value for key 'element.locator.bbox.clustering.min.intersection.ratio' with value '0.9'
14:13:48.479 [main] INFO  org.tarik.ta.core.AgentConfig - Using property file value for key 'element.locator.zoom.scale.factor' with value '1'
14:13:48.479 [main] INFO  org.tarik.ta.core.AgentConfig - Using property file value for key 'bbox.screenshot.longest.allowed.dimension.pixels' with value '1568'
14:13:48.479 [main] INFO  org.tarik.ta.core.AgentConfig - Using property file value for key 'bbox.screenshot.max.size.megapixels' with value '1.15'
14:13:48.479 [main] INFO  org.tarik.ta.core.AgentConfig - Using property file value for key 'bounding.box.already.normalized' with value 'false'
14:13:48.480 [main] INFO  org.tarik.ta.core.AgentConfig - Using property file value for key 'element.locator.algorithmic.search.enabled' with value 'false'
14:13:48.480 [main] INFO  org.tarik.ta.core.AgentConfig - Using property file value for key 'dialog.default.horizontal.gap' with value '10'
14:13:48.480 [main] INFO  org.tarik.ta.core.AgentConfig - Using property file value for key 'dialog.default.vertical.gap' with value '10'
14:13:48.480 [main] INFO  org.tarik.ta.core.AgentConfig - Using property file value for key 'dialog.default.font.type' with value 'Dialog'
14:13:48.480 [main] INFO  org.tarik.ta.core.AgentConfig - Using property file value for key 'dialog.default.font.size' with value '13'
14:13:48.480 [main] INFO  org.tarik.ta.core.AgentConfig - Using property file value for key 'dialog.hover.as.click' with value 'false'
14:13:48.480 [main] INFO  org.tarik.ta.core.AgentConfig - Using property file value for key 'prefetching.enabled' with value 'false'
14:13:48.481 [main] INFO  org.tarik.ta.core.AgentConfig - Using property file value for key 'agent.token.budget' with value '1000000'
14:13:48.481 [main] INFO  org.tarik.ta.core.AgentConfig - Using property file value for key 'agent.tool.calls.budget.attended' with value '100'
14:13:48.481 [main] INFO  org.tarik.ta.core.AgentConfig - Using property file value for key 'agent.tool.calls.budget.unattended' with value '5'
14:13:48.481 [main] INFO  org.tarik.ta.core.AgentConfig - Using property file value for key 'agent.execution.time.budget.seconds' with value '3000'
14:13:48.481 [main] INFO  org.tarik.ta.core.AgentConfig - Using property file value for key 'precondition.agent.model.name' with value 'gemini-2.5-flash'
14:13:48.482 [main] INFO  org.tarik.ta.core.AgentConfig - Using property file value for key 'precondition.agent.model.provider' with value 'google'
14:13:48.483 [main] INFO  org.tarik.ta.core.AgentConfig - Using property file value for key 'precondition.agent.prompt.version' with value 'v1.0.0'
14:13:48.483 [main] INFO  org.tarik.ta.core.AgentConfig - Using property file value for key 'precondition.verification.agent.model.name' with value 'gemini-2.5-flash'
14:13:48.483 [main] INFO  org.tarik.ta.core.AgentConfig - Using property file value for key 'precondition.verification.agent.model.provider' with value 'google'
14:13:48.483 [main] INFO  org.tarik.ta.core.AgentConfig - Using property file value for key 'precondition.verification.agent.prompt.version' with value 'v1.0.0'
14:13:48.484 [main] INFO  org.tarik.ta.core.AgentConfig - Using property file value for key 'test.step.action.agent.model.name' with value 'gemini-2.5-flash'
14:13:48.484 [main] INFO  org.tarik.ta.core.AgentConfig - Using property file value for key 'test.step.action.agent.model.provider' with value 'google'
14:13:48.484 [main] INFO  org.tarik.ta.core.AgentConfig - Using property file value for key 'test.step.action.agent.prompt.version' with value 'v1.0.0'
14:13:48.484 [main] INFO  org.tarik.ta.core.AgentConfig - Using property file value for key 'test.step.verification.agent.model.name' with value 'gemini-2.5-flash'
14:13:48.484 [main] INFO  org.tarik.ta.core.AgentConfig - Using property file value for key 'test.step.verification.agent.model.provider' with value 'google'
14:13:48.484 [main] INFO  org.tarik.ta.core.AgentConfig - Using property file value for key 'test.step.verification.agent.prompt.version' with value 'v1.0.0'
14:13:48.484 [main] INFO  org.tarik.ta.core.AgentConfig - Using property file value for key 'test.case.extraction.agent.model.name' with value 'gemini-2.5-flash'
14:13:48.484 [main] INFO  org.tarik.ta.core.AgentConfig - Using property file value for key 'test.case.extraction.agent.model.provider' with value 'google'
14:13:48.484 [main] INFO  org.tarik.ta.core.AgentConfig - Using property file value for key 'test.case.extraction.agent.prompt.version' with value 'v1.0.0'
14:13:48.484 [main] INFO  org.tarik.ta.core.AgentConfig - Using property file value for key 'ui.element.description.agent.model.name' with value 'claude-sonnet-4-5-20250929'
14:13:48.486 [main] INFO  org.tarik.ta.core.AgentConfig - Using property file value for key 'ui.element.description.agent.model.provider' with value 'anthropic'
14:13:48.486 [main] INFO  org.tarik.ta.core.AgentConfig - Using property file value for key 'ui.element.description.agent.prompt.version' with value 'v1.0.0'
14:13:48.486 [main] INFO  org.tarik.ta.core.AgentConfig - Using property file value for key 'ui.state.check.agent.model.name' with value 'gemini-2.5-flash'
14:13:48.486 [main] INFO  org.tarik.ta.core.AgentConfig - Using property file value for key 'ui.state.check.agent.model.provider' with value 'google'
14:13:48.486 [main] INFO  org.tarik.ta.core.AgentConfig - Using property file value for key 'ui.state.check.agent.prompt.version' with value 'v1.0.0'
14:13:48.486 [main] INFO  org.tarik.ta.core.AgentConfig - Using property file value for key 'element.bounding.box.agent.model.name' with value 'claude-sonnet-4-5-20250929'
14:13:48.486 [main] INFO  org.tarik.ta.core.AgentConfig - Using property file value for key 'element.bounding.box.agent.model.provider' with value 'anthropic'
14:13:48.487 [main] INFO  org.tarik.ta.core.AgentConfig - Using property file value for key 'element.bounding.box.agent.prompt.version' with value 'v1.0.0'
14:13:48.487 [main] INFO  org.tarik.ta.core.AgentConfig - Using property file value for key 'element.selection.agent.model.name' with value 'gemini-2.5-flash'
14:13:48.487 [main] INFO  org.tarik.ta.core.AgentConfig - Using property file value for key 'element.selection.agent.model.provider' with value 'google'
14:13:48.487 [main] INFO  org.tarik.ta.core.AgentConfig - Using property file value for key 'element.selection.agent.prompt.version' with value 'v1.0.0'
14:13:48.487 [main] INFO  org.tarik.ta.core.AgentConfig - Using property file value for key 'page.description.agent.model.name' with value 'gemini-2.5-flash'
14:13:48.487 [main] INFO  org.tarik.ta.core.AgentConfig - Using property file value for key 'page.description.agent.model.provider' with value 'google'
14:13:48.487 [main] INFO  org.tarik.ta.core.AgentConfig - Using property file value for key 'page.description.agent.prompt.version' with value 'v1.0.0'
14:13:48.678 [main] ERROR o.tarik.ta.core.agents.BaseAiAgent - Error executing agent action
java.lang.RuntimeException: Simulated error
	at org.tarik.ta.agents.PreconditionActionAgentTest.lambda$shouldHandleFailedExecution$2(PreconditionActionAgentTest.java:49)
	at org.tarik.ta.core.agents.BaseAiAgent.executeAndGetResult(BaseAiAgent.java:42)
	at org.tarik.ta.agents.PreconditionActionAgentTest.shouldHandleFailedExecution(PreconditionActionAgentTest.java:48)
	at java.base/jdk.internal.reflect.DirectMethodHandleAccessor.invoke(DirectMethodHandleAccessor.java:104)
	at java.base/java.lang.reflect.Method.invoke(Method.java:565)
	at org.junit.platform.commons.util.ReflectionUtils.invokeMethod(ReflectionUtils.java:775)
	at org.junit.platform.commons.support.ReflectionSupport.invokeMethod(ReflectionSupport.java:479)
	at org.junit.jupiter.engine.execution.MethodInvocation.proceed(MethodInvocation.java:60)
	at org.junit.jupiter.engine.execution.InvocationInterceptorChain$ValidatingInvocation.proceed(InvocationInterceptorChain.java:131)
	at org.junit.jupiter.engine.extension.TimeoutExtension.intercept(TimeoutExtension.java:161)
	at org.junit.jupiter.engine.extension.TimeoutExtension.interceptTestableMethod(TimeoutExtension.java:152)
	at org.junit.jupiter.engine.extension.TimeoutExtension.interceptTestMethod(TimeoutExtension.java:91)
	at org.junit.jupiter.engine.execution.InterceptingExecutableInvoker$ReflectiveInterceptorCall.lambda$ofVoidMethod$0(InterceptingExecutableInvoker.java:112)
	at org.junit.jupiter.engine.execution.InterceptingExecutableInvoker.lambda$invoke$0(InterceptingExecutableInvoker.java:94)
	at org.junit.jupiter.engine.execution.InvocationInterceptorChain$InterceptedInvocation.proceed(InvocationInterceptorChain.java:106)
	at org.junit.jupiter.engine.execution.InvocationInterceptorChain.proceed(InvocationInterceptorChain.java:64)
	at org.junit.jupiter.engine.execution.InvocationInterceptorChain.chainAndInvoke(InvocationInterceptorChain.java:45)
	at org.junit.jupiter.engine.execution.InvocationInterceptorChain.invoke(InvocationInterceptorChain.java:37)
	at org.junit.jupiter.engine.execution.InterceptingExecutableInvoker.invoke(InterceptingExecutableInvoker.java:93)
	at org.junit.jupiter.engine.execution.InterceptingExecutableInvoker.invoke(InterceptingExecutableInvoker.java:87)
	at org.junit.jupiter.engine.descriptor.TestMethodTestDescriptor.lambda$invokeTestMethod$7(TestMethodTestDescriptor.java:216)
	at org.junit.platform.engine.support.hierarchical.ThrowableCollector.execute(ThrowableCollector.java:73)
	at org.junit.jupiter.engine.descriptor.TestMethodTestDescriptor.invokeTestMethod(TestMethodTestDescriptor.java:212)
	at org.junit.jupiter.engine.descriptor.TestMethodTestDescriptor.execute(TestMethodTestDescriptor.java:137)
	at org.junit.jupiter.engine.descriptor.TestMethodTestDescriptor.execute(TestMethodTestDescriptor.java:69)
	at org.junit.platform.engine.support.hierarchical.NodeTestTask.lambda$executeRecursively$6(NodeTestTask.java:156)
	at org.junit.platform.engine.support.hierarchical.ThrowableCollector.execute(ThrowableCollector.java:73)
	at org.junit.platform.engine.support.hierarchical.NodeTestTask.lambda$executeRecursively$8(NodeTestTask.java:146)
	at org.junit.platform.engine.support.hierarchical.Node.around(Node.java:137)
	at org.junit.platform.engine.support.hierarchical.NodeTestTask.lambda$executeRecursively$9(NodeTestTask.java:144)
	at org.junit.platform.engine.support.hierarchical.ThrowableCollector.execute(ThrowableCollector.java:73)
	at org.junit.platform.engine.support.hierarchical.NodeTestTask.executeRecursively(NodeTestTask.java:143)
	at org.junit.platform.engine.support.hierarchical.NodeTestTask.execute(NodeTestTask.java:100)
	at java.base/java.util.ArrayList.forEach(ArrayList.java:1604)
	at org.junit.platform.engine.support.hierarchical.SameThreadHierarchicalTestExecutorService.invokeAll(SameThreadHierarchicalTestExecutorService.java:41)
	at org.junit.platform.engine.support.hierarchical.NodeTestTask.lambda$executeRecursively$6(NodeTestTask.java:160)
	at org.junit.platform.engine.support.hierarchical.ThrowableCollector.execute(ThrowableCollector.java:73)
	at org.junit.platform.engine.support.hierarchical.NodeTestTask.lambda$executeRecursively$8(NodeTestTask.java:146)
	at org.junit.platform.engine.support.hierarchical.Node.around(Node.java:137)
	at org.junit.platform.engine.support.hierarchical.NodeTestTask.lambda$executeRecursively$9(NodeTestTask.java:144)
	at org.junit.platform.engine.support.hierarchical.ThrowableCollector.execute(ThrowableCollector.java:73)
	at org.junit.platform.engine.support.hierarchical.NodeTestTask.executeRecursively(NodeTestTask.java:143)
	at org.junit.platform.engine.support.hierarchical.NodeTestTask.execute(NodeTestTask.java:100)
	at java.base/java.util.ArrayList.forEach(ArrayList.java:1604)
	at org.junit.platform.engine.support.hierarchical.SameThreadHierarchicalTestExecutorService.invokeAll(SameThreadHierarchicalTestExecutorService.java:41)
	at org.junit.platform.engine.support.hierarchical.NodeTestTask.lambda$executeRecursively$6(NodeTestTask.java:160)
	at org.junit.platform.engine.support.hierarchical.ThrowableCollector.execute(ThrowableCollector.java:73)
	at org.junit.platform.engine.support.hierarchical.NodeTestTask.lambda$executeRecursively$8(NodeTestTask.java:146)
	at org.junit.platform.engine.support.hierarchical.Node.around(Node.java:137)
	at org.junit.platform.engine.support.hierarchical.NodeTestTask.lambda$executeRecursively$9(NodeTestTask.java:144)
	at org.junit.platform.engine.support.hierarchical.ThrowableCollector.execute(ThrowableCollector.java:73)
	at org.junit.platform.engine.support.hierarchical.NodeTestTask.executeRecursively(NodeTestTask.java:143)
	at org.junit.platform.engine.support.hierarchical.NodeTestTask.execute(NodeTestTask.java:100)
	at org.junit.platform.engine.support.hierarchical.SameThreadHierarchicalTestExecutorService.submit(SameThreadHierarchicalTestExecutorService.java:35)
	at org.junit.platform.engine.support.hierarchical.HierarchicalTestExecutor.execute(HierarchicalTestExecutor.java:57)
	at org.junit.platform.engine.support.hierarchical.HierarchicalTestEngine.execute(HierarchicalTestEngine.java:54)
	at org.junit.platform.launcher.core.EngineExecutionOrchestrator.execute(EngineExecutionOrchestrator.java:201)
	at org.junit.platform.launcher.core.EngineExecutionOrchestrator.execute(EngineExecutionOrchestrator.java:170)
	at org.junit.platform.launcher.core.EngineExecutionOrchestrator.execute(EngineExecutionOrchestrator.java:94)
	at org.junit.platform.launcher.core.EngineExecutionOrchestrator.lambda$execute$0(EngineExecutionOrchestrator.java:59)
	at org.junit.platform.launcher.core.EngineExecutionOrchestrator.withInterceptedStreams(EngineExecutionOrchestrator.java:142)
	at org.junit.platform.launcher.core.EngineExecutionOrchestrator.execute(EngineExecutionOrchestrator.java:58)
	at org.junit.platform.launcher.core.DefaultLauncher.execute(DefaultLauncher.java:103)
	at org.junit.platform.launcher.core.DefaultLauncher.execute(DefaultLauncher.java:85)
	at org.junit.platform.launcher.core.DelegatingLauncher.execute(DelegatingLauncher.java:47)
	at org.junit.platform.launcher.core.InterceptingLauncher.lambda$execute$1(InterceptingLauncher.java:39)
	at org.junit.platform.launcher.core.ClasspathAlignmentCheckingLauncherInterceptor.intercept(ClasspathAlignmentCheckingLauncherInterceptor.java:25)
	at org.junit.platform.launcher.core.InterceptingLauncher.execute(InterceptingLauncher.java:38)
	at org.junit.platform.launcher.core.DelegatingLauncher.execute(DelegatingLauncher.java:47)
	at org.junit.platform.launcher.core.SessionPerRequestLauncher.execute(SessionPerRequestLauncher.java:63)
	at com.intellij.junit5.JUnit5IdeaTestRunner.startRunnerWithArgs(JUnit5IdeaTestRunner.java:66)
	at com.intellij.rt.junit.IdeaTestRunner$Repeater$1.execute(IdeaTestRunner.java:38)
	at com.intellij.rt.execution.junit.TestsRepeater.repeat(TestsRepeater.java:11)
	at com.intellij.rt.junit.IdeaTestRunner$Repeater.startRunnerWithArgs(IdeaTestRunner.java:35)
	at com.intellij.rt.junit.JUnitStarter.prepareStreamsAndStart(JUnitStarter.java:237)
	at com.intellij.rt.junit.JUnitStarter.main(JUnitStarter.java:58)
14:13:48.859 [main] ERROR o.tarik.ta.core.agents.BaseAiAgent - Error executing agent action
java.lang.RuntimeException: Verification error
	at org.tarik.ta.agents.TestStepVerificationAgentUiTest.lambda$shouldHandleFailedVerificationExecution$0(TestStepVerificationAgentUiTest.java:56)
	at org.tarik.ta.core.agents.BaseAiAgent.executeAndGetResult(BaseAiAgent.java:42)
	at java.base/java.lang.invoke.MethodHandle.invokeWithArguments(MethodHandle.java:735)
	at org.mockito.internal.util.reflection.InstrumentationMemberAccessor$Dispatcher$ByteBuddy$US34j6gb.invokeWithArguments(Unknown Source)
	at org.mockito.internal.util.reflection.InstrumentationMemberAccessor.invoke(InstrumentationMemberAccessor.java:265)
	at org.mockito.internal.util.reflection.ModuleMemberAccessor.invoke(ModuleMemberAccessor.java:55)
	at org.mockito.internal.creation.bytebuddy.MockMethodAdvice.tryInvoke(MockMethodAdvice.java:316)
	at org.mockito.internal.creation.bytebuddy.MockMethodAdvice$RealMethodCall.invoke(MockMethodAdvice.java:236)
	at org.mockito.internal.invocation.InterceptedInvocation.callRealMethod(InterceptedInvocation.java:142)
	at org.mockito.internal.stubbing.answers.CallsRealMethods.answer(CallsRealMethods.java:45)
	at org.mockito.internal.stubbing.StubbedInvocationMatcher.answer(StubbedInvocationMatcher.java:42)
	at org.mockito.internal.handler.MockHandlerImpl.handle(MockHandlerImpl.java:103)
	at org.mockito.internal.handler.NullResultGuardian.handle(NullResultGuardian.java:29)
	at org.mockito.internal.handler.InvocationNotifierHandler.handle(InvocationNotifierHandler.java:34)
	at org.mockito.internal.creation.bytebuddy.access.MockMethodInterceptor.doIntercept(MockMethodInterceptor.java:84)
	at org.mockito.internal.creation.bytebuddy.MockMethodAdvice.handle(MockMethodAdvice.java:136)
	at org.tarik.ta.core.agents.BaseAiAgent.executeAndGetResult(BaseAiAgent.java:40)
	at org.tarik.ta.agents.TestStepVerificationAgentUiTest.shouldHandleFailedVerificationExecution(TestStepVerificationAgentUiTest.java:55)
	at java.base/jdk.internal.reflect.DirectMethodHandleAccessor.invoke(DirectMethodHandleAccessor.java:104)
	at java.base/java.lang.reflect.Method.invoke(Method.java:565)
	at org.junit.platform.commons.util.ReflectionUtils.invokeMethod(ReflectionUtils.java:775)
	at org.junit.platform.commons.support.ReflectionSupport.invokeMethod(ReflectionSupport.java:479)
	at org.junit.jupiter.engine.execution.MethodInvocation.proceed(MethodInvocation.java:60)
	at org.junit.jupiter.engine.execution.InvocationInterceptorChain$ValidatingInvocation.proceed(InvocationInterceptorChain.java:131)
	at org.junit.jupiter.engine.extension.TimeoutExtension.intercept(TimeoutExtension.java:161)
	at org.junit.jupiter.engine.extension.TimeoutExtension.interceptTestableMethod(TimeoutExtension.java:152)
	at org.junit.jupiter.engine.extension.TimeoutExtension.interceptTestMethod(TimeoutExtension.java:91)
	at org.junit.jupiter.engine.execution.InterceptingExecutableInvoker$ReflectiveInterceptorCall.lambda$ofVoidMethod$0(InterceptingExecutableInvoker.java:112)
	at org.junit.jupiter.engine.execution.InterceptingExecutableInvoker.lambda$invoke$0(InterceptingExecutableInvoker.java:94)
	at org.junit.jupiter.engine.execution.InvocationInterceptorChain$InterceptedInvocation.proceed(InvocationInterceptorChain.java:106)
	at org.junit.jupiter.engine.execution.InvocationInterceptorChain.proceed(InvocationInterceptorChain.java:64)
	at org.junit.jupiter.engine.execution.InvocationInterceptorChain.chainAndInvoke(InvocationInterceptorChain.java:45)
	at org.junit.jupiter.engine.execution.InvocationInterceptorChain.invoke(InvocationInterceptorChain.java:37)
	at org.junit.jupiter.engine.execution.InterceptingExecutableInvoker.invoke(InterceptingExecutableInvoker.java:93)
	at org.junit.jupiter.engine.execution.InterceptingExecutableInvoker.invoke(InterceptingExecutableInvoker.java:87)
	at org.junit.jupiter.engine.descriptor.TestMethodTestDescriptor.lambda$invokeTestMethod$7(TestMethodTestDescriptor.java:216)
	at org.junit.platform.engine.support.hierarchical.ThrowableCollector.execute(ThrowableCollector.java:73)
	at org.junit.jupiter.engine.descriptor.TestMethodTestDescriptor.invokeTestMethod(TestMethodTestDescriptor.java:212)
	at org.junit.jupiter.engine.descriptor.TestMethodTestDescriptor.execute(TestMethodTestDescriptor.java:137)
	at org.junit.jupiter.engine.descriptor.TestMethodTestDescriptor.execute(TestMethodTestDescriptor.java:69)
	at org.junit.platform.engine.support.hierarchical.NodeTestTask.lambda$executeRecursively$6(NodeTestTask.java:156)
	at org.junit.platform.engine.support.hierarchical.ThrowableCollector.execute(ThrowableCollector.java:73)
	at org.junit.platform.engine.support.hierarchical.NodeTestTask.lambda$executeRecursively$8(NodeTestTask.java:146)
	at org.junit.platform.engine.support.hierarchical.Node.around(Node.java:137)
	at org.junit.platform.engine.support.hierarchical.NodeTestTask.lambda$executeRecursively$9(NodeTestTask.java:144)
	at org.junit.platform.engine.support.hierarchical.ThrowableCollector.execute(ThrowableCollector.java:73)
	at org.junit.platform.engine.support.hierarchical.NodeTestTask.executeRecursively(NodeTestTask.java:143)
	at org.junit.platform.engine.support.hierarchical.NodeTestTask.execute(NodeTestTask.java:100)
	at java.base/java.util.ArrayList.forEach(ArrayList.java:1604)
	at org.junit.platform.engine.support.hierarchical.SameThreadHierarchicalTestExecutorService.invokeAll(SameThreadHierarchicalTestExecutorService.java:41)
	at org.junit.platform.engine.support.hierarchical.NodeTestTask.lambda$executeRecursively$6(NodeTestTask.java:160)
	at org.junit.platform.engine.support.hierarchical.ThrowableCollector.execute(ThrowableCollector.java:73)
	at org.junit.platform.engine.support.hierarchical.NodeTestTask.lambda$executeRecursively$8(NodeTestTask.java:146)
	at org.junit.platform.engine.support.hierarchical.Node.around(Node.java:137)
	at org.junit.platform.engine.support.hierarchical.NodeTestTask.lambda$executeRecursively$9(NodeTestTask.java:144)
	at org.junit.platform.engine.support.hierarchical.ThrowableCollector.execute(ThrowableCollector.java:73)
	at org.junit.platform.engine.support.hierarchical.NodeTestTask.executeRecursively(NodeTestTask.java:143)
	at org.junit.platform.engine.support.hierarchical.NodeTestTask.execute(NodeTestTask.java:100)
	at java.base/java.util.ArrayList.forEach(ArrayList.java:1604)
	at org.junit.platform.engine.support.hierarchical.SameThreadHierarchicalTestExecutorService.invokeAll(SameThreadHierarchicalTestExecutorService.java:41)
	at org.junit.platform.engine.support.hierarchical.NodeTestTask.lambda$executeRecursively$6(NodeTestTask.java:160)
	at org.junit.platform.engine.support.hierarchical.ThrowableCollector.execute(ThrowableCollector.java:73)
	at org.junit.platform.engine.support.hierarchical.NodeTestTask.lambda$executeRecursively$8(NodeTestTask.java:146)
	at org.junit.platform.engine.support.hierarchical.Node.around(Node.java:137)
	at org.junit.platform.engine.support.hierarchical.NodeTestTask.lambda$executeRecursively$9(NodeTestTask.java:144)
	at org.junit.platform.engine.support.hierarchical.ThrowableCollector.execute(ThrowableCollector.java:73)
	at org.junit.platform.engine.support.hierarchical.NodeTestTask.executeRecursively(NodeTestTask.java:143)
	at org.junit.platform.engine.support.hierarchical.NodeTestTask.execute(NodeTestTask.java:100)
	at org.junit.platform.engine.support.hierarchical.SameThreadHierarchicalTestExecutorService.submit(SameThreadHierarchicalTestExecutorService.java:35)
	at org.junit.platform.engine.support.hierarchical.HierarchicalTestExecutor.execute(HierarchicalTestExecutor.java:57)
	at org.junit.platform.engine.support.hierarchical.HierarchicalTestEngine.execute(HierarchicalTestEngine.java:54)
	at org.junit.platform.launcher.core.EngineExecutionOrchestrator.execute(EngineExecutionOrchestrator.java:201)
	at org.junit.platform.launcher.core.EngineExecutionOrchestrator.execute(EngineExecutionOrchestrator.java:170)
	at org.junit.platform.launcher.core.EngineExecutionOrchestrator.execute(EngineExecutionOrchestrator.java:94)
	at org.junit.platform.launcher.core.EngineExecutionOrchestrator.lambda$execute$0(EngineExecutionOrchestrator.java:59)
	at org.junit.platform.launcher.core.EngineExecutionOrchestrator.withInterceptedStreams(EngineExecutionOrchestrator.java:142)
	at org.junit.platform.launcher.core.EngineExecutionOrchestrator.execute(EngineExecutionOrchestrator.java:58)
	at org.junit.platform.launcher.core.DefaultLauncher.execute(DefaultLauncher.java:103)
	at org.junit.platform.launcher.core.DefaultLauncher.execute(DefaultLauncher.java:85)
	at org.junit.platform.launcher.core.DelegatingLauncher.execute(DelegatingLauncher.java:47)
	at org.junit.platform.launcher.core.InterceptingLauncher.lambda$execute$1(InterceptingLauncher.java:39)
	at org.junit.platform.launcher.core.ClasspathAlignmentCheckingLauncherInterceptor.intercept(ClasspathAlignmentCheckingLauncherInterceptor.java:25)
	at org.junit.platform.launcher.core.InterceptingLauncher.execute(InterceptingLauncher.java:38)
	at org.junit.platform.launcher.core.DelegatingLauncher.execute(DelegatingLauncher.java:47)
	at org.junit.platform.launcher.core.SessionPerRequestLauncher.execute(SessionPerRequestLauncher.java:63)
	at com.intellij.junit5.JUnit5IdeaTestRunner.startRunnerWithArgs(JUnit5IdeaTestRunner.java:66)
	at com.intellij.rt.junit.IdeaTestRunner$Repeater$1.execute(IdeaTestRunner.java:38)
	at com.intellij.rt.execution.junit.TestsRepeater.repeat(TestsRepeater.java:11)
	at com.intellij.rt.junit.IdeaTestRunner$Repeater.startRunnerWithArgs(IdeaTestRunner.java:35)
	at com.intellij.rt.junit.JUnitStarter.prepareStreamsAndStart(JUnitStarter.java:237)
	at com.intellij.rt.junit.JUnitStarter.main(JUnitStarter.java:58)
14:13:49.707 [main] ERROR o.tarik.ta.core.agents.BaseAiAgent - Error executing agent action
java.lang.RuntimeException: Action execution error
	at org.tarik.ta.agents.TestStepActionAgentUiTest.lambda$shouldHandleFailedExecution$0(TestStepActionAgentUiTest.java:57)
	at org.tarik.ta.core.agents.BaseAiAgent.executeAndGetResult(BaseAiAgent.java:42)
	at java.base/java.lang.invoke.MethodHandle.invokeWithArguments(MethodHandle.java:735)
	at org.mockito.internal.util.reflection.InstrumentationMemberAccessor$Dispatcher$ByteBuddy$US34j6gb.invokeWithArguments(Unknown Source)
	at org.mockito.internal.util.reflection.InstrumentationMemberAccessor.invoke(InstrumentationMemberAccessor.java:265)
	at org.mockito.internal.util.reflection.ModuleMemberAccessor.invoke(ModuleMemberAccessor.java:55)
	at org.mockito.internal.creation.bytebuddy.MockMethodAdvice.tryInvoke(MockMethodAdvice.java:316)
	at org.mockito.internal.creation.bytebuddy.MockMethodAdvice$RealMethodCall.invoke(MockMethodAdvice.java:236)
	at org.mockito.internal.invocation.InterceptedInvocation.callRealMethod(InterceptedInvocation.java:142)
	at org.mockito.internal.stubbing.answers.CallsRealMethods.answer(CallsRealMethods.java:45)
	at org.mockito.internal.stubbing.StubbedInvocationMatcher.answer(StubbedInvocationMatcher.java:42)
	at org.mockito.internal.handler.MockHandlerImpl.handle(MockHandlerImpl.java:103)
	at org.mockito.internal.handler.NullResultGuardian.handle(NullResultGuardian.java:29)
	at org.mockito.internal.handler.InvocationNotifierHandler.handle(InvocationNotifierHandler.java:34)
	at org.mockito.internal.creation.bytebuddy.access.MockMethodInterceptor.doIntercept(MockMethodInterceptor.java:84)
	at org.mockito.internal.creation.bytebuddy.MockMethodAdvice.handle(MockMethodAdvice.java:136)
	at org.tarik.ta.core.agents.BaseAiAgent.executeAndGetResult(BaseAiAgent.java:40)
	at org.tarik.ta.agents.TestStepActionAgentUiTest.shouldHandleFailedExecution(TestStepActionAgentUiTest.java:56)
	at java.base/jdk.internal.reflect.DirectMethodHandleAccessor.invoke(DirectMethodHandleAccessor.java:104)
	at java.base/java.lang.reflect.Method.invoke(Method.java:565)
	at org.junit.platform.commons.util.ReflectionUtils.invokeMethod(ReflectionUtils.java:775)
	at org.junit.platform.commons.support.ReflectionSupport.invokeMethod(ReflectionSupport.java:479)
	at org.junit.jupiter.engine.execution.MethodInvocation.proceed(MethodInvocation.java:60)
	at org.junit.jupiter.engine.execution.InvocationInterceptorChain$ValidatingInvocation.proceed(InvocationInterceptorChain.java:131)
	at org.junit.jupiter.engine.extension.TimeoutExtension.intercept(TimeoutExtension.java:161)
	at org.junit.jupiter.engine.extension.TimeoutExtension.interceptTestableMethod(TimeoutExtension.java:152)
	at org.junit.jupiter.engine.extension.TimeoutExtension.interceptTestMethod(TimeoutExtension.java:91)
	at org.junit.jupiter.engine.execution.InterceptingExecutableInvoker$ReflectiveInterceptorCall.lambda$ofVoidMethod$0(InterceptingExecutableInvoker.java:112)
	at org.junit.jupiter.engine.execution.InterceptingExecutableInvoker.lambda$invoke$0(InterceptingExecutableInvoker.java:94)
	at org.junit.jupiter.engine.execution.InvocationInterceptorChain$InterceptedInvocation.proceed(InvocationInterceptorChain.java:106)
	at org.junit.jupiter.engine.execution.InvocationInterceptorChain.proceed(InvocationInterceptorChain.java:64)
	at org.junit.jupiter.engine.execution.InvocationInterceptorChain.chainAndInvoke(InvocationInterceptorChain.java:45)
	at org.junit.jupiter.engine.execution.InvocationInterceptorChain.invoke(InvocationInterceptorChain.java:37)
	at org.junit.jupiter.engine.execution.InterceptingExecutableInvoker.invoke(InterceptingExecutableInvoker.java:93)
	at org.junit.jupiter.engine.execution.InterceptingExecutableInvoker.invoke(InterceptingExecutableInvoker.java:87)
	at org.junit.jupiter.engine.descriptor.TestMethodTestDescriptor.lambda$invokeTestMethod$7(TestMethodTestDescriptor.java:216)
	at org.junit.platform.engine.support.hierarchical.ThrowableCollector.execute(ThrowableCollector.java:73)
	at org.junit.jupiter.engine.descriptor.TestMethodTestDescriptor.invokeTestMethod(TestMethodTestDescriptor.java:212)
	at org.junit.jupiter.engine.descriptor.TestMethodTestDescriptor.execute(TestMethodTestDescriptor.java:137)
	at org.junit.jupiter.engine.descriptor.TestMethodTestDescriptor.execute(TestMethodTestDescriptor.java:69)
	at org.junit.platform.engine.support.hierarchical.NodeTestTask.lambda$executeRecursively$6(NodeTestTask.java:156)
	at org.junit.platform.engine.support.hierarchical.ThrowableCollector.execute(ThrowableCollector.java:73)
	at org.junit.platform.engine.support.hierarchical.NodeTestTask.lambda$executeRecursively$8(NodeTestTask.java:146)
	at org.junit.platform.engine.support.hierarchical.Node.around(Node.java:137)
	at org.junit.platform.engine.support.hierarchical.NodeTestTask.lambda$executeRecursively$9(NodeTestTask.java:144)
	at org.junit.platform.engine.support.hierarchical.ThrowableCollector.execute(ThrowableCollector.java:73)
	at org.junit.platform.engine.support.hierarchical.NodeTestTask.executeRecursively(NodeTestTask.java:143)
	at org.junit.platform.engine.support.hierarchical.NodeTestTask.execute(NodeTestTask.java:100)
	at java.base/java.util.ArrayList.forEach(ArrayList.java:1604)
	at org.junit.platform.engine.support.hierarchical.SameThreadHierarchicalTestExecutorService.invokeAll(SameThreadHierarchicalTestExecutorService.java:41)
	at org.junit.platform.engine.support.hierarchical.NodeTestTask.lambda$executeRecursively$6(NodeTestTask.java:160)
	at org.junit.platform.engine.support.hierarchical.ThrowableCollector.execute(ThrowableCollector.java:73)
	at org.junit.platform.engine.support.hierarchical.NodeTestTask.lambda$executeRecursively$8(NodeTestTask.java:146)
	at org.junit.platform.engine.support.hierarchical.Node.around(Node.java:137)
	at org.junit.platform.engine.support.hierarchical.NodeTestTask.lambda$executeRecursively$9(NodeTestTask.java:144)
	at org.junit.platform.engine.support.hierarchical.ThrowableCollector.execute(ThrowableCollector.java:73)
	at org.junit.platform.engine.support.hierarchical.NodeTestTask.executeRecursively(NodeTestTask.java:143)
	at org.junit.platform.engine.support.hierarchical.NodeTestTask.execute(NodeTestTask.java:100)
	at java.base/java.util.ArrayList.forEach(ArrayList.java:1604)
	at org.junit.platform.engine.support.hierarchical.SameThreadHierarchicalTestExecutorService.invokeAll(SameThreadHierarchicalTestExecutorService.java:41)
	at org.junit.platform.engine.support.hierarchical.NodeTestTask.lambda$executeRecursively$6(NodeTestTask.java:160)
	at org.junit.platform.engine.support.hierarchical.ThrowableCollector.execute(ThrowableCollector.java:73)
	at org.junit.platform.engine.support.hierarchical.NodeTestTask.lambda$executeRecursively$8(NodeTestTask.java:146)
	at org.junit.platform.engine.support.hierarchical.Node.around(Node.java:137)
	at org.junit.platform.engine.support.hierarchical.NodeTestTask.lambda$executeRecursively$9(NodeTestTask.java:144)
	at org.junit.platform.engine.support.hierarchical.ThrowableCollector.execute(ThrowableCollector.java:73)
	at org.junit.platform.engine.support.hierarchical.NodeTestTask.executeRecursively(NodeTestTask.java:143)
	at org.junit.platform.engine.support.hierarchical.NodeTestTask.execute(NodeTestTask.java:100)
	at org.junit.platform.engine.support.hierarchical.SameThreadHierarchicalTestExecutorService.submit(SameThreadHierarchicalTestExecutorService.java:35)
	at org.junit.platform.engine.support.hierarchical.HierarchicalTestExecutor.execute(HierarchicalTestExecutor.java:57)
	at org.junit.platform.engine.support.hierarchical.HierarchicalTestEngine.execute(HierarchicalTestEngine.java:54)
	at org.junit.platform.launcher.core.EngineExecutionOrchestrator.execute(EngineExecutionOrchestrator.java:201)
	at org.junit.platform.launcher.core.EngineExecutionOrchestrator.execute(EngineExecutionOrchestrator.java:170)
	at org.junit.platform.launcher.core.EngineExecutionOrchestrator.execute(EngineExecutionOrchestrator.java:94)
	at org.junit.platform.launcher.core.EngineExecutionOrchestrator.lambda$execute$0(EngineExecutionOrchestrator.java:59)
	at org.junit.platform.launcher.core.EngineExecutionOrchestrator.withInterceptedStreams(EngineExecutionOrchestrator.java:142)
	at org.junit.platform.launcher.core.EngineExecutionOrchestrator.execute(EngineExecutionOrchestrator.java:58)
	at org.junit.platform.launcher.core.DefaultLauncher.execute(DefaultLauncher.java:103)
	at org.junit.platform.launcher.core.DefaultLauncher.execute(DefaultLauncher.java:85)
	at org.junit.platform.launcher.core.DelegatingLauncher.execute(DelegatingLauncher.java:47)
	at org.junit.platform.launcher.core.InterceptingLauncher.lambda$execute$1(InterceptingLauncher.java:39)
	at org.junit.platform.launcher.core.ClasspathAlignmentCheckingLauncherInterceptor.intercept(ClasspathAlignmentCheckingLauncherInterceptor.java:25)
	at org.junit.platform.launcher.core.InterceptingLauncher.execute(InterceptingLauncher.java:38)
	at org.junit.platform.launcher.core.DelegatingLauncher.execute(DelegatingLauncher.java:47)
	at org.junit.platform.launcher.core.SessionPerRequestLauncher.execute(SessionPerRequestLauncher.java:63)
	at com.intellij.junit5.JUnit5IdeaTestRunner.startRunnerWithArgs(JUnit5IdeaTestRunner.java:66)
	at com.intellij.rt.junit.IdeaTestRunner$Repeater$1.execute(IdeaTestRunner.java:38)
	at com.intellij.rt.execution.junit.TestsRepeater.repeat(TestsRepeater.java:11)
	at com.intellij.rt.junit.IdeaTestRunner$Repeater.startRunnerWithArgs(IdeaTestRunner.java:35)
	at com.intellij.rt.junit.JUnitStarter.prepareStreamsAndStart(JUnitStarter.java:237)
	at com.intellij.rt.junit.JUnitStarter.main(JUnitStarter.java:58)
14:13:50.115 [main] ERROR o.tarik.ta.core.agents.BaseAiAgent - Error executing agent action
java.lang.RuntimeException: Verification error
	at org.tarik.ta.agents.PreconditionVerificationAgentTest.lambda$shouldHandleFailedVerificationExecution$0(PreconditionVerificationAgentTest.java:57)
	at org.tarik.ta.core.agents.BaseAiAgent.executeAndGetResult(BaseAiAgent.java:42)
	at java.base/java.lang.invoke.MethodHandle.invokeWithArguments(MethodHandle.java:735)
	at org.mockito.internal.util.reflection.InstrumentationMemberAccessor$Dispatcher$ByteBuddy$US34j6gb.invokeWithArguments(Unknown Source)
	at org.mockito.internal.util.reflection.InstrumentationMemberAccessor.invoke(InstrumentationMemberAccessor.java:265)
	at org.mockito.internal.util.reflection.ModuleMemberAccessor.invoke(ModuleMemberAccessor.java:55)
	at org.mockito.internal.creation.bytebuddy.MockMethodAdvice.tryInvoke(MockMethodAdvice.java:316)
	at org.mockito.internal.creation.bytebuddy.MockMethodAdvice$RealMethodCall.invoke(MockMethodAdvice.java:236)
	at org.mockito.internal.invocation.InterceptedInvocation.callRealMethod(InterceptedInvocation.java:142)
	at org.mockito.internal.stubbing.answers.CallsRealMethods.answer(CallsRealMethods.java:45)
	at org.mockito.internal.stubbing.StubbedInvocationMatcher.answer(StubbedInvocationMatcher.java:42)
	at org.mockito.internal.handler.MockHandlerImpl.handle(MockHandlerImpl.java:103)
	at org.mockito.internal.handler.NullResultGuardian.handle(NullResultGuardian.java:29)
	at org.mockito.internal.handler.InvocationNotifierHandler.handle(InvocationNotifierHandler.java:34)
	at org.mockito.internal.creation.bytebuddy.access.MockMethodInterceptor.doIntercept(MockMethodInterceptor.java:84)
	at org.mockito.internal.creation.bytebuddy.MockMethodAdvice.handle(MockMethodAdvice.java:136)
	at org.tarik.ta.core.agents.BaseAiAgent.executeAndGetResult(BaseAiAgent.java:40)
	at org.tarik.ta.agents.PreconditionVerificationAgentTest.shouldHandleFailedVerificationExecution(PreconditionVerificationAgentTest.java:56)
	at java.base/jdk.internal.reflect.DirectMethodHandleAccessor.invoke(DirectMethodHandleAccessor.java:104)
	at java.base/java.lang.reflect.Method.invoke(Method.java:565)
	at org.junit.platform.commons.util.ReflectionUtils.invokeMethod(ReflectionUtils.java:775)
	at org.junit.platform.commons.support.ReflectionSupport.invokeMethod(ReflectionSupport.java:479)
	at org.junit.jupiter.engine.execution.MethodInvocation.proceed(MethodInvocation.java:60)
	at org.junit.jupiter.engine.execution.InvocationInterceptorChain$ValidatingInvocation.proceed(InvocationInterceptorChain.java:131)
	at org.junit.jupiter.engine.extension.TimeoutExtension.intercept(TimeoutExtension.java:161)
	at org.junit.jupiter.engine.extension.TimeoutExtension.interceptTestableMethod(TimeoutExtension.java:152)
	at org.junit.jupiter.engine.extension.TimeoutExtension.interceptTestMethod(TimeoutExtension.java:91)
	at org.junit.jupiter.engine.execution.InterceptingExecutableInvoker$ReflectiveInterceptorCall.lambda$ofVoidMethod$0(InterceptingExecutableInvoker.java:112)
	at org.junit.jupiter.engine.execution.InterceptingExecutableInvoker.lambda$invoke$0(InterceptingExecutableInvoker.java:94)
	at org.junit.jupiter.engine.execution.InvocationInterceptorChain$InterceptedInvocation.proceed(InvocationInterceptorChain.java:106)
	at org.junit.jupiter.engine.execution.InvocationInterceptorChain.proceed(InvocationInterceptorChain.java:64)
	at org.junit.jupiter.engine.execution.InvocationInterceptorChain.chainAndInvoke(InvocationInterceptorChain.java:45)
	at org.junit.jupiter.engine.execution.InvocationInterceptorChain.invoke(InvocationInterceptorChain.java:37)
	at org.junit.jupiter.engine.execution.InterceptingExecutableInvoker.invoke(InterceptingExecutableInvoker.java:93)
	at org.junit.jupiter.engine.execution.InterceptingExecutableInvoker.invoke(InterceptingExecutableInvoker.java:87)
	at org.junit.jupiter.engine.descriptor.TestMethodTestDescriptor.lambda$invokeTestMethod$7(TestMethodTestDescriptor.java:216)
	at org.junit.platform.engine.support.hierarchical.ThrowableCollector.execute(ThrowableCollector.java:73)
	at org.junit.jupiter.engine.descriptor.TestMethodTestDescriptor.invokeTestMethod(TestMethodTestDescriptor.java:212)
	at org.junit.jupiter.engine.descriptor.TestMethodTestDescriptor.execute(TestMethodTestDescriptor.java:137)
	at org.junit.jupiter.engine.descriptor.TestMethodTestDescriptor.execute(TestMethodTestDescriptor.java:69)
	at org.junit.platform.engine.support.hierarchical.NodeTestTask.lambda$executeRecursively$6(NodeTestTask.java:156)
	at org.junit.platform.engine.support.hierarchical.ThrowableCollector.execute(ThrowableCollector.java:73)
	at org.junit.platform.engine.support.hierarchical.NodeTestTask.lambda$executeRecursively$8(NodeTestTask.java:146)
	at org.junit.platform.engine.support.hierarchical.Node.around(Node.java:137)
	at org.junit.platform.engine.support.hierarchical.NodeTestTask.lambda$executeRecursively$9(NodeTestTask.java:144)
	at org.junit.platform.engine.support.hierarchical.ThrowableCollector.execute(ThrowableCollector.java:73)
	at org.junit.platform.engine.support.hierarchical.NodeTestTask.executeRecursively(NodeTestTask.java:143)
	at org.junit.platform.engine.support.hierarchical.NodeTestTask.execute(NodeTestTask.java:100)
	at java.base/java.util.ArrayList.forEach(ArrayList.java:1604)
	at org.junit.platform.engine.support.hierarchical.SameThreadHierarchicalTestExecutorService.invokeAll(SameThreadHierarchicalTestExecutorService.java:41)
	at org.junit.platform.engine.support.hierarchical.NodeTestTask.lambda$executeRecursively$6(NodeTestTask.java:160)
	at org.junit.platform.engine.support.hierarchical.ThrowableCollector.execute(ThrowableCollector.java:73)
	at org.junit.platform.engine.support.hierarchical.NodeTestTask.lambda$executeRecursively$8(NodeTestTask.java:146)
	at org.junit.platform.engine.support.hierarchical.Node.around(Node.java:137)
	at org.junit.platform.engine.support.hierarchical.NodeTestTask.lambda$executeRecursively$9(NodeTestTask.java:144)
	at org.junit.platform.engine.support.hierarchical.ThrowableCollector.execute(ThrowableCollector.java:73)
	at org.junit.platform.engine.support.hierarchical.NodeTestTask.executeRecursively(NodeTestTask.java:143)
	at org.junit.platform.engine.support.hierarchical.NodeTestTask.execute(NodeTestTask.java:100)
	at java.base/java.util.ArrayList.forEach(ArrayList.java:1604)
	at org.junit.platform.engine.support.hierarchical.SameThreadHierarchicalTestExecutorService.invokeAll(SameThreadHierarchicalTestExecutorService.java:41)
	at org.junit.platform.engine.support.hierarchical.NodeTestTask.lambda$executeRecursively$6(NodeTestTask.java:160)
	at org.junit.platform.engine.support.hierarchical.ThrowableCollector.execute(ThrowableCollector.java:73)
	at org.junit.platform.engine.support.hierarchical.NodeTestTask.lambda$executeRecursively$8(NodeTestTask.java:146)
	at org.junit.platform.engine.support.hierarchical.Node.around(Node.java:137)
	at org.junit.platform.engine.support.hierarchical.NodeTestTask.lambda$executeRecursively$9(NodeTestTask.java:144)
	at org.junit.platform.engine.support.hierarchical.ThrowableCollector.execute(ThrowableCollector.java:73)
	at org.junit.platform.engine.support.hierarchical.NodeTestTask.executeRecursively(NodeTestTask.java:143)
	at org.junit.platform.engine.support.hierarchical.NodeTestTask.execute(NodeTestTask.java:100)
	at org.junit.platform.engine.support.hierarchical.SameThreadHierarchicalTestExecutorService.submit(SameThreadHierarchicalTestExecutorService.java:35)
	at org.junit.platform.engine.support.hierarchical.HierarchicalTestExecutor.execute(HierarchicalTestExecutor.java:57)
	at org.junit.platform.engine.support.hierarchical.HierarchicalTestEngine.execute(HierarchicalTestEngine.java:54)
	at org.junit.platform.launcher.core.EngineExecutionOrchestrator.execute(EngineExecutionOrchestrator.java:201)
	at org.junit.platform.launcher.core.EngineExecutionOrchestrator.execute(EngineExecutionOrchestrator.java:170)
	at org.junit.platform.launcher.core.EngineExecutionOrchestrator.execute(EngineExecutionOrchestrator.java:94)
	at org.junit.platform.launcher.core.EngineExecutionOrchestrator.lambda$execute$0(EngineExecutionOrchestrator.java:59)
	at org.junit.platform.launcher.core.EngineExecutionOrchestrator.withInterceptedStreams(EngineExecutionOrchestrator.java:142)
	at org.junit.platform.launcher.core.EngineExecutionOrchestrator.execute(EngineExecutionOrchestrator.java:58)
	at org.junit.platform.launcher.core.DefaultLauncher.execute(DefaultLauncher.java:103)
	at org.junit.platform.launcher.core.DefaultLauncher.execute(DefaultLauncher.java:85)
	at org.junit.platform.launcher.core.DelegatingLauncher.execute(DelegatingLauncher.java:47)
	at org.junit.platform.launcher.core.InterceptingLauncher.lambda$execute$1(InterceptingLauncher.java:39)
	at org.junit.platform.launcher.core.ClasspathAlignmentCheckingLauncherInterceptor.intercept(ClasspathAlignmentCheckingLauncherInterceptor.java:25)
	at org.junit.platform.launcher.core.InterceptingLauncher.execute(InterceptingLauncher.java:38)
	at org.junit.platform.launcher.core.DelegatingLauncher.execute(DelegatingLauncher.java:47)
	at org.junit.platform.launcher.core.SessionPerRequestLauncher.execute(SessionPerRequestLauncher.java:63)
	at com.intellij.junit5.JUnit5IdeaTestRunner.startRunnerWithArgs(JUnit5IdeaTestRunner.java:66)
	at com.intellij.rt.junit.IdeaTestRunner$Repeater$1.execute(IdeaTestRunner.java:38)
	at com.intellij.rt.execution.junit.TestsRepeater.repeat(TestsRepeater.java:11)
	at com.intellij.rt.junit.IdeaTestRunner$Repeater.startRunnerWithArgs(IdeaTestRunner.java:35)
	at com.intellij.rt.junit.JUnitStarter.prepareStreamsAndStart(JUnitStarter.java:237)
	at com.intellij.rt.junit.JUnitStarter.main(JUnitStarter.java:58)
13:33:51.799 [main] INFO  org.tarik.ta.core.AgentConfig - Loaded properties from config.properties
13:33:51.801 [main] INFO  org.tarik.ta.core.AgentConfig - Using property file value for key 'port' with value '8005'
13:33:51.802 [main] INFO  org.tarik.ta.core.AgentConfig - Using property file value for key 'unattended.mode' with value 'true'
13:33:51.803 [main] INFO  org.tarik.ta.core.AgentConfig - Using property file value for key 'host' with value 'localhost'
13:33:51.803 [main] INFO  org.tarik.ta.core.AgentConfig - Using default value for key 'external.url'
13:33:51.804 [main] INFO  org.tarik.ta.core.AgentConfig - Using property file value for key 'debug.mode' with value 'false'
13:33:51.804 [main] INFO  org.tarik.ta.core.AgentConfig - Using property file value for key 'vector.db.provider' with value 'chroma'
13:33:51.804 [main] INFO  org.tarik.ta.core.AgentConfig - Using property file value for key 'vector.db.url' with value 'http://localhost:8020'
13:33:51.805 [main] INFO  org.tarik.ta.core.AgentConfig - Using property file value for key 'retriever.top.n' with value '5'
13:33:51.805 [main] INFO  org.tarik.ta.core.AgentConfig - Using property file value for key 'model.max.output.tokens' with value '8192'
13:33:51.805 [main] INFO  org.tarik.ta.core.AgentConfig - Using property file value for key 'model.temperature' with value '0.0'
13:33:51.805 [main] INFO  org.tarik.ta.core.AgentConfig - Using property file value for key 'model.top.p' with value '1.0'
13:33:51.805 [main] INFO  org.tarik.ta.core.AgentConfig - Using property file value for key 'model.logging.enabled' with value 'false'
13:33:51.805 [main] INFO  org.tarik.ta.core.AgentConfig - Using property file value for key 'thinking.output.enabled' with value 'false'
13:33:51.805 [main] INFO  org.tarik.ta.core.AgentConfig - Using property file value for key 'gemini.thinking.budget' with value '0'
13:33:51.805 [main] INFO  org.tarik.ta.core.AgentConfig - Using property file value for key 'model.max.retries' with value '10'
13:33:51.806 [main] INFO  org.tarik.ta.core.AgentConfig - Using property file value for key 'google.api.provider' with value 'studio_ai'
13:33:51.806 [main] INFO  org.tarik.ta.core.AgentConfig - Using property file value for key 'google.api.token'
13:33:51.806 [main] INFO  org.tarik.ta.core.AgentConfig - Using property file value for key 'google.project' with value 'YOUR_GOOGLE_PROJECT_ID'
13:33:51.806 [main] INFO  org.tarik.ta.core.AgentConfig - Using property file value for key 'google.location' with value 'YOUR_GOOGLE_PROJECT_LOCATION'
13:33:51.806 [main] INFO  org.tarik.ta.core.AgentConfig - Using property file value for key 'azure.openai.api.key'
13:33:51.806 [main] INFO  org.tarik.ta.core.AgentConfig - Using property file value for key 'azure.openai.endpoint' with value 'YOUR_AZURE_OPEN_AI_ENDPOINT_HERE'
13:33:51.806 [main] INFO  org.tarik.ta.core.AgentConfig - Using property file value for key 'groq.api.key'
13:33:51.806 [main] INFO  org.tarik.ta.core.AgentConfig - Using property file value for key 'groq.endpoint' with value 'YOUR_GROQ_ENDPOINT_HERE'
13:33:51.807 [main] INFO  org.tarik.ta.core.AgentConfig - Using property file value for key 'anthropic.api.provider' with value 'vertex_ai'
13:33:51.807 [main] INFO  org.tarik.ta.core.AgentConfig - Using property file value for key 'anthropic.api.key'
13:33:51.807 [main] INFO  org.tarik.ta.core.AgentConfig - Using property file value for key 'anthropic.endpoint' with value 'https://api.anthropic.com/v1/'
13:33:51.807 [main] INFO  org.tarik.ta.core.AgentConfig - Using property file value for key 'test.step.execution.retry.timeout.millis' with value '5000'
13:33:51.808 [main] INFO  org.tarik.ta.core.AgentConfig - Using property file value for key 'test.step.execution.retry.interval.millis' with value '1000'
13:33:51.808 [main] INFO  org.tarik.ta.core.AgentConfig - Using property file value for key 'verification.retry.timeout.millis' with value '10000'
13:33:51.808 [main] INFO  org.tarik.ta.core.AgentConfig - Using property file value for key 'action.verification.delay.millis' with value '500'
13:33:51.808 [main] INFO  org.tarik.ta.core.AgentConfig - Using property file value for key 'max.action.execution.duration.millis' with value '30000'
13:33:51.808 [main] INFO  org.tarik.ta.core.AgentConfig - Using property file value for key 'agent.token.budget' with value '1000000'
13:33:51.808 [main] INFO  org.tarik.ta.core.AgentConfig - Using property file value for key 'agent.tool.calls.budget.attended' with value '100'
13:33:51.808 [main] INFO  org.tarik.ta.core.AgentConfig - Using property file value for key 'agent.tool.calls.budget.unattended' with value '5'
13:33:51.808 [main] INFO  org.tarik.ta.core.AgentConfig - Using property file value for key 'agent.execution.time.budget.seconds' with value '3000'
13:33:51.808 [main] INFO  org.tarik.ta.core.AgentConfig - Using property file value for key 'precondition.agent.model.name' with value 'gemini-2.5-flash'
13:33:51.808 [main] INFO  org.tarik.ta.core.AgentConfig - Using property file value for key 'precondition.agent.model.provider' with value 'google'
13:33:51.809 [main] INFO  org.tarik.ta.core.AgentConfig - Using property file value for key 'precondition.agent.prompt.version' with value 'v1.0.0'
13:33:51.809 [main] INFO  org.tarik.ta.core.AgentConfig - Using property file value for key 'precondition.verification.agent.model.name' with value 'gemini-2.5-flash'
13:33:51.809 [main] INFO  org.tarik.ta.core.AgentConfig - Using property file value for key 'precondition.verification.agent.model.provider' with value 'google'
13:33:51.809 [main] INFO  org.tarik.ta.core.AgentConfig - Using property file value for key 'precondition.verification.agent.prompt.version' with value 'v1.0.0'
13:33:51.810 [main] INFO  org.tarik.ta.core.AgentConfig - Using property file value for key 'test.step.action.agent.model.name' with value 'gemini-2.5-flash'
13:33:51.810 [main] INFO  org.tarik.ta.core.AgentConfig - Using property file value for key 'test.step.action.agent.model.provider' with value 'google'
13:33:51.810 [main] INFO  org.tarik.ta.core.AgentConfig - Using property file value for key 'test.step.action.agent.prompt.version' with value 'v1.0.0'
13:33:51.811 [main] INFO  org.tarik.ta.core.AgentConfig - Using property file value for key 'test.step.verification.agent.model.name' with value 'gemini-2.5-flash'
13:33:51.811 [main] INFO  org.tarik.ta.core.AgentConfig - Using property file value for key 'test.step.verification.agent.model.provider' with value 'google'
13:33:51.811 [main] INFO  org.tarik.ta.core.AgentConfig - Using property file value for key 'test.step.verification.agent.prompt.version' with value 'v1.0.0'
13:33:51.812 [main] INFO  org.tarik.ta.core.AgentConfig - Using property file value for key 'test.case.extraction.agent.model.name' with value 'gemini-2.5-flash'
13:33:51.812 [main] INFO  org.tarik.ta.core.AgentConfig - Using property file value for key 'test.case.extraction.agent.model.provider' with value 'google'
13:33:51.812 [main] INFO  org.tarik.ta.core.AgentConfig - Using property file value for key 'test.case.extraction.agent.prompt.version' with value 'v1.0.0'
13:33:52.015 [main] ERROR o.t.ta.core.agents.GenericAiAgent - Error executing agent action
java.lang.RuntimeException: Simulated error
	at org.tarik.ta.agents.UiPreconditionActionUiTestAgentTest.lambda$shouldHandleFailedExecution$2(UiPreconditionActionUiTestAgentTest.java:64)
	at org.tarik.ta.core.agents.GenericAiAgent.executeAndGetResult(GenericAiAgent.java:61)
	at org.tarik.ta.agents.UiPreconditionActionUiTestAgentTest.shouldHandleFailedExecution(UiPreconditionActionUiTestAgentTest.java:63)
	at java.base/jdk.internal.reflect.DirectMethodHandleAccessor.invoke(DirectMethodHandleAccessor.java:104)
	at java.base/java.lang.reflect.Method.invoke(Method.java:565)
	at org.junit.platform.commons.util.ReflectionUtils.invokeMethod(ReflectionUtils.java:775)
	at org.junit.platform.commons.support.ReflectionSupport.invokeMethod(ReflectionSupport.java:479)
	at org.junit.jupiter.engine.execution.MethodInvocation.proceed(MethodInvocation.java:60)
	at org.junit.jupiter.engine.execution.InvocationInterceptorChain$ValidatingInvocation.proceed(InvocationInterceptorChain.java:131)
	at org.junit.jupiter.engine.extension.TimeoutExtension.intercept(TimeoutExtension.java:161)
	at org.junit.jupiter.engine.extension.TimeoutExtension.interceptTestableMethod(TimeoutExtension.java:152)
	at org.junit.jupiter.engine.extension.TimeoutExtension.interceptTestMethod(TimeoutExtension.java:91)
	at org.junit.jupiter.engine.execution.InterceptingExecutableInvoker$ReflectiveInterceptorCall.lambda$ofVoidMethod$0(InterceptingExecutableInvoker.java:112)
	at org.junit.jupiter.engine.execution.InterceptingExecutableInvoker.lambda$invoke$0(InterceptingExecutableInvoker.java:94)
	at org.junit.jupiter.engine.execution.InvocationInterceptorChain$InterceptedInvocation.proceed(InvocationInterceptorChain.java:106)
	at org.junit.jupiter.engine.execution.InvocationInterceptorChain.proceed(InvocationInterceptorChain.java:64)
	at org.junit.jupiter.engine.execution.InvocationInterceptorChain.chainAndInvoke(InvocationInterceptorChain.java:45)
	at org.junit.jupiter.engine.execution.InvocationInterceptorChain.invoke(InvocationInterceptorChain.java:37)
	at org.junit.jupiter.engine.execution.InterceptingExecutableInvoker.invoke(InterceptingExecutableInvoker.java:93)
	at org.junit.jupiter.engine.execution.InterceptingExecutableInvoker.invoke(InterceptingExecutableInvoker.java:87)
	at org.junit.jupiter.engine.descriptor.TestMethodTestDescriptor.lambda$invokeTestMethod$7(TestMethodTestDescriptor.java:216)
	at org.junit.platform.engine.support.hierarchical.ThrowableCollector.execute(ThrowableCollector.java:73)
	at org.junit.jupiter.engine.descriptor.TestMethodTestDescriptor.invokeTestMethod(TestMethodTestDescriptor.java:212)
	at org.junit.jupiter.engine.descriptor.TestMethodTestDescriptor.execute(TestMethodTestDescriptor.java:137)
	at org.junit.jupiter.engine.descriptor.TestMethodTestDescriptor.execute(TestMethodTestDescriptor.java:69)
	at org.junit.platform.engine.support.hierarchical.NodeTestTask.lambda$executeRecursively$6(NodeTestTask.java:156)
	at org.junit.platform.engine.support.hierarchical.ThrowableCollector.execute(ThrowableCollector.java:73)
	at org.junit.platform.engine.support.hierarchical.NodeTestTask.lambda$executeRecursively$8(NodeTestTask.java:146)
	at org.junit.platform.engine.support.hierarchical.Node.around(Node.java:137)
	at org.junit.platform.engine.support.hierarchical.NodeTestTask.lambda$executeRecursively$9(NodeTestTask.java:144)
	at org.junit.platform.engine.support.hierarchical.ThrowableCollector.execute(ThrowableCollector.java:73)
	at org.junit.platform.engine.support.hierarchical.NodeTestTask.executeRecursively(NodeTestTask.java:143)
	at org.junit.platform.engine.support.hierarchical.NodeTestTask.execute(NodeTestTask.java:100)
	at java.base/java.util.ArrayList.forEach(ArrayList.java:1604)
	at org.junit.platform.engine.support.hierarchical.SameThreadHierarchicalTestExecutorService.invokeAll(SameThreadHierarchicalTestExecutorService.java:41)
	at org.junit.platform.engine.support.hierarchical.NodeTestTask.lambda$executeRecursively$6(NodeTestTask.java:160)
	at org.junit.platform.engine.support.hierarchical.ThrowableCollector.execute(ThrowableCollector.java:73)
	at org.junit.platform.engine.support.hierarchical.NodeTestTask.lambda$executeRecursively$8(NodeTestTask.java:146)
	at org.junit.platform.engine.support.hierarchical.Node.around(Node.java:137)
	at org.junit.platform.engine.support.hierarchical.NodeTestTask.lambda$executeRecursively$9(NodeTestTask.java:144)
	at org.junit.platform.engine.support.hierarchical.ThrowableCollector.execute(ThrowableCollector.java:73)
	at org.junit.platform.engine.support.hierarchical.NodeTestTask.executeRecursively(NodeTestTask.java:143)
	at org.junit.platform.engine.support.hierarchical.NodeTestTask.execute(NodeTestTask.java:100)
	at java.base/java.util.ArrayList.forEach(ArrayList.java:1604)
	at org.junit.platform.engine.support.hierarchical.SameThreadHierarchicalTestExecutorService.invokeAll(SameThreadHierarchicalTestExecutorService.java:41)
	at org.junit.platform.engine.support.hierarchical.NodeTestTask.lambda$executeRecursively$6(NodeTestTask.java:160)
	at org.junit.platform.engine.support.hierarchical.ThrowableCollector.execute(ThrowableCollector.java:73)
	at org.junit.platform.engine.support.hierarchical.NodeTestTask.lambda$executeRecursively$8(NodeTestTask.java:146)
	at org.junit.platform.engine.support.hierarchical.Node.around(Node.java:137)
	at org.junit.platform.engine.support.hierarchical.NodeTestTask.lambda$executeRecursively$9(NodeTestTask.java:144)
	at org.junit.platform.engine.support.hierarchical.ThrowableCollector.execute(ThrowableCollector.java:73)
	at org.junit.platform.engine.support.hierarchical.NodeTestTask.executeRecursively(NodeTestTask.java:143)
	at org.junit.platform.engine.support.hierarchical.NodeTestTask.execute(NodeTestTask.java:100)
	at org.junit.platform.engine.support.hierarchical.SameThreadHierarchicalTestExecutorService.submit(SameThreadHierarchicalTestExecutorService.java:35)
	at org.junit.platform.engine.support.hierarchical.HierarchicalTestExecutor.execute(HierarchicalTestExecutor.java:57)
	at org.junit.platform.engine.support.hierarchical.HierarchicalTestEngine.execute(HierarchicalTestEngine.java:54)
	at org.junit.platform.launcher.core.EngineExecutionOrchestrator.execute(EngineExecutionOrchestrator.java:201)
	at org.junit.platform.launcher.core.EngineExecutionOrchestrator.execute(EngineExecutionOrchestrator.java:170)
	at org.junit.platform.launcher.core.EngineExecutionOrchestrator.execute(EngineExecutionOrchestrator.java:94)
	at org.junit.platform.launcher.core.EngineExecutionOrchestrator.lambda$execute$0(EngineExecutionOrchestrator.java:59)
	at org.junit.platform.launcher.core.EngineExecutionOrchestrator.withInterceptedStreams(EngineExecutionOrchestrator.java:142)
	at org.junit.platform.launcher.core.EngineExecutionOrchestrator.execute(EngineExecutionOrchestrator.java:58)
	at org.junit.platform.launcher.core.DefaultLauncher.execute(DefaultLauncher.java:103)
	at org.junit.platform.launcher.core.DefaultLauncher.execute(DefaultLauncher.java:85)
	at org.junit.platform.launcher.core.DelegatingLauncher.execute(DelegatingLauncher.java:47)
	at org.junit.platform.launcher.core.InterceptingLauncher.lambda$execute$1(InterceptingLauncher.java:39)
	at org.junit.platform.launcher.core.ClasspathAlignmentCheckingLauncherInterceptor.intercept(ClasspathAlignmentCheckingLauncherInterceptor.java:25)
	at org.junit.platform.launcher.core.InterceptingLauncher.execute(InterceptingLauncher.java:38)
	at org.junit.platform.launcher.core.DelegatingLauncher.execute(DelegatingLauncher.java:47)
	at org.junit.platform.launcher.core.SessionPerRequestLauncher.execute(SessionPerRequestLauncher.java:63)
	at com.intellij.junit5.JUnit5IdeaTestRunner.startRunnerWithArgs(JUnit5IdeaTestRunner.java:66)
	at com.intellij.rt.junit.IdeaTestRunner$Repeater$1.execute(IdeaTestRunner.java:38)
	at com.intellij.rt.execution.junit.TestsRepeater.repeat(TestsRepeater.java:11)
	at com.intellij.rt.junit.IdeaTestRunner$Repeater.startRunnerWithArgs(IdeaTestRunner.java:35)
	at com.intellij.rt.junit.JUnitStarter.prepareStreamsAndStart(JUnitStarter.java:237)
	at com.intellij.rt.junit.JUnitStarter.main(JUnitStarter.java:58)
13:33:52.277 [main] ERROR o.t.ta.core.agents.GenericAiAgent - Error executing agent action
java.lang.RuntimeException: Action execution error
	at org.tarik.ta.agents.UiTestStepActionUiTestAgentTest.lambda$shouldHandleFailedExecution$0(UiTestStepActionUiTestAgentTest.java:70)
	at org.tarik.ta.core.agents.GenericAiAgent.executeAndGetResult(GenericAiAgent.java:61)
	at java.base/java.lang.invoke.MethodHandle.invokeWithArguments(MethodHandle.java:735)
	at org.mockito.internal.util.reflection.InstrumentationMemberAccessor$Dispatcher$ByteBuddy$CDTzAFnB.invokeWithArguments(Unknown Source)
	at org.mockito.internal.util.reflection.InstrumentationMemberAccessor.invoke(InstrumentationMemberAccessor.java:265)
	at org.mockito.internal.util.reflection.ModuleMemberAccessor.invoke(ModuleMemberAccessor.java:55)
	at org.mockito.internal.creation.bytebuddy.MockMethodAdvice.tryInvoke(MockMethodAdvice.java:316)
	at org.mockito.internal.creation.bytebuddy.MockMethodAdvice$RealMethodCall.invoke(MockMethodAdvice.java:236)
	at org.mockito.internal.invocation.InterceptedInvocation.callRealMethod(InterceptedInvocation.java:142)
	at org.mockito.internal.stubbing.answers.CallsRealMethods.answer(CallsRealMethods.java:45)
	at org.mockito.Answers.answer(Answers.java:90)
	at org.mockito.internal.handler.MockHandlerImpl.handle(MockHandlerImpl.java:111)
	at org.mockito.internal.handler.NullResultGuardian.handle(NullResultGuardian.java:29)
	at org.mockito.internal.handler.InvocationNotifierHandler.handle(InvocationNotifierHandler.java:34)
	at org.mockito.internal.creation.bytebuddy.access.MockMethodInterceptor.doIntercept(MockMethodInterceptor.java:84)
	at org.mockito.internal.creation.bytebuddy.MockMethodAdvice.handle(MockMethodAdvice.java:136)
	at org.tarik.ta.core.agents.GenericAiAgent.executeAndGetResult(GenericAiAgent.java:59)
	at org.tarik.ta.agents.UiTestStepActionUiTestAgentTest.shouldHandleFailedExecution(UiTestStepActionUiTestAgentTest.java:69)
	at java.base/jdk.internal.reflect.DirectMethodHandleAccessor.invoke(DirectMethodHandleAccessor.java:104)
	at java.base/java.lang.reflect.Method.invoke(Method.java:565)
	at org.junit.platform.commons.util.ReflectionUtils.invokeMethod(ReflectionUtils.java:775)
	at org.junit.platform.commons.support.ReflectionSupport.invokeMethod(ReflectionSupport.java:479)
	at org.junit.jupiter.engine.execution.MethodInvocation.proceed(MethodInvocation.java:60)
	at org.junit.jupiter.engine.execution.InvocationInterceptorChain$ValidatingInvocation.proceed(InvocationInterceptorChain.java:131)
	at org.junit.jupiter.engine.extension.TimeoutExtension.intercept(TimeoutExtension.java:161)
	at org.junit.jupiter.engine.extension.TimeoutExtension.interceptTestableMethod(TimeoutExtension.java:152)
	at org.junit.jupiter.engine.extension.TimeoutExtension.interceptTestMethod(TimeoutExtension.java:91)
	at org.junit.jupiter.engine.execution.InterceptingExecutableInvoker$ReflectiveInterceptorCall.lambda$ofVoidMethod$0(InterceptingExecutableInvoker.java:112)
	at org.junit.jupiter.engine.execution.InterceptingExecutableInvoker.lambda$invoke$0(InterceptingExecutableInvoker.java:94)
	at org.junit.jupiter.engine.execution.InvocationInterceptorChain$InterceptedInvocation.proceed(InvocationInterceptorChain.java:106)
	at org.junit.jupiter.engine.execution.InvocationInterceptorChain.proceed(InvocationInterceptorChain.java:64)
	at org.junit.jupiter.engine.execution.InvocationInterceptorChain.chainAndInvoke(InvocationInterceptorChain.java:45)
	at org.junit.jupiter.engine.execution.InvocationInterceptorChain.invoke(InvocationInterceptorChain.java:37)
	at org.junit.jupiter.engine.execution.InterceptingExecutableInvoker.invoke(InterceptingExecutableInvoker.java:93)
	at org.junit.jupiter.engine.execution.InterceptingExecutableInvoker.invoke(InterceptingExecutableInvoker.java:87)
	at org.junit.jupiter.engine.descriptor.TestMethodTestDescriptor.lambda$invokeTestMethod$7(TestMethodTestDescriptor.java:216)
	at org.junit.platform.engine.support.hierarchical.ThrowableCollector.execute(ThrowableCollector.java:73)
	at org.junit.jupiter.engine.descriptor.TestMethodTestDescriptor.invokeTestMethod(TestMethodTestDescriptor.java:212)
	at org.junit.jupiter.engine.descriptor.TestMethodTestDescriptor.execute(TestMethodTestDescriptor.java:137)
	at org.junit.jupiter.engine.descriptor.TestMethodTestDescriptor.execute(TestMethodTestDescriptor.java:69)
	at org.junit.platform.engine.support.hierarchical.NodeTestTask.lambda$executeRecursively$6(NodeTestTask.java:156)
	at org.junit.platform.engine.support.hierarchical.ThrowableCollector.execute(ThrowableCollector.java:73)
	at org.junit.platform.engine.support.hierarchical.NodeTestTask.lambda$executeRecursively$8(NodeTestTask.java:146)
	at org.junit.platform.engine.support.hierarchical.Node.around(Node.java:137)
	at org.junit.platform.engine.support.hierarchical.NodeTestTask.lambda$executeRecursively$9(NodeTestTask.java:144)
	at org.junit.platform.engine.support.hierarchical.ThrowableCollector.execute(ThrowableCollector.java:73)
	at org.junit.platform.engine.support.hierarchical.NodeTestTask.executeRecursively(NodeTestTask.java:143)
	at org.junit.platform.engine.support.hierarchical.NodeTestTask.execute(NodeTestTask.java:100)
	at java.base/java.util.ArrayList.forEach(ArrayList.java:1604)
	at org.junit.platform.engine.support.hierarchical.SameThreadHierarchicalTestExecutorService.invokeAll(SameThreadHierarchicalTestExecutorService.java:41)
	at org.junit.platform.engine.support.hierarchical.NodeTestTask.lambda$executeRecursively$6(NodeTestTask.java:160)
	at org.junit.platform.engine.support.hierarchical.ThrowableCollector.execute(ThrowableCollector.java:73)
	at org.junit.platform.engine.support.hierarchical.NodeTestTask.lambda$executeRecursively$8(NodeTestTask.java:146)
	at org.junit.platform.engine.support.hierarchical.Node.around(Node.java:137)
	at org.junit.platform.engine.support.hierarchical.NodeTestTask.lambda$executeRecursively$9(NodeTestTask.java:144)
	at org.junit.platform.engine.support.hierarchical.ThrowableCollector.execute(ThrowableCollector.java:73)
	at org.junit.platform.engine.support.hierarchical.NodeTestTask.executeRecursively(NodeTestTask.java:143)
	at org.junit.platform.engine.support.hierarchical.NodeTestTask.execute(NodeTestTask.java:100)
	at java.base/java.util.ArrayList.forEach(ArrayList.java:1604)
	at org.junit.platform.engine.support.hierarchical.SameThreadHierarchicalTestExecutorService.invokeAll(SameThreadHierarchicalTestExecutorService.java:41)
	at org.junit.platform.engine.support.hierarchical.NodeTestTask.lambda$executeRecursively$6(NodeTestTask.java:160)
	at org.junit.platform.engine.support.hierarchical.ThrowableCollector.execute(ThrowableCollector.java:73)
	at org.junit.platform.engine.support.hierarchical.NodeTestTask.lambda$executeRecursively$8(NodeTestTask.java:146)
	at org.junit.platform.engine.support.hierarchical.Node.around(Node.java:137)
	at org.junit.platform.engine.support.hierarchical.NodeTestTask.lambda$executeRecursively$9(NodeTestTask.java:144)
	at org.junit.platform.engine.support.hierarchical.ThrowableCollector.execute(ThrowableCollector.java:73)
	at org.junit.platform.engine.support.hierarchical.NodeTestTask.executeRecursively(NodeTestTask.java:143)
	at org.junit.platform.engine.support.hierarchical.NodeTestTask.execute(NodeTestTask.java:100)
	at org.junit.platform.engine.support.hierarchical.SameThreadHierarchicalTestExecutorService.submit(SameThreadHierarchicalTestExecutorService.java:35)
	at org.junit.platform.engine.support.hierarchical.HierarchicalTestExecutor.execute(HierarchicalTestExecutor.java:57)
	at org.junit.platform.engine.support.hierarchical.HierarchicalTestEngine.execute(HierarchicalTestEngine.java:54)
	at org.junit.platform.launcher.core.EngineExecutionOrchestrator.execute(EngineExecutionOrchestrator.java:201)
	at org.junit.platform.launcher.core.EngineExecutionOrchestrator.execute(EngineExecutionOrchestrator.java:170)
	at org.junit.platform.launcher.core.EngineExecutionOrchestrator.execute(EngineExecutionOrchestrator.java:94)
	at org.junit.platform.launcher.core.EngineExecutionOrchestrator.lambda$execute$0(EngineExecutionOrchestrator.java:59)
	at org.junit.platform.launcher.core.EngineExecutionOrchestrator.withInterceptedStreams(EngineExecutionOrchestrator.java:142)
	at org.junit.platform.launcher.core.EngineExecutionOrchestrator.execute(EngineExecutionOrchestrator.java:58)
	at org.junit.platform.launcher.core.DefaultLauncher.execute(DefaultLauncher.java:103)
	at org.junit.platform.launcher.core.DefaultLauncher.execute(DefaultLauncher.java:85)
	at org.junit.platform.launcher.core.DelegatingLauncher.execute(DelegatingLauncher.java:47)
	at org.junit.platform.launcher.core.InterceptingLauncher.lambda$execute$1(InterceptingLauncher.java:39)
	at org.junit.platform.launcher.core.ClasspathAlignmentCheckingLauncherInterceptor.intercept(ClasspathAlignmentCheckingLauncherInterceptor.java:25)
	at org.junit.platform.launcher.core.InterceptingLauncher.execute(InterceptingLauncher.java:38)
	at org.junit.platform.launcher.core.DelegatingLauncher.execute(DelegatingLauncher.java:47)
	at org.junit.platform.launcher.core.SessionPerRequestLauncher.execute(SessionPerRequestLauncher.java:63)
	at com.intellij.junit5.JUnit5IdeaTestRunner.startRunnerWithArgs(JUnit5IdeaTestRunner.java:66)
	at com.intellij.rt.junit.IdeaTestRunner$Repeater$1.execute(IdeaTestRunner.java:38)
	at com.intellij.rt.execution.junit.TestsRepeater.repeat(TestsRepeater.java:11)
	at com.intellij.rt.junit.IdeaTestRunner$Repeater.startRunnerWithArgs(IdeaTestRunner.java:35)
	at com.intellij.rt.junit.JUnitStarter.prepareStreamsAndStart(JUnitStarter.java:237)
	at com.intellij.rt.junit.JUnitStarter.main(JUnitStarter.java:58)
13:33:53.056 [main] ERROR o.t.ta.core.agents.GenericAiAgent - Error executing agent action
java.lang.RuntimeException: Verification error
	at org.tarik.ta.agents.UiTestStepVerificationUiTestAgentTest.lambda$shouldHandleFailedVerificationExecution$0(UiTestStepVerificationUiTestAgentTest.java:69)
	at org.tarik.ta.core.agents.GenericAiAgent.executeAndGetResult(GenericAiAgent.java:61)
	at java.base/java.lang.invoke.MethodHandle.invokeWithArguments(MethodHandle.java:735)
	at org.mockito.internal.util.reflection.InstrumentationMemberAccessor$Dispatcher$ByteBuddy$CDTzAFnB.invokeWithArguments(Unknown Source)
	at org.mockito.internal.util.reflection.InstrumentationMemberAccessor.invoke(InstrumentationMemberAccessor.java:265)
	at org.mockito.internal.util.reflection.ModuleMemberAccessor.invoke(ModuleMemberAccessor.java:55)
	at org.mockito.internal.creation.bytebuddy.MockMethodAdvice.tryInvoke(MockMethodAdvice.java:316)
	at org.mockito.internal.creation.bytebuddy.MockMethodAdvice$RealMethodCall.invoke(MockMethodAdvice.java:236)
	at org.mockito.internal.invocation.InterceptedInvocation.callRealMethod(InterceptedInvocation.java:142)
	at org.mockito.internal.stubbing.answers.CallsRealMethods.answer(CallsRealMethods.java:45)
	at org.mockito.Answers.answer(Answers.java:90)
	at org.mockito.internal.handler.MockHandlerImpl.handle(MockHandlerImpl.java:111)
	at org.mockito.internal.handler.NullResultGuardian.handle(NullResultGuardian.java:29)
	at org.mockito.internal.handler.InvocationNotifierHandler.handle(InvocationNotifierHandler.java:34)
	at org.mockito.internal.creation.bytebuddy.access.MockMethodInterceptor.doIntercept(MockMethodInterceptor.java:84)
	at org.mockito.internal.creation.bytebuddy.MockMethodAdvice.handle(MockMethodAdvice.java:136)
	at org.tarik.ta.core.agents.GenericAiAgent.executeAndGetResult(GenericAiAgent.java:59)
	at org.tarik.ta.agents.UiTestStepVerificationUiTestAgentTest.shouldHandleFailedVerificationExecution(UiTestStepVerificationUiTestAgentTest.java:68)
	at java.base/jdk.internal.reflect.DirectMethodHandleAccessor.invoke(DirectMethodHandleAccessor.java:104)
	at java.base/java.lang.reflect.Method.invoke(Method.java:565)
	at org.junit.platform.commons.util.ReflectionUtils.invokeMethod(ReflectionUtils.java:775)
	at org.junit.platform.commons.support.ReflectionSupport.invokeMethod(ReflectionSupport.java:479)
	at org.junit.jupiter.engine.execution.MethodInvocation.proceed(MethodInvocation.java:60)
	at org.junit.jupiter.engine.execution.InvocationInterceptorChain$ValidatingInvocation.proceed(InvocationInterceptorChain.java:131)
	at org.junit.jupiter.engine.extension.TimeoutExtension.intercept(TimeoutExtension.java:161)
	at org.junit.jupiter.engine.extension.TimeoutExtension.interceptTestableMethod(TimeoutExtension.java:152)
	at org.junit.jupiter.engine.extension.TimeoutExtension.interceptTestMethod(TimeoutExtension.java:91)
	at org.junit.jupiter.engine.execution.InterceptingExecutableInvoker$ReflectiveInterceptorCall.lambda$ofVoidMethod$0(InterceptingExecutableInvoker.java:112)
	at org.junit.jupiter.engine.execution.InterceptingExecutableInvoker.lambda$invoke$0(InterceptingExecutableInvoker.java:94)
	at org.junit.jupiter.engine.execution.InvocationInterceptorChain$InterceptedInvocation.proceed(InvocationInterceptorChain.java:106)
	at org.junit.jupiter.engine.execution.InvocationInterceptorChain.proceed(InvocationInterceptorChain.java:64)
	at org.junit.jupiter.engine.execution.InvocationInterceptorChain.chainAndInvoke(InvocationInterceptorChain.java:45)
	at org.junit.jupiter.engine.execution.InvocationInterceptorChain.invoke(InvocationInterceptorChain.java:37)
	at org.junit.jupiter.engine.execution.InterceptingExecutableInvoker.invoke(InterceptingExecutableInvoker.java:93)
	at org.junit.jupiter.engine.execution.InterceptingExecutableInvoker.invoke(InterceptingExecutableInvoker.java:87)
	at org.junit.jupiter.engine.descriptor.TestMethodTestDescriptor.lambda$invokeTestMethod$7(TestMethodTestDescriptor.java:216)
	at org.junit.platform.engine.support.hierarchical.ThrowableCollector.execute(ThrowableCollector.java:73)
	at org.junit.jupiter.engine.descriptor.TestMethodTestDescriptor.invokeTestMethod(TestMethodTestDescriptor.java:212)
	at org.junit.jupiter.engine.descriptor.TestMethodTestDescriptor.execute(TestMethodTestDescriptor.java:137)
	at org.junit.jupiter.engine.descriptor.TestMethodTestDescriptor.execute(TestMethodTestDescriptor.java:69)
	at org.junit.platform.engine.support.hierarchical.NodeTestTask.lambda$executeRecursively$6(NodeTestTask.java:156)
	at org.junit.platform.engine.support.hierarchical.ThrowableCollector.execute(ThrowableCollector.java:73)
	at org.junit.platform.engine.support.hierarchical.NodeTestTask.lambda$executeRecursively$8(NodeTestTask.java:146)
	at org.junit.platform.engine.support.hierarchical.Node.around(Node.java:137)
	at org.junit.platform.engine.support.hierarchical.NodeTestTask.lambda$executeRecursively$9(NodeTestTask.java:144)
	at org.junit.platform.engine.support.hierarchical.ThrowableCollector.execute(ThrowableCollector.java:73)
	at org.junit.platform.engine.support.hierarchical.NodeTestTask.executeRecursively(NodeTestTask.java:143)
	at org.junit.platform.engine.support.hierarchical.NodeTestTask.execute(NodeTestTask.java:100)
	at java.base/java.util.ArrayList.forEach(ArrayList.java:1604)
	at org.junit.platform.engine.support.hierarchical.SameThreadHierarchicalTestExecutorService.invokeAll(SameThreadHierarchicalTestExecutorService.java:41)
	at org.junit.platform.engine.support.hierarchical.NodeTestTask.lambda$executeRecursively$6(NodeTestTask.java:160)
	at org.junit.platform.engine.support.hierarchical.ThrowableCollector.execute(ThrowableCollector.java:73)
	at org.junit.platform.engine.support.hierarchical.NodeTestTask.lambda$executeRecursively$8(NodeTestTask.java:146)
	at org.junit.platform.engine.support.hierarchical.Node.around(Node.java:137)
	at org.junit.platform.engine.support.hierarchical.NodeTestTask.lambda$executeRecursively$9(NodeTestTask.java:144)
	at org.junit.platform.engine.support.hierarchical.ThrowableCollector.execute(ThrowableCollector.java:73)
	at org.junit.platform.engine.support.hierarchical.NodeTestTask.executeRecursively(NodeTestTask.java:143)
	at org.junit.platform.engine.support.hierarchical.NodeTestTask.execute(NodeTestTask.java:100)
	at java.base/java.util.ArrayList.forEach(ArrayList.java:1604)
	at org.junit.platform.engine.support.hierarchical.SameThreadHierarchicalTestExecutorService.invokeAll(SameThreadHierarchicalTestExecutorService.java:41)
	at org.junit.platform.engine.support.hierarchical.NodeTestTask.lambda$executeRecursively$6(NodeTestTask.java:160)
	at org.junit.platform.engine.support.hierarchical.ThrowableCollector.execute(ThrowableCollector.java:73)
	at org.junit.platform.engine.support.hierarchical.NodeTestTask.lambda$executeRecursively$8(NodeTestTask.java:146)
	at org.junit.platform.engine.support.hierarchical.Node.around(Node.java:137)
	at org.junit.platform.engine.support.hierarchical.NodeTestTask.lambda$executeRecursively$9(NodeTestTask.java:144)
	at org.junit.platform.engine.support.hierarchical.ThrowableCollector.execute(ThrowableCollector.java:73)
	at org.junit.platform.engine.support.hierarchical.NodeTestTask.executeRecursively(NodeTestTask.java:143)
	at org.junit.platform.engine.support.hierarchical.NodeTestTask.execute(NodeTestTask.java:100)
	at org.junit.platform.engine.support.hierarchical.SameThreadHierarchicalTestExecutorService.submit(SameThreadHierarchicalTestExecutorService.java:35)
	at org.junit.platform.engine.support.hierarchical.HierarchicalTestExecutor.execute(HierarchicalTestExecutor.java:57)
	at org.junit.platform.engine.support.hierarchical.HierarchicalTestEngine.execute(HierarchicalTestEngine.java:54)
	at org.junit.platform.launcher.core.EngineExecutionOrchestrator.execute(EngineExecutionOrchestrator.java:201)
	at org.junit.platform.launcher.core.EngineExecutionOrchestrator.execute(EngineExecutionOrchestrator.java:170)
	at org.junit.platform.launcher.core.EngineExecutionOrchestrator.execute(EngineExecutionOrchestrator.java:94)
	at org.junit.platform.launcher.core.EngineExecutionOrchestrator.lambda$execute$0(EngineExecutionOrchestrator.java:59)
	at org.junit.platform.launcher.core.EngineExecutionOrchestrator.withInterceptedStreams(EngineExecutionOrchestrator.java:142)
	at org.junit.platform.launcher.core.EngineExecutionOrchestrator.execute(EngineExecutionOrchestrator.java:58)
	at org.junit.platform.launcher.core.DefaultLauncher.execute(DefaultLauncher.java:103)
	at org.junit.platform.launcher.core.DefaultLauncher.execute(DefaultLauncher.java:85)
	at org.junit.platform.launcher.core.DelegatingLauncher.execute(DelegatingLauncher.java:47)
	at org.junit.platform.launcher.core.InterceptingLauncher.lambda$execute$1(InterceptingLauncher.java:39)
	at org.junit.platform.launcher.core.ClasspathAlignmentCheckingLauncherInterceptor.intercept(ClasspathAlignmentCheckingLauncherInterceptor.java:25)
	at org.junit.platform.launcher.core.InterceptingLauncher.execute(InterceptingLauncher.java:38)
	at org.junit.platform.launcher.core.DelegatingLauncher.execute(DelegatingLauncher.java:47)
	at org.junit.platform.launcher.core.SessionPerRequestLauncher.execute(SessionPerRequestLauncher.java:63)
	at com.intellij.junit5.JUnit5IdeaTestRunner.startRunnerWithArgs(JUnit5IdeaTestRunner.java:66)
	at com.intellij.rt.junit.IdeaTestRunner$Repeater$1.execute(IdeaTestRunner.java:38)
	at com.intellij.rt.execution.junit.TestsRepeater.repeat(TestsRepeater.java:11)
	at com.intellij.rt.junit.IdeaTestRunner$Repeater.startRunnerWithArgs(IdeaTestRunner.java:35)
	at com.intellij.rt.junit.JUnitStarter.prepareStreamsAndStart(JUnitStarter.java:237)
	at com.intellij.rt.junit.JUnitStarter.main(JUnitStarter.java:58)
13:33:53.690 [main] ERROR o.t.ta.core.agents.GenericAiAgent - Error executing agent action
java.lang.RuntimeException: Verification error
	at org.tarik.ta.agents.UiPreconditionVerificationUiTestAgentTest.lambda$shouldHandleFailedVerificationExecution$0(UiPreconditionVerificationUiTestAgentTest.java:74)
	at org.tarik.ta.core.agents.GenericAiAgent.executeAndGetResult(GenericAiAgent.java:61)
	at java.base/java.lang.invoke.MethodHandle.invokeWithArguments(MethodHandle.java:735)
	at org.mockito.internal.util.reflection.InstrumentationMemberAccessor$Dispatcher$ByteBuddy$CDTzAFnB.invokeWithArguments(Unknown Source)
	at org.mockito.internal.util.reflection.InstrumentationMemberAccessor.invoke(InstrumentationMemberAccessor.java:265)
	at org.mockito.internal.util.reflection.ModuleMemberAccessor.invoke(ModuleMemberAccessor.java:55)
	at org.mockito.internal.creation.bytebuddy.MockMethodAdvice.tryInvoke(MockMethodAdvice.java:316)
	at org.mockito.internal.creation.bytebuddy.MockMethodAdvice$RealMethodCall.invoke(MockMethodAdvice.java:236)
	at org.mockito.internal.invocation.InterceptedInvocation.callRealMethod(InterceptedInvocation.java:142)
	at org.mockito.internal.stubbing.answers.CallsRealMethods.answer(CallsRealMethods.java:45)
	at org.mockito.internal.stubbing.StubbedInvocationMatcher.answer(StubbedInvocationMatcher.java:42)
	at org.mockito.internal.handler.MockHandlerImpl.handle(MockHandlerImpl.java:103)
	at org.mockito.internal.handler.NullResultGuardian.handle(NullResultGuardian.java:29)
	at org.mockito.internal.handler.InvocationNotifierHandler.handle(InvocationNotifierHandler.java:34)
	at org.mockito.internal.creation.bytebuddy.access.MockMethodInterceptor.doIntercept(MockMethodInterceptor.java:84)
	at org.mockito.internal.creation.bytebuddy.MockMethodAdvice.handle(MockMethodAdvice.java:136)
	at org.tarik.ta.core.agents.GenericAiAgent.executeAndGetResult(GenericAiAgent.java:59)
	at org.tarik.ta.agents.UiPreconditionVerificationUiTestAgentTest.shouldHandleFailedVerificationExecution(UiPreconditionVerificationUiTestAgentTest.java:73)
	at java.base/jdk.internal.reflect.DirectMethodHandleAccessor.invoke(DirectMethodHandleAccessor.java:104)
	at java.base/java.lang.reflect.Method.invoke(Method.java:565)
	at org.junit.platform.commons.util.ReflectionUtils.invokeMethod(ReflectionUtils.java:775)
	at org.junit.platform.commons.support.ReflectionSupport.invokeMethod(ReflectionSupport.java:479)
	at org.junit.jupiter.engine.execution.MethodInvocation.proceed(MethodInvocation.java:60)
	at org.junit.jupiter.engine.execution.InvocationInterceptorChain$ValidatingInvocation.proceed(InvocationInterceptorChain.java:131)
	at org.junit.jupiter.engine.extension.TimeoutExtension.intercept(TimeoutExtension.java:161)
	at org.junit.jupiter.engine.extension.TimeoutExtension.interceptTestableMethod(TimeoutExtension.java:152)
	at org.junit.jupiter.engine.extension.TimeoutExtension.interceptTestMethod(TimeoutExtension.java:91)
	at org.junit.jupiter.engine.execution.InterceptingExecutableInvoker$ReflectiveInterceptorCall.lambda$ofVoidMethod$0(InterceptingExecutableInvoker.java:112)
	at org.junit.jupiter.engine.execution.InterceptingExecutableInvoker.lambda$invoke$0(InterceptingExecutableInvoker.java:94)
	at org.junit.jupiter.engine.execution.InvocationInterceptorChain$InterceptedInvocation.proceed(InvocationInterceptorChain.java:106)
	at org.junit.jupiter.engine.execution.InvocationInterceptorChain.proceed(InvocationInterceptorChain.java:64)
	at org.junit.jupiter.engine.execution.InvocationInterceptorChain.chainAndInvoke(InvocationInterceptorChain.java:45)
	at org.junit.jupiter.engine.execution.InvocationInterceptorChain.invoke(InvocationInterceptorChain.java:37)
	at org.junit.jupiter.engine.execution.InterceptingExecutableInvoker.invoke(InterceptingExecutableInvoker.java:93)
	at org.junit.jupiter.engine.execution.InterceptingExecutableInvoker.invoke(InterceptingExecutableInvoker.java:87)
	at org.junit.jupiter.engine.descriptor.TestMethodTestDescriptor.lambda$invokeTestMethod$7(TestMethodTestDescriptor.java:216)
	at org.junit.platform.engine.support.hierarchical.ThrowableCollector.execute(ThrowableCollector.java:73)
	at org.junit.jupiter.engine.descriptor.TestMethodTestDescriptor.invokeTestMethod(TestMethodTestDescriptor.java:212)
	at org.junit.jupiter.engine.descriptor.TestMethodTestDescriptor.execute(TestMethodTestDescriptor.java:137)
	at org.junit.jupiter.engine.descriptor.TestMethodTestDescriptor.execute(TestMethodTestDescriptor.java:69)
	at org.junit.platform.engine.support.hierarchical.NodeTestTask.lambda$executeRecursively$6(NodeTestTask.java:156)
	at org.junit.platform.engine.support.hierarchical.ThrowableCollector.execute(ThrowableCollector.java:73)
	at org.junit.platform.engine.support.hierarchical.NodeTestTask.lambda$executeRecursively$8(NodeTestTask.java:146)
	at org.junit.platform.engine.support.hierarchical.Node.around(Node.java:137)
	at org.junit.platform.engine.support.hierarchical.NodeTestTask.lambda$executeRecursively$9(NodeTestTask.java:144)
	at org.junit.platform.engine.support.hierarchical.ThrowableCollector.execute(ThrowableCollector.java:73)
	at org.junit.platform.engine.support.hierarchical.NodeTestTask.executeRecursively(NodeTestTask.java:143)
	at org.junit.platform.engine.support.hierarchical.NodeTestTask.execute(NodeTestTask.java:100)
	at java.base/java.util.ArrayList.forEach(ArrayList.java:1604)
	at org.junit.platform.engine.support.hierarchical.SameThreadHierarchicalTestExecutorService.invokeAll(SameThreadHierarchicalTestExecutorService.java:41)
	at org.junit.platform.engine.support.hierarchical.NodeTestTask.lambda$executeRecursively$6(NodeTestTask.java:160)
	at org.junit.platform.engine.support.hierarchical.ThrowableCollector.execute(ThrowableCollector.java:73)
	at org.junit.platform.engine.support.hierarchical.NodeTestTask.lambda$executeRecursively$8(NodeTestTask.java:146)
	at org.junit.platform.engine.support.hierarchical.Node.around(Node.java:137)
	at org.junit.platform.engine.support.hierarchical.NodeTestTask.lambda$executeRecursively$9(NodeTestTask.java:144)
	at org.junit.platform.engine.support.hierarchical.ThrowableCollector.execute(ThrowableCollector.java:73)
	at org.junit.platform.engine.support.hierarchical.NodeTestTask.executeRecursively(NodeTestTask.java:143)
	at org.junit.platform.engine.support.hierarchical.NodeTestTask.execute(NodeTestTask.java:100)
	at java.base/java.util.ArrayList.forEach(ArrayList.java:1604)
	at org.junit.platform.engine.support.hierarchical.SameThreadHierarchicalTestExecutorService.invokeAll(SameThreadHierarchicalTestExecutorService.java:41)
	at org.junit.platform.engine.support.hierarchical.NodeTestTask.lambda$executeRecursively$6(NodeTestTask.java:160)
	at org.junit.platform.engine.support.hierarchical.ThrowableCollector.execute(ThrowableCollector.java:73)
	at org.junit.platform.engine.support.hierarchical.NodeTestTask.lambda$executeRecursively$8(NodeTestTask.java:146)
	at org.junit.platform.engine.support.hierarchical.Node.around(Node.java:137)
	at org.junit.platform.engine.support.hierarchical.NodeTestTask.lambda$executeRecursively$9(NodeTestTask.java:144)
	at org.junit.platform.engine.support.hierarchical.ThrowableCollector.execute(ThrowableCollector.java:73)
	at org.junit.platform.engine.support.hierarchical.NodeTestTask.executeRecursively(NodeTestTask.java:143)
	at org.junit.platform.engine.support.hierarchical.NodeTestTask.execute(NodeTestTask.java:100)
	at org.junit.platform.engine.support.hierarchical.SameThreadHierarchicalTestExecutorService.submit(SameThreadHierarchicalTestExecutorService.java:35)
	at org.junit.platform.engine.support.hierarchical.HierarchicalTestExecutor.execute(HierarchicalTestExecutor.java:57)
	at org.junit.platform.engine.support.hierarchical.HierarchicalTestEngine.execute(HierarchicalTestEngine.java:54)
	at org.junit.platform.launcher.core.EngineExecutionOrchestrator.execute(EngineExecutionOrchestrator.java:201)
	at org.junit.platform.launcher.core.EngineExecutionOrchestrator.execute(EngineExecutionOrchestrator.java:170)
	at org.junit.platform.launcher.core.EngineExecutionOrchestrator.execute(EngineExecutionOrchestrator.java:94)
	at org.junit.platform.launcher.core.EngineExecutionOrchestrator.lambda$execute$0(EngineExecutionOrchestrator.java:59)
	at org.junit.platform.launcher.core.EngineExecutionOrchestrator.withInterceptedStreams(EngineExecutionOrchestrator.java:142)
	at org.junit.platform.launcher.core.EngineExecutionOrchestrator.execute(EngineExecutionOrchestrator.java:58)
	at org.junit.platform.launcher.core.DefaultLauncher.execute(DefaultLauncher.java:103)
	at org.junit.platform.launcher.core.DefaultLauncher.execute(DefaultLauncher.java:85)
	at org.junit.platform.launcher.core.DelegatingLauncher.execute(DelegatingLauncher.java:47)
	at org.junit.platform.launcher.core.InterceptingLauncher.lambda$execute$1(InterceptingLauncher.java:39)
	at org.junit.platform.launcher.core.ClasspathAlignmentCheckingLauncherInterceptor.intercept(ClasspathAlignmentCheckingLauncherInterceptor.java:25)
	at org.junit.platform.launcher.core.InterceptingLauncher.execute(InterceptingLauncher.java:38)
	at org.junit.platform.launcher.core.DelegatingLauncher.execute(DelegatingLauncher.java:47)
	at org.junit.platform.launcher.core.SessionPerRequestLauncher.execute(SessionPerRequestLauncher.java:63)
	at com.intellij.junit5.JUnit5IdeaTestRunner.startRunnerWithArgs(JUnit5IdeaTestRunner.java:66)
	at com.intellij.rt.junit.IdeaTestRunner$Repeater$1.execute(IdeaTestRunner.java:38)
	at com.intellij.rt.execution.junit.TestsRepeater.repeat(TestsRepeater.java:11)
	at com.intellij.rt.junit.IdeaTestRunner$Repeater.startRunnerWithArgs(IdeaTestRunner.java:35)
	at com.intellij.rt.junit.JUnitStarter.prepareStreamsAndStart(JUnitStarter.java:237)
	at com.intellij.rt.junit.JUnitStarter.main(JUnitStarter.java:58)
13:35:09.030 [main] INFO  org.tarik.ta.core.AgentConfig - Loaded properties from config.properties
13:35:09.032 [main] INFO  org.tarik.ta.core.AgentConfig - Using property file value for key 'port' with value '8005'
13:35:09.033 [main] INFO  org.tarik.ta.core.AgentConfig - Using property file value for key 'unattended.mode' with value 'true'
13:35:09.033 [main] INFO  org.tarik.ta.core.AgentConfig - Using property file value for key 'host' with value 'localhost'
13:35:09.033 [main] INFO  org.tarik.ta.core.AgentConfig - Using default value for key 'external.url'
13:35:09.034 [main] INFO  org.tarik.ta.core.AgentConfig - Using property file value for key 'debug.mode' with value 'false'
13:35:09.035 [main] INFO  org.tarik.ta.core.AgentConfig - Using property file value for key 'vector.db.provider' with value 'chroma'
13:35:09.035 [main] INFO  org.tarik.ta.core.AgentConfig - Using property file value for key 'vector.db.url' with value 'http://localhost:8020'
13:35:09.035 [main] INFO  org.tarik.ta.core.AgentConfig - Using property file value for key 'retriever.top.n' with value '5'
13:35:09.035 [main] INFO  org.tarik.ta.core.AgentConfig - Using property file value for key 'model.max.output.tokens' with value '8192'
13:35:09.035 [main] INFO  org.tarik.ta.core.AgentConfig - Using property file value for key 'model.temperature' with value '0.0'
13:35:09.036 [main] INFO  org.tarik.ta.core.AgentConfig - Using property file value for key 'model.top.p' with value '1.0'
13:35:09.036 [main] INFO  org.tarik.ta.core.AgentConfig - Using property file value for key 'model.logging.enabled' with value 'false'
13:35:09.036 [main] INFO  org.tarik.ta.core.AgentConfig - Using property file value for key 'thinking.output.enabled' with value 'false'
13:35:09.036 [main] INFO  org.tarik.ta.core.AgentConfig - Using property file value for key 'gemini.thinking.budget' with value '0'
13:35:09.036 [main] INFO  org.tarik.ta.core.AgentConfig - Using property file value for key 'model.max.retries' with value '10'
13:35:09.036 [main] INFO  org.tarik.ta.core.AgentConfig - Using property file value for key 'google.api.provider' with value 'studio_ai'
13:35:09.037 [main] INFO  org.tarik.ta.core.AgentConfig - Using property file value for key 'google.api.token'
13:35:09.037 [main] INFO  org.tarik.ta.core.AgentConfig - Using property file value for key 'google.project' with value 'YOUR_GOOGLE_PROJECT_ID'
13:35:09.037 [main] INFO  org.tarik.ta.core.AgentConfig - Using property file value for key 'google.location' with value 'YOUR_GOOGLE_PROJECT_LOCATION'
13:35:09.037 [main] INFO  org.tarik.ta.core.AgentConfig - Using property file value for key 'azure.openai.api.key'
13:35:09.037 [main] INFO  org.tarik.ta.core.AgentConfig - Using property file value for key 'azure.openai.endpoint' with value 'YOUR_AZURE_OPEN_AI_ENDPOINT_HERE'
13:35:09.037 [main] INFO  org.tarik.ta.core.AgentConfig - Using property file value for key 'groq.api.key'
13:35:09.037 [main] INFO  org.tarik.ta.core.AgentConfig - Using property file value for key 'groq.endpoint' with value 'YOUR_GROQ_ENDPOINT_HERE'
13:35:09.038 [main] INFO  org.tarik.ta.core.AgentConfig - Using property file value for key 'anthropic.api.provider' with value 'vertex_ai'
13:35:09.038 [main] INFO  org.tarik.ta.core.AgentConfig - Using property file value for key 'anthropic.api.key'
13:35:09.038 [main] INFO  org.tarik.ta.core.AgentConfig - Using property file value for key 'anthropic.endpoint' with value 'https://api.anthropic.com/v1/'
13:35:09.038 [main] INFO  org.tarik.ta.core.AgentConfig - Using property file value for key 'test.step.execution.retry.timeout.millis' with value '5000'
13:35:09.038 [main] INFO  org.tarik.ta.core.AgentConfig - Using property file value for key 'test.step.execution.retry.interval.millis' with value '1000'
13:35:09.038 [main] INFO  org.tarik.ta.core.AgentConfig - Using property file value for key 'verification.retry.timeout.millis' with value '10000'
13:35:09.038 [main] INFO  org.tarik.ta.core.AgentConfig - Using property file value for key 'action.verification.delay.millis' with value '500'
13:35:09.038 [main] INFO  org.tarik.ta.core.AgentConfig - Using property file value for key 'max.action.execution.duration.millis' with value '30000'
13:35:09.038 [main] INFO  org.tarik.ta.core.AgentConfig - Using property file value for key 'agent.token.budget' with value '1000000'
13:35:09.039 [main] INFO  org.tarik.ta.core.AgentConfig - Using property file value for key 'agent.tool.calls.budget.attended' with value '100'
13:35:09.039 [main] INFO  org.tarik.ta.core.AgentConfig - Using property file value for key 'agent.tool.calls.budget.unattended' with value '5'
13:35:09.039 [main] INFO  org.tarik.ta.core.AgentConfig - Using property file value for key 'agent.execution.time.budget.seconds' with value '3000'
13:35:09.039 [main] INFO  org.tarik.ta.core.AgentConfig - Using property file value for key 'precondition.agent.model.name' with value 'gemini-2.5-flash'
13:35:09.039 [main] INFO  org.tarik.ta.core.AgentConfig - Using property file value for key 'precondition.agent.model.provider' with value 'google'
13:35:09.040 [main] INFO  org.tarik.ta.core.AgentConfig - Using property file value for key 'precondition.agent.prompt.version' with value 'v1.0.0'
13:35:09.040 [main] INFO  org.tarik.ta.core.AgentConfig - Using property file value for key 'precondition.verification.agent.model.name' with value 'gemini-2.5-flash'
13:35:09.040 [main] INFO  org.tarik.ta.core.AgentConfig - Using property file value for key 'precondition.verification.agent.model.provider' with value 'google'
13:35:09.040 [main] INFO  org.tarik.ta.core.AgentConfig - Using property file value for key 'precondition.verification.agent.prompt.version' with value 'v1.0.0'
13:35:09.041 [main] INFO  org.tarik.ta.core.AgentConfig - Using property file value for key 'test.step.action.agent.model.name' with value 'gemini-2.5-flash'
13:35:09.041 [main] INFO  org.tarik.ta.core.AgentConfig - Using property file value for key 'test.step.action.agent.model.provider' with value 'google'
13:35:09.041 [main] INFO  org.tarik.ta.core.AgentConfig - Using property file value for key 'test.step.action.agent.prompt.version' with value 'v1.0.0'
13:35:09.042 [main] INFO  org.tarik.ta.core.AgentConfig - Using property file value for key 'test.step.verification.agent.model.name' with value 'gemini-2.5-flash'
13:35:09.042 [main] INFO  org.tarik.ta.core.AgentConfig - Using property file value for key 'test.step.verification.agent.model.provider' with value 'google'
13:35:09.042 [main] INFO  org.tarik.ta.core.AgentConfig - Using property file value for key 'test.step.verification.agent.prompt.version' with value 'v1.0.0'
13:35:09.042 [main] INFO  org.tarik.ta.core.AgentConfig - Using property file value for key 'test.case.extraction.agent.model.name' with value 'gemini-2.5-flash'
13:35:09.042 [main] INFO  org.tarik.ta.core.AgentConfig - Using property file value for key 'test.case.extraction.agent.model.provider' with value 'google'
13:35:09.043 [main] INFO  org.tarik.ta.core.AgentConfig - Using property file value for key 'test.case.extraction.agent.prompt.version' with value 'v1.0.0'
13:35:09.243 [main] ERROR o.t.ta.core.agents.GenericAiAgent - Error executing agent action
java.lang.RuntimeException: Simulated error
	at org.tarik.ta.agents.UiPreconditionActionUiTestAgentTest.lambda$shouldHandleFailedExecution$2(UiPreconditionActionUiTestAgentTest.java:64)
	at org.tarik.ta.core.agents.GenericAiAgent.executeAndGetResult(GenericAiAgent.java:61)
	at org.tarik.ta.agents.UiPreconditionActionUiTestAgentTest.shouldHandleFailedExecution(UiPreconditionActionUiTestAgentTest.java:63)
	at java.base/jdk.internal.reflect.DirectMethodHandleAccessor.invoke(DirectMethodHandleAccessor.java:104)
	at java.base/java.lang.reflect.Method.invoke(Method.java:565)
	at org.junit.platform.commons.util.ReflectionUtils.invokeMethod(ReflectionUtils.java:775)
	at org.junit.platform.commons.support.ReflectionSupport.invokeMethod(ReflectionSupport.java:479)
	at org.junit.jupiter.engine.execution.MethodInvocation.proceed(MethodInvocation.java:60)
	at org.junit.jupiter.engine.execution.InvocationInterceptorChain$ValidatingInvocation.proceed(InvocationInterceptorChain.java:131)
	at org.junit.jupiter.engine.extension.TimeoutExtension.intercept(TimeoutExtension.java:161)
	at org.junit.jupiter.engine.extension.TimeoutExtension.interceptTestableMethod(TimeoutExtension.java:152)
	at org.junit.jupiter.engine.extension.TimeoutExtension.interceptTestMethod(TimeoutExtension.java:91)
	at org.junit.jupiter.engine.execution.InterceptingExecutableInvoker$ReflectiveInterceptorCall.lambda$ofVoidMethod$0(InterceptingExecutableInvoker.java:112)
	at org.junit.jupiter.engine.execution.InterceptingExecutableInvoker.lambda$invoke$0(InterceptingExecutableInvoker.java:94)
	at org.junit.jupiter.engine.execution.InvocationInterceptorChain$InterceptedInvocation.proceed(InvocationInterceptorChain.java:106)
	at org.junit.jupiter.engine.execution.InvocationInterceptorChain.proceed(InvocationInterceptorChain.java:64)
	at org.junit.jupiter.engine.execution.InvocationInterceptorChain.chainAndInvoke(InvocationInterceptorChain.java:45)
	at org.junit.jupiter.engine.execution.InvocationInterceptorChain.invoke(InvocationInterceptorChain.java:37)
	at org.junit.jupiter.engine.execution.InterceptingExecutableInvoker.invoke(InterceptingExecutableInvoker.java:93)
	at org.junit.jupiter.engine.execution.InterceptingExecutableInvoker.invoke(InterceptingExecutableInvoker.java:87)
	at org.junit.jupiter.engine.descriptor.TestMethodTestDescriptor.lambda$invokeTestMethod$7(TestMethodTestDescriptor.java:216)
	at org.junit.platform.engine.support.hierarchical.ThrowableCollector.execute(ThrowableCollector.java:73)
	at org.junit.jupiter.engine.descriptor.TestMethodTestDescriptor.invokeTestMethod(TestMethodTestDescriptor.java:212)
	at org.junit.jupiter.engine.descriptor.TestMethodTestDescriptor.execute(TestMethodTestDescriptor.java:137)
	at org.junit.jupiter.engine.descriptor.TestMethodTestDescriptor.execute(TestMethodTestDescriptor.java:69)
	at org.junit.platform.engine.support.hierarchical.NodeTestTask.lambda$executeRecursively$6(NodeTestTask.java:156)
	at org.junit.platform.engine.support.hierarchical.ThrowableCollector.execute(ThrowableCollector.java:73)
	at org.junit.platform.engine.support.hierarchical.NodeTestTask.lambda$executeRecursively$8(NodeTestTask.java:146)
	at org.junit.platform.engine.support.hierarchical.Node.around(Node.java:137)
	at org.junit.platform.engine.support.hierarchical.NodeTestTask.lambda$executeRecursively$9(NodeTestTask.java:144)
	at org.junit.platform.engine.support.hierarchical.ThrowableCollector.execute(ThrowableCollector.java:73)
	at org.junit.platform.engine.support.hierarchical.NodeTestTask.executeRecursively(NodeTestTask.java:143)
	at org.junit.platform.engine.support.hierarchical.NodeTestTask.execute(NodeTestTask.java:100)
	at java.base/java.util.ArrayList.forEach(ArrayList.java:1604)
	at org.junit.platform.engine.support.hierarchical.SameThreadHierarchicalTestExecutorService.invokeAll(SameThreadHierarchicalTestExecutorService.java:41)
	at org.junit.platform.engine.support.hierarchical.NodeTestTask.lambda$executeRecursively$6(NodeTestTask.java:160)
	at org.junit.platform.engine.support.hierarchical.ThrowableCollector.execute(ThrowableCollector.java:73)
	at org.junit.platform.engine.support.hierarchical.NodeTestTask.lambda$executeRecursively$8(NodeTestTask.java:146)
	at org.junit.platform.engine.support.hierarchical.Node.around(Node.java:137)
	at org.junit.platform.engine.support.hierarchical.NodeTestTask.lambda$executeRecursively$9(NodeTestTask.java:144)
	at org.junit.platform.engine.support.hierarchical.ThrowableCollector.execute(ThrowableCollector.java:73)
	at org.junit.platform.engine.support.hierarchical.NodeTestTask.executeRecursively(NodeTestTask.java:143)
	at org.junit.platform.engine.support.hierarchical.NodeTestTask.execute(NodeTestTask.java:100)
	at java.base/java.util.ArrayList.forEach(ArrayList.java:1604)
	at org.junit.platform.engine.support.hierarchical.SameThreadHierarchicalTestExecutorService.invokeAll(SameThreadHierarchicalTestExecutorService.java:41)
	at org.junit.platform.engine.support.hierarchical.NodeTestTask.lambda$executeRecursively$6(NodeTestTask.java:160)
	at org.junit.platform.engine.support.hierarchical.ThrowableCollector.execute(ThrowableCollector.java:73)
	at org.junit.platform.engine.support.hierarchical.NodeTestTask.lambda$executeRecursively$8(NodeTestTask.java:146)
	at org.junit.platform.engine.support.hierarchical.Node.around(Node.java:137)
	at org.junit.platform.engine.support.hierarchical.NodeTestTask.lambda$executeRecursively$9(NodeTestTask.java:144)
	at org.junit.platform.engine.support.hierarchical.ThrowableCollector.execute(ThrowableCollector.java:73)
	at org.junit.platform.engine.support.hierarchical.NodeTestTask.executeRecursively(NodeTestTask.java:143)
	at org.junit.platform.engine.support.hierarchical.NodeTestTask.execute(NodeTestTask.java:100)
	at org.junit.platform.engine.support.hierarchical.SameThreadHierarchicalTestExecutorService.submit(SameThreadHierarchicalTestExecutorService.java:35)
	at org.junit.platform.engine.support.hierarchical.HierarchicalTestExecutor.execute(HierarchicalTestExecutor.java:57)
	at org.junit.platform.engine.support.hierarchical.HierarchicalTestEngine.execute(HierarchicalTestEngine.java:54)
	at org.junit.platform.launcher.core.EngineExecutionOrchestrator.execute(EngineExecutionOrchestrator.java:201)
	at org.junit.platform.launcher.core.EngineExecutionOrchestrator.execute(EngineExecutionOrchestrator.java:170)
	at org.junit.platform.launcher.core.EngineExecutionOrchestrator.execute(EngineExecutionOrchestrator.java:94)
	at org.junit.platform.launcher.core.EngineExecutionOrchestrator.lambda$execute$0(EngineExecutionOrchestrator.java:59)
	at org.junit.platform.launcher.core.EngineExecutionOrchestrator.withInterceptedStreams(EngineExecutionOrchestrator.java:142)
	at org.junit.platform.launcher.core.EngineExecutionOrchestrator.execute(EngineExecutionOrchestrator.java:58)
	at org.junit.platform.launcher.core.DefaultLauncher.execute(DefaultLauncher.java:103)
	at org.junit.platform.launcher.core.DefaultLauncher.execute(DefaultLauncher.java:85)
	at org.junit.platform.launcher.core.DelegatingLauncher.execute(DelegatingLauncher.java:47)
	at org.junit.platform.launcher.core.InterceptingLauncher.lambda$execute$1(InterceptingLauncher.java:39)
	at org.junit.platform.launcher.core.ClasspathAlignmentCheckingLauncherInterceptor.intercept(ClasspathAlignmentCheckingLauncherInterceptor.java:25)
	at org.junit.platform.launcher.core.InterceptingLauncher.execute(InterceptingLauncher.java:38)
	at org.junit.platform.launcher.core.DelegatingLauncher.execute(DelegatingLauncher.java:47)
	at org.junit.platform.launcher.core.SessionPerRequestLauncher.execute(SessionPerRequestLauncher.java:63)
	at com.intellij.junit5.JUnit5IdeaTestRunner.startRunnerWithArgs(JUnit5IdeaTestRunner.java:66)
	at com.intellij.rt.junit.IdeaTestRunner$Repeater$1.execute(IdeaTestRunner.java:38)
	at com.intellij.rt.execution.junit.TestsRepeater.repeat(TestsRepeater.java:11)
	at com.intellij.rt.junit.IdeaTestRunner$Repeater.startRunnerWithArgs(IdeaTestRunner.java:35)
	at com.intellij.rt.junit.JUnitStarter.prepareStreamsAndStart(JUnitStarter.java:237)
	at com.intellij.rt.junit.JUnitStarter.main(JUnitStarter.java:58)
13:35:09.499 [main] ERROR o.t.ta.core.agents.GenericAiAgent - Error executing agent action
java.lang.RuntimeException: Action execution error
	at org.tarik.ta.agents.UiTestStepActionUiTestAgentTest.lambda$shouldHandleFailedExecution$0(UiTestStepActionUiTestAgentTest.java:70)
	at org.tarik.ta.core.agents.GenericAiAgent.executeAndGetResult(GenericAiAgent.java:61)
	at java.base/java.lang.invoke.MethodHandle.invokeWithArguments(MethodHandle.java:735)
	at org.mockito.internal.util.reflection.InstrumentationMemberAccessor$Dispatcher$ByteBuddy$42c9eH4j.invokeWithArguments(Unknown Source)
	at org.mockito.internal.util.reflection.InstrumentationMemberAccessor.invoke(InstrumentationMemberAccessor.java:265)
	at org.mockito.internal.util.reflection.ModuleMemberAccessor.invoke(ModuleMemberAccessor.java:55)
	at org.mockito.internal.creation.bytebuddy.MockMethodAdvice.tryInvoke(MockMethodAdvice.java:316)
	at org.mockito.internal.creation.bytebuddy.MockMethodAdvice$RealMethodCall.invoke(MockMethodAdvice.java:236)
	at org.mockito.internal.invocation.InterceptedInvocation.callRealMethod(InterceptedInvocation.java:142)
	at org.mockito.internal.stubbing.answers.CallsRealMethods.answer(CallsRealMethods.java:45)
	at org.mockito.Answers.answer(Answers.java:90)
	at org.mockito.internal.handler.MockHandlerImpl.handle(MockHandlerImpl.java:111)
	at org.mockito.internal.handler.NullResultGuardian.handle(NullResultGuardian.java:29)
	at org.mockito.internal.handler.InvocationNotifierHandler.handle(InvocationNotifierHandler.java:34)
	at org.mockito.internal.creation.bytebuddy.access.MockMethodInterceptor.doIntercept(MockMethodInterceptor.java:84)
	at org.mockito.internal.creation.bytebuddy.MockMethodAdvice.handle(MockMethodAdvice.java:136)
	at org.tarik.ta.core.agents.GenericAiAgent.executeAndGetResult(GenericAiAgent.java:59)
	at org.tarik.ta.agents.UiTestStepActionUiTestAgentTest.shouldHandleFailedExecution(UiTestStepActionUiTestAgentTest.java:69)
	at java.base/jdk.internal.reflect.DirectMethodHandleAccessor.invoke(DirectMethodHandleAccessor.java:104)
	at java.base/java.lang.reflect.Method.invoke(Method.java:565)
	at org.junit.platform.commons.util.ReflectionUtils.invokeMethod(ReflectionUtils.java:775)
	at org.junit.platform.commons.support.ReflectionSupport.invokeMethod(ReflectionSupport.java:479)
	at org.junit.jupiter.engine.execution.MethodInvocation.proceed(MethodInvocation.java:60)
	at org.junit.jupiter.engine.execution.InvocationInterceptorChain$ValidatingInvocation.proceed(InvocationInterceptorChain.java:131)
	at org.junit.jupiter.engine.extension.TimeoutExtension.intercept(TimeoutExtension.java:161)
	at org.junit.jupiter.engine.extension.TimeoutExtension.interceptTestableMethod(TimeoutExtension.java:152)
	at org.junit.jupiter.engine.extension.TimeoutExtension.interceptTestMethod(TimeoutExtension.java:91)
	at org.junit.jupiter.engine.execution.InterceptingExecutableInvoker$ReflectiveInterceptorCall.lambda$ofVoidMethod$0(InterceptingExecutableInvoker.java:112)
	at org.junit.jupiter.engine.execution.InterceptingExecutableInvoker.lambda$invoke$0(InterceptingExecutableInvoker.java:94)
	at org.junit.jupiter.engine.execution.InvocationInterceptorChain$InterceptedInvocation.proceed(InvocationInterceptorChain.java:106)
	at org.junit.jupiter.engine.execution.InvocationInterceptorChain.proceed(InvocationInterceptorChain.java:64)
	at org.junit.jupiter.engine.execution.InvocationInterceptorChain.chainAndInvoke(InvocationInterceptorChain.java:45)
	at org.junit.jupiter.engine.execution.InvocationInterceptorChain.invoke(InvocationInterceptorChain.java:37)
	at org.junit.jupiter.engine.execution.InterceptingExecutableInvoker.invoke(InterceptingExecutableInvoker.java:93)
	at org.junit.jupiter.engine.execution.InterceptingExecutableInvoker.invoke(InterceptingExecutableInvoker.java:87)
	at org.junit.jupiter.engine.descriptor.TestMethodTestDescriptor.lambda$invokeTestMethod$7(TestMethodTestDescriptor.java:216)
	at org.junit.platform.engine.support.hierarchical.ThrowableCollector.execute(ThrowableCollector.java:73)
	at org.junit.jupiter.engine.descriptor.TestMethodTestDescriptor.invokeTestMethod(TestMethodTestDescriptor.java:212)
	at org.junit.jupiter.engine.descriptor.TestMethodTestDescriptor.execute(TestMethodTestDescriptor.java:137)
	at org.junit.jupiter.engine.descriptor.TestMethodTestDescriptor.execute(TestMethodTestDescriptor.java:69)
	at org.junit.platform.engine.support.hierarchical.NodeTestTask.lambda$executeRecursively$6(NodeTestTask.java:156)
	at org.junit.platform.engine.support.hierarchical.ThrowableCollector.execute(ThrowableCollector.java:73)
	at org.junit.platform.engine.support.hierarchical.NodeTestTask.lambda$executeRecursively$8(NodeTestTask.java:146)
	at org.junit.platform.engine.support.hierarchical.Node.around(Node.java:137)
	at org.junit.platform.engine.support.hierarchical.NodeTestTask.lambda$executeRecursively$9(NodeTestTask.java:144)
	at org.junit.platform.engine.support.hierarchical.ThrowableCollector.execute(ThrowableCollector.java:73)
	at org.junit.platform.engine.support.hierarchical.NodeTestTask.executeRecursively(NodeTestTask.java:143)
	at org.junit.platform.engine.support.hierarchical.NodeTestTask.execute(NodeTestTask.java:100)
	at java.base/java.util.ArrayList.forEach(ArrayList.java:1604)
	at org.junit.platform.engine.support.hierarchical.SameThreadHierarchicalTestExecutorService.invokeAll(SameThreadHierarchicalTestExecutorService.java:41)
	at org.junit.platform.engine.support.hierarchical.NodeTestTask.lambda$executeRecursively$6(NodeTestTask.java:160)
	at org.junit.platform.engine.support.hierarchical.ThrowableCollector.execute(ThrowableCollector.java:73)
	at org.junit.platform.engine.support.hierarchical.NodeTestTask.lambda$executeRecursively$8(NodeTestTask.java:146)
	at org.junit.platform.engine.support.hierarchical.Node.around(Node.java:137)
	at org.junit.platform.engine.support.hierarchical.NodeTestTask.lambda$executeRecursively$9(NodeTestTask.java:144)
	at org.junit.platform.engine.support.hierarchical.ThrowableCollector.execute(ThrowableCollector.java:73)
	at org.junit.platform.engine.support.hierarchical.NodeTestTask.executeRecursively(NodeTestTask.java:143)
	at org.junit.platform.engine.support.hierarchical.NodeTestTask.execute(NodeTestTask.java:100)
	at java.base/java.util.ArrayList.forEach(ArrayList.java:1604)
	at org.junit.platform.engine.support.hierarchical.SameThreadHierarchicalTestExecutorService.invokeAll(SameThreadHierarchicalTestExecutorService.java:41)
	at org.junit.platform.engine.support.hierarchical.NodeTestTask.lambda$executeRecursively$6(NodeTestTask.java:160)
	at org.junit.platform.engine.support.hierarchical.ThrowableCollector.execute(ThrowableCollector.java:73)
	at org.junit.platform.engine.support.hierarchical.NodeTestTask.lambda$executeRecursively$8(NodeTestTask.java:146)
	at org.junit.platform.engine.support.hierarchical.Node.around(Node.java:137)
	at org.junit.platform.engine.support.hierarchical.NodeTestTask.lambda$executeRecursively$9(NodeTestTask.java:144)
	at org.junit.platform.engine.support.hierarchical.ThrowableCollector.execute(ThrowableCollector.java:73)
	at org.junit.platform.engine.support.hierarchical.NodeTestTask.executeRecursively(NodeTestTask.java:143)
	at org.junit.platform.engine.support.hierarchical.NodeTestTask.execute(NodeTestTask.java:100)
	at org.junit.platform.engine.support.hierarchical.SameThreadHierarchicalTestExecutorService.submit(SameThreadHierarchicalTestExecutorService.java:35)
	at org.junit.platform.engine.support.hierarchical.HierarchicalTestExecutor.execute(HierarchicalTestExecutor.java:57)
	at org.junit.platform.engine.support.hierarchical.HierarchicalTestEngine.execute(HierarchicalTestEngine.java:54)
	at org.junit.platform.launcher.core.EngineExecutionOrchestrator.execute(EngineExecutionOrchestrator.java:201)
	at org.junit.platform.launcher.core.EngineExecutionOrchestrator.execute(EngineExecutionOrchestrator.java:170)
	at org.junit.platform.launcher.core.EngineExecutionOrchestrator.execute(EngineExecutionOrchestrator.java:94)
	at org.junit.platform.launcher.core.EngineExecutionOrchestrator.lambda$execute$0(EngineExecutionOrchestrator.java:59)
	at org.junit.platform.launcher.core.EngineExecutionOrchestrator.withInterceptedStreams(EngineExecutionOrchestrator.java:142)
	at org.junit.platform.launcher.core.EngineExecutionOrchestrator.execute(EngineExecutionOrchestrator.java:58)
	at org.junit.platform.launcher.core.DefaultLauncher.execute(DefaultLauncher.java:103)
	at org.junit.platform.launcher.core.DefaultLauncher.execute(DefaultLauncher.java:85)
	at org.junit.platform.launcher.core.DelegatingLauncher.execute(DelegatingLauncher.java:47)
	at org.junit.platform.launcher.core.InterceptingLauncher.lambda$execute$1(InterceptingLauncher.java:39)
	at org.junit.platform.launcher.core.ClasspathAlignmentCheckingLauncherInterceptor.intercept(ClasspathAlignmentCheckingLauncherInterceptor.java:25)
	at org.junit.platform.launcher.core.InterceptingLauncher.execute(InterceptingLauncher.java:38)
	at org.junit.platform.launcher.core.DelegatingLauncher.execute(DelegatingLauncher.java:47)
	at org.junit.platform.launcher.core.SessionPerRequestLauncher.execute(SessionPerRequestLauncher.java:63)
	at com.intellij.junit5.JUnit5IdeaTestRunner.startRunnerWithArgs(JUnit5IdeaTestRunner.java:66)
	at com.intellij.rt.junit.IdeaTestRunner$Repeater$1.execute(IdeaTestRunner.java:38)
	at com.intellij.rt.execution.junit.TestsRepeater.repeat(TestsRepeater.java:11)
	at com.intellij.rt.junit.IdeaTestRunner$Repeater.startRunnerWithArgs(IdeaTestRunner.java:35)
	at com.intellij.rt.junit.JUnitStarter.prepareStreamsAndStart(JUnitStarter.java:237)
	at com.intellij.rt.junit.JUnitStarter.main(JUnitStarter.java:58)
13:35:10.178 [main] INFO  org.tarik.ta.UiTestAgent - Attempting to extract TestCase instance from user message using AI model.
13:35:10.181 [main] INFO  org.tarik.ta.UiTestAgent - Successfully extracted TestCase: 'Single Action Only'
13:35:10.181 [main] INFO  org.tarik.ta.UiTestAgent - Starting execution of the test case 'Single Action Only'
13:35:10.181 [main] INFO  o.t.ta.core.manager.BudgetManager - Budget counters reset.
13:35:10.195 [main] INFO  org.tarik.ta.UiTestAgent - Executing test step: Perform Action Only
13:35:10.195 [main] INFO  o.t.ta.core.manager.BudgetManager - Tool call usage reset.
13:35:10.195 [main] INFO  org.tarik.ta.UiTestAgent - Action execution complete.
13:35:10.196 [main] INFO  org.tarik.ta.UiTestAgent - Finished execution of the test case 'Single Action Only'
13:35:10.327 [main] ERROR o.t.ta.core.agents.GenericAiAgent - Error executing agent action
java.lang.RuntimeException: Verification error
	at org.tarik.ta.agents.UiTestStepVerificationUiTestAgentTest.lambda$shouldHandleFailedVerificationExecution$0(UiTestStepVerificationUiTestAgentTest.java:69)
	at org.tarik.ta.core.agents.GenericAiAgent.executeAndGetResult(GenericAiAgent.java:61)
	at java.base/java.lang.invoke.MethodHandle.invokeWithArguments(MethodHandle.java:735)
	at org.mockito.internal.util.reflection.InstrumentationMemberAccessor$Dispatcher$ByteBuddy$42c9eH4j.invokeWithArguments(Unknown Source)
	at org.mockito.internal.util.reflection.InstrumentationMemberAccessor.invoke(InstrumentationMemberAccessor.java:265)
	at org.mockito.internal.util.reflection.ModuleMemberAccessor.invoke(ModuleMemberAccessor.java:55)
	at org.mockito.internal.creation.bytebuddy.MockMethodAdvice.tryInvoke(MockMethodAdvice.java:316)
	at org.mockito.internal.creation.bytebuddy.MockMethodAdvice$RealMethodCall.invoke(MockMethodAdvice.java:236)
	at org.mockito.internal.invocation.InterceptedInvocation.callRealMethod(InterceptedInvocation.java:142)
	at org.mockito.internal.stubbing.answers.CallsRealMethods.answer(CallsRealMethods.java:45)
	at org.mockito.Answers.answer(Answers.java:90)
	at org.mockito.internal.handler.MockHandlerImpl.handle(MockHandlerImpl.java:111)
	at org.mockito.internal.handler.NullResultGuardian.handle(NullResultGuardian.java:29)
	at org.mockito.internal.handler.InvocationNotifierHandler.handle(InvocationNotifierHandler.java:34)
	at org.mockito.internal.creation.bytebuddy.access.MockMethodInterceptor.doIntercept(MockMethodInterceptor.java:84)
	at org.mockito.internal.creation.bytebuddy.MockMethodAdvice.handle(MockMethodAdvice.java:136)
	at org.tarik.ta.core.agents.GenericAiAgent.executeAndGetResult(GenericAiAgent.java:59)
	at org.tarik.ta.agents.UiTestStepVerificationUiTestAgentTest.shouldHandleFailedVerificationExecution(UiTestStepVerificationUiTestAgentTest.java:68)
	at java.base/jdk.internal.reflect.DirectMethodHandleAccessor.invoke(DirectMethodHandleAccessor.java:104)
	at java.base/java.lang.reflect.Method.invoke(Method.java:565)
	at org.junit.platform.commons.util.ReflectionUtils.invokeMethod(ReflectionUtils.java:775)
	at org.junit.platform.commons.support.ReflectionSupport.invokeMethod(ReflectionSupport.java:479)
	at org.junit.jupiter.engine.execution.MethodInvocation.proceed(MethodInvocation.java:60)
	at org.junit.jupiter.engine.execution.InvocationInterceptorChain$ValidatingInvocation.proceed(InvocationInterceptorChain.java:131)
	at org.junit.jupiter.engine.extension.TimeoutExtension.intercept(TimeoutExtension.java:161)
	at org.junit.jupiter.engine.extension.TimeoutExtension.interceptTestableMethod(TimeoutExtension.java:152)
	at org.junit.jupiter.engine.extension.TimeoutExtension.interceptTestMethod(TimeoutExtension.java:91)
	at org.junit.jupiter.engine.execution.InterceptingExecutableInvoker$ReflectiveInterceptorCall.lambda$ofVoidMethod$0(InterceptingExecutableInvoker.java:112)
	at org.junit.jupiter.engine.execution.InterceptingExecutableInvoker.lambda$invoke$0(InterceptingExecutableInvoker.java:94)
	at org.junit.jupiter.engine.execution.InvocationInterceptorChain$InterceptedInvocation.proceed(InvocationInterceptorChain.java:106)
	at org.junit.jupiter.engine.execution.InvocationInterceptorChain.proceed(InvocationInterceptorChain.java:64)
	at org.junit.jupiter.engine.execution.InvocationInterceptorChain.chainAndInvoke(InvocationInterceptorChain.java:45)
	at org.junit.jupiter.engine.execution.InvocationInterceptorChain.invoke(InvocationInterceptorChain.java:37)
	at org.junit.jupiter.engine.execution.InterceptingExecutableInvoker.invoke(InterceptingExecutableInvoker.java:93)
	at org.junit.jupiter.engine.execution.InterceptingExecutableInvoker.invoke(InterceptingExecutableInvoker.java:87)
	at org.junit.jupiter.engine.descriptor.TestMethodTestDescriptor.lambda$invokeTestMethod$7(TestMethodTestDescriptor.java:216)
	at org.junit.platform.engine.support.hierarchical.ThrowableCollector.execute(ThrowableCollector.java:73)
	at org.junit.jupiter.engine.descriptor.TestMethodTestDescriptor.invokeTestMethod(TestMethodTestDescriptor.java:212)
	at org.junit.jupiter.engine.descriptor.TestMethodTestDescriptor.execute(TestMethodTestDescriptor.java:137)
	at org.junit.jupiter.engine.descriptor.TestMethodTestDescriptor.execute(TestMethodTestDescriptor.java:69)
	at org.junit.platform.engine.support.hierarchical.NodeTestTask.lambda$executeRecursively$6(NodeTestTask.java:156)
	at org.junit.platform.engine.support.hierarchical.ThrowableCollector.execute(ThrowableCollector.java:73)
	at org.junit.platform.engine.support.hierarchical.NodeTestTask.lambda$executeRecursively$8(NodeTestTask.java:146)
	at org.junit.platform.engine.support.hierarchical.Node.around(Node.java:137)
	at org.junit.platform.engine.support.hierarchical.NodeTestTask.lambda$executeRecursively$9(NodeTestTask.java:144)
	at org.junit.platform.engine.support.hierarchical.ThrowableCollector.execute(ThrowableCollector.java:73)
	at org.junit.platform.engine.support.hierarchical.NodeTestTask.executeRecursively(NodeTestTask.java:143)
	at org.junit.platform.engine.support.hierarchical.NodeTestTask.execute(NodeTestTask.java:100)
	at java.base/java.util.ArrayList.forEach(ArrayList.java:1604)
	at org.junit.platform.engine.support.hierarchical.SameThreadHierarchicalTestExecutorService.invokeAll(SameThreadHierarchicalTestExecutorService.java:41)
	at org.junit.platform.engine.support.hierarchical.NodeTestTask.lambda$executeRecursively$6(NodeTestTask.java:160)
	at org.junit.platform.engine.support.hierarchical.ThrowableCollector.execute(ThrowableCollector.java:73)
	at org.junit.platform.engine.support.hierarchical.NodeTestTask.lambda$executeRecursively$8(NodeTestTask.java:146)
	at org.junit.platform.engine.support.hierarchical.Node.around(Node.java:137)
	at org.junit.platform.engine.support.hierarchical.NodeTestTask.lambda$executeRecursively$9(NodeTestTask.java:144)
	at org.junit.platform.engine.support.hierarchical.ThrowableCollector.execute(ThrowableCollector.java:73)
	at org.junit.platform.engine.support.hierarchical.NodeTestTask.executeRecursively(NodeTestTask.java:143)
	at org.junit.platform.engine.support.hierarchical.NodeTestTask.execute(NodeTestTask.java:100)
	at java.base/java.util.ArrayList.forEach(ArrayList.java:1604)
	at org.junit.platform.engine.support.hierarchical.SameThreadHierarchicalTestExecutorService.invokeAll(SameThreadHierarchicalTestExecutorService.java:41)
	at org.junit.platform.engine.support.hierarchical.NodeTestTask.lambda$executeRecursively$6(NodeTestTask.java:160)
	at org.junit.platform.engine.support.hierarchical.ThrowableCollector.execute(ThrowableCollector.java:73)
	at org.junit.platform.engine.support.hierarchical.NodeTestTask.lambda$executeRecursively$8(NodeTestTask.java:146)
	at org.junit.platform.engine.support.hierarchical.Node.around(Node.java:137)
	at org.junit.platform.engine.support.hierarchical.NodeTestTask.lambda$executeRecursively$9(NodeTestTask.java:144)
	at org.junit.platform.engine.support.hierarchical.ThrowableCollector.execute(ThrowableCollector.java:73)
	at org.junit.platform.engine.support.hierarchical.NodeTestTask.executeRecursively(NodeTestTask.java:143)
	at org.junit.platform.engine.support.hierarchical.NodeTestTask.execute(NodeTestTask.java:100)
	at org.junit.platform.engine.support.hierarchical.SameThreadHierarchicalTestExecutorService.submit(SameThreadHierarchicalTestExecutorService.java:35)
	at org.junit.platform.engine.support.hierarchical.HierarchicalTestExecutor.execute(HierarchicalTestExecutor.java:57)
	at org.junit.platform.engine.support.hierarchical.HierarchicalTestEngine.execute(HierarchicalTestEngine.java:54)
	at org.junit.platform.launcher.core.EngineExecutionOrchestrator.execute(EngineExecutionOrchestrator.java:201)
	at org.junit.platform.launcher.core.EngineExecutionOrchestrator.execute(EngineExecutionOrchestrator.java:170)
	at org.junit.platform.launcher.core.EngineExecutionOrchestrator.execute(EngineExecutionOrchestrator.java:94)
	at org.junit.platform.launcher.core.EngineExecutionOrchestrator.lambda$execute$0(EngineExecutionOrchestrator.java:59)
	at org.junit.platform.launcher.core.EngineExecutionOrchestrator.withInterceptedStreams(EngineExecutionOrchestrator.java:142)
	at org.junit.platform.launcher.core.EngineExecutionOrchestrator.execute(EngineExecutionOrchestrator.java:58)
	at org.junit.platform.launcher.core.DefaultLauncher.execute(DefaultLauncher.java:103)
	at org.junit.platform.launcher.core.DefaultLauncher.execute(DefaultLauncher.java:85)
	at org.junit.platform.launcher.core.DelegatingLauncher.execute(DelegatingLauncher.java:47)
	at org.junit.platform.launcher.core.InterceptingLauncher.lambda$execute$1(InterceptingLauncher.java:39)
	at org.junit.platform.launcher.core.ClasspathAlignmentCheckingLauncherInterceptor.intercept(ClasspathAlignmentCheckingLauncherInterceptor.java:25)
	at org.junit.platform.launcher.core.InterceptingLauncher.execute(InterceptingLauncher.java:38)
	at org.junit.platform.launcher.core.DelegatingLauncher.execute(DelegatingLauncher.java:47)
	at org.junit.platform.launcher.core.SessionPerRequestLauncher.execute(SessionPerRequestLauncher.java:63)
	at com.intellij.junit5.JUnit5IdeaTestRunner.startRunnerWithArgs(JUnit5IdeaTestRunner.java:66)
	at com.intellij.rt.junit.IdeaTestRunner$Repeater$1.execute(IdeaTestRunner.java:38)
	at com.intellij.rt.execution.junit.TestsRepeater.repeat(TestsRepeater.java:11)
	at com.intellij.rt.junit.IdeaTestRunner$Repeater.startRunnerWithArgs(IdeaTestRunner.java:35)
	at com.intellij.rt.junit.JUnitStarter.prepareStreamsAndStart(JUnitStarter.java:237)
	at com.intellij.rt.junit.JUnitStarter.main(JUnitStarter.java:58)
13:35:10.939 [main] ERROR o.t.ta.core.agents.GenericAiAgent - Error executing agent action
java.lang.RuntimeException: Verification error
	at org.tarik.ta.agents.UiPreconditionVerificationUiTestAgentTest.lambda$shouldHandleFailedVerificationExecution$0(UiPreconditionVerificationUiTestAgentTest.java:74)
	at org.tarik.ta.core.agents.GenericAiAgent.executeAndGetResult(GenericAiAgent.java:61)
	at java.base/java.lang.invoke.MethodHandle.invokeWithArguments(MethodHandle.java:735)
	at org.mockito.internal.util.reflection.InstrumentationMemberAccessor$Dispatcher$ByteBuddy$42c9eH4j.invokeWithArguments(Unknown Source)
	at org.mockito.internal.util.reflection.InstrumentationMemberAccessor.invoke(InstrumentationMemberAccessor.java:265)
	at org.mockito.internal.util.reflection.ModuleMemberAccessor.invoke(ModuleMemberAccessor.java:55)
	at org.mockito.internal.creation.bytebuddy.MockMethodAdvice.tryInvoke(MockMethodAdvice.java:316)
	at org.mockito.internal.creation.bytebuddy.MockMethodAdvice$RealMethodCall.invoke(MockMethodAdvice.java:236)
	at org.mockito.internal.invocation.InterceptedInvocation.callRealMethod(InterceptedInvocation.java:142)
	at org.mockito.internal.stubbing.answers.CallsRealMethods.answer(CallsRealMethods.java:45)
	at org.mockito.internal.stubbing.StubbedInvocationMatcher.answer(StubbedInvocationMatcher.java:42)
	at org.mockito.internal.handler.MockHandlerImpl.handle(MockHandlerImpl.java:103)
	at org.mockito.internal.handler.NullResultGuardian.handle(NullResultGuardian.java:29)
	at org.mockito.internal.handler.InvocationNotifierHandler.handle(InvocationNotifierHandler.java:34)
	at org.mockito.internal.creation.bytebuddy.access.MockMethodInterceptor.doIntercept(MockMethodInterceptor.java:84)
	at org.mockito.internal.creation.bytebuddy.MockMethodAdvice.handle(MockMethodAdvice.java:136)
	at org.tarik.ta.core.agents.GenericAiAgent.executeAndGetResult(GenericAiAgent.java:59)
	at org.tarik.ta.agents.UiPreconditionVerificationUiTestAgentTest.shouldHandleFailedVerificationExecution(UiPreconditionVerificationUiTestAgentTest.java:73)
	at java.base/jdk.internal.reflect.DirectMethodHandleAccessor.invoke(DirectMethodHandleAccessor.java:104)
	at java.base/java.lang.reflect.Method.invoke(Method.java:565)
	at org.junit.platform.commons.util.ReflectionUtils.invokeMethod(ReflectionUtils.java:775)
	at org.junit.platform.commons.support.ReflectionSupport.invokeMethod(ReflectionSupport.java:479)
	at org.junit.jupiter.engine.execution.MethodInvocation.proceed(MethodInvocation.java:60)
	at org.junit.jupiter.engine.execution.InvocationInterceptorChain$ValidatingInvocation.proceed(InvocationInterceptorChain.java:131)
	at org.junit.jupiter.engine.extension.TimeoutExtension.intercept(TimeoutExtension.java:161)
	at org.junit.jupiter.engine.extension.TimeoutExtension.interceptTestableMethod(TimeoutExtension.java:152)
	at org.junit.jupiter.engine.extension.TimeoutExtension.interceptTestMethod(TimeoutExtension.java:91)
	at org.junit.jupiter.engine.execution.InterceptingExecutableInvoker$ReflectiveInterceptorCall.lambda$ofVoidMethod$0(InterceptingExecutableInvoker.java:112)
	at org.junit.jupiter.engine.execution.InterceptingExecutableInvoker.lambda$invoke$0(InterceptingExecutableInvoker.java:94)
	at org.junit.jupiter.engine.execution.InvocationInterceptorChain$InterceptedInvocation.proceed(InvocationInterceptorChain.java:106)
	at org.junit.jupiter.engine.execution.InvocationInterceptorChain.proceed(InvocationInterceptorChain.java:64)
	at org.junit.jupiter.engine.execution.InvocationInterceptorChain.chainAndInvoke(InvocationInterceptorChain.java:45)
	at org.junit.jupiter.engine.execution.InvocationInterceptorChain.invoke(InvocationInterceptorChain.java:37)
	at org.junit.jupiter.engine.execution.InterceptingExecutableInvoker.invoke(InterceptingExecutableInvoker.java:93)
	at org.junit.jupiter.engine.execution.InterceptingExecutableInvoker.invoke(InterceptingExecutableInvoker.java:87)
	at org.junit.jupiter.engine.descriptor.TestMethodTestDescriptor.lambda$invokeTestMethod$7(TestMethodTestDescriptor.java:216)
	at org.junit.platform.engine.support.hierarchical.ThrowableCollector.execute(ThrowableCollector.java:73)
	at org.junit.jupiter.engine.descriptor.TestMethodTestDescriptor.invokeTestMethod(TestMethodTestDescriptor.java:212)
	at org.junit.jupiter.engine.descriptor.TestMethodTestDescriptor.execute(TestMethodTestDescriptor.java:137)
	at org.junit.jupiter.engine.descriptor.TestMethodTestDescriptor.execute(TestMethodTestDescriptor.java:69)
	at org.junit.platform.engine.support.hierarchical.NodeTestTask.lambda$executeRecursively$6(NodeTestTask.java:156)
	at org.junit.platform.engine.support.hierarchical.ThrowableCollector.execute(ThrowableCollector.java:73)
	at org.junit.platform.engine.support.hierarchical.NodeTestTask.lambda$executeRecursively$8(NodeTestTask.java:146)
	at org.junit.platform.engine.support.hierarchical.Node.around(Node.java:137)
	at org.junit.platform.engine.support.hierarchical.NodeTestTask.lambda$executeRecursively$9(NodeTestTask.java:144)
	at org.junit.platform.engine.support.hierarchical.ThrowableCollector.execute(ThrowableCollector.java:73)
	at org.junit.platform.engine.support.hierarchical.NodeTestTask.executeRecursively(NodeTestTask.java:143)
	at org.junit.platform.engine.support.hierarchical.NodeTestTask.execute(NodeTestTask.java:100)
	at java.base/java.util.ArrayList.forEach(ArrayList.java:1604)
	at org.junit.platform.engine.support.hierarchical.SameThreadHierarchicalTestExecutorService.invokeAll(SameThreadHierarchicalTestExecutorService.java:41)
	at org.junit.platform.engine.support.hierarchical.NodeTestTask.lambda$executeRecursively$6(NodeTestTask.java:160)
	at org.junit.platform.engine.support.hierarchical.ThrowableCollector.execute(ThrowableCollector.java:73)
	at org.junit.platform.engine.support.hierarchical.NodeTestTask.lambda$executeRecursively$8(NodeTestTask.java:146)
	at org.junit.platform.engine.support.hierarchical.Node.around(Node.java:137)
	at org.junit.platform.engine.support.hierarchical.NodeTestTask.lambda$executeRecursively$9(NodeTestTask.java:144)
	at org.junit.platform.engine.support.hierarchical.ThrowableCollector.execute(ThrowableCollector.java:73)
	at org.junit.platform.engine.support.hierarchical.NodeTestTask.executeRecursively(NodeTestTask.java:143)
	at org.junit.platform.engine.support.hierarchical.NodeTestTask.execute(NodeTestTask.java:100)
	at java.base/java.util.ArrayList.forEach(ArrayList.java:1604)
	at org.junit.platform.engine.support.hierarchical.SameThreadHierarchicalTestExecutorService.invokeAll(SameThreadHierarchicalTestExecutorService.java:41)
	at org.junit.platform.engine.support.hierarchical.NodeTestTask.lambda$executeRecursively$6(NodeTestTask.java:160)
	at org.junit.platform.engine.support.hierarchical.ThrowableCollector.execute(ThrowableCollector.java:73)
	at org.junit.platform.engine.support.hierarchical.NodeTestTask.lambda$executeRecursively$8(NodeTestTask.java:146)
	at org.junit.platform.engine.support.hierarchical.Node.around(Node.java:137)
	at org.junit.platform.engine.support.hierarchical.NodeTestTask.lambda$executeRecursively$9(NodeTestTask.java:144)
	at org.junit.platform.engine.support.hierarchical.ThrowableCollector.execute(ThrowableCollector.java:73)
	at org.junit.platform.engine.support.hierarchical.NodeTestTask.executeRecursively(NodeTestTask.java:143)
	at org.junit.platform.engine.support.hierarchical.NodeTestTask.execute(NodeTestTask.java:100)
	at org.junit.platform.engine.support.hierarchical.SameThreadHierarchicalTestExecutorService.submit(SameThreadHierarchicalTestExecutorService.java:35)
	at org.junit.platform.engine.support.hierarchical.HierarchicalTestExecutor.execute(HierarchicalTestExecutor.java:57)
	at org.junit.platform.engine.support.hierarchical.HierarchicalTestEngine.execute(HierarchicalTestEngine.java:54)
	at org.junit.platform.launcher.core.EngineExecutionOrchestrator.execute(EngineExecutionOrchestrator.java:201)
	at org.junit.platform.launcher.core.EngineExecutionOrchestrator.execute(EngineExecutionOrchestrator.java:170)
	at org.junit.platform.launcher.core.EngineExecutionOrchestrator.execute(EngineExecutionOrchestrator.java:94)
	at org.junit.platform.launcher.core.EngineExecutionOrchestrator.lambda$execute$0(EngineExecutionOrchestrator.java:59)
	at org.junit.platform.launcher.core.EngineExecutionOrchestrator.withInterceptedStreams(EngineExecutionOrchestrator.java:142)
	at org.junit.platform.launcher.core.EngineExecutionOrchestrator.execute(EngineExecutionOrchestrator.java:58)
	at org.junit.platform.launcher.core.DefaultLauncher.execute(DefaultLauncher.java:103)
	at org.junit.platform.launcher.core.DefaultLauncher.execute(DefaultLauncher.java:85)
	at org.junit.platform.launcher.core.DelegatingLauncher.execute(DelegatingLauncher.java:47)
	at org.junit.platform.launcher.core.InterceptingLauncher.lambda$execute$1(InterceptingLauncher.java:39)
	at org.junit.platform.launcher.core.ClasspathAlignmentCheckingLauncherInterceptor.intercept(ClasspathAlignmentCheckingLauncherInterceptor.java:25)
	at org.junit.platform.launcher.core.InterceptingLauncher.execute(InterceptingLauncher.java:38)
	at org.junit.platform.launcher.core.DelegatingLauncher.execute(DelegatingLauncher.java:47)
	at org.junit.platform.launcher.core.SessionPerRequestLauncher.execute(SessionPerRequestLauncher.java:63)
	at com.intellij.junit5.JUnit5IdeaTestRunner.startRunnerWithArgs(JUnit5IdeaTestRunner.java:66)
	at com.intellij.rt.junit.IdeaTestRunner$Repeater$1.execute(IdeaTestRunner.java:38)
	at com.intellij.rt.execution.junit.TestsRepeater.repeat(TestsRepeater.java:11)
	at com.intellij.rt.junit.IdeaTestRunner$Repeater.startRunnerWithArgs(IdeaTestRunner.java:35)
	at com.intellij.rt.junit.JUnitStarter.prepareStreamsAndStart(JUnitStarter.java:237)
	at com.intellij.rt.junit.JUnitStarter.main(JUnitStarter.java:58)
13:35:32.999 [main] INFO  org.tarik.ta.core.AgentConfig - Loaded properties from config.properties
13:35:33.001 [main] INFO  org.tarik.ta.core.AgentConfig - Using property file value for key 'port' with value '8005'
13:35:33.002 [main] INFO  org.tarik.ta.core.AgentConfig - Using property file value for key 'unattended.mode' with value 'true'
13:35:33.002 [main] INFO  org.tarik.ta.core.AgentConfig - Using property file value for key 'host' with value 'localhost'
13:35:33.003 [main] INFO  org.tarik.ta.core.AgentConfig - Using default value for key 'external.url'
13:35:33.004 [main] INFO  org.tarik.ta.core.AgentConfig - Using property file value for key 'debug.mode' with value 'false'
13:35:33.004 [main] INFO  org.tarik.ta.core.AgentConfig - Using property file value for key 'vector.db.provider' with value 'chroma'
13:35:33.004 [main] INFO  org.tarik.ta.core.AgentConfig - Using property file value for key 'vector.db.url' with value 'http://localhost:8020'
13:35:33.005 [main] INFO  org.tarik.ta.core.AgentConfig - Using property file value for key 'retriever.top.n' with value '5'
13:35:33.005 [main] INFO  org.tarik.ta.core.AgentConfig - Using property file value for key 'model.max.output.tokens' with value '8192'
13:35:33.005 [main] INFO  org.tarik.ta.core.AgentConfig - Using property file value for key 'model.temperature' with value '0.0'
13:35:33.005 [main] INFO  org.tarik.ta.core.AgentConfig - Using property file value for key 'model.top.p' with value '1.0'
13:35:33.006 [main] INFO  org.tarik.ta.core.AgentConfig - Using property file value for key 'model.logging.enabled' with value 'false'
13:35:33.006 [main] INFO  org.tarik.ta.core.AgentConfig - Using property file value for key 'thinking.output.enabled' with value 'false'
13:35:33.006 [main] INFO  org.tarik.ta.core.AgentConfig - Using property file value for key 'gemini.thinking.budget' with value '0'
13:35:33.006 [main] INFO  org.tarik.ta.core.AgentConfig - Using property file value for key 'model.max.retries' with value '10'
13:35:33.006 [main] INFO  org.tarik.ta.core.AgentConfig - Using property file value for key 'google.api.provider' with value 'studio_ai'
13:35:33.007 [main] INFO  org.tarik.ta.core.AgentConfig - Using property file value for key 'google.api.token'
13:35:33.007 [main] INFO  org.tarik.ta.core.AgentConfig - Using property file value for key 'google.project' with value 'YOUR_GOOGLE_PROJECT_ID'
13:35:33.007 [main] INFO  org.tarik.ta.core.AgentConfig - Using property file value for key 'google.location' with value 'YOUR_GOOGLE_PROJECT_LOCATION'
13:35:33.007 [main] INFO  org.tarik.ta.core.AgentConfig - Using property file value for key 'azure.openai.api.key'
13:35:33.007 [main] INFO  org.tarik.ta.core.AgentConfig - Using property file value for key 'azure.openai.endpoint' with value 'YOUR_AZURE_OPEN_AI_ENDPOINT_HERE'
13:35:33.007 [main] INFO  org.tarik.ta.core.AgentConfig - Using property file value for key 'groq.api.key'
13:35:33.007 [main] INFO  org.tarik.ta.core.AgentConfig - Using property file value for key 'groq.endpoint' with value 'YOUR_GROQ_ENDPOINT_HERE'
13:35:33.008 [main] INFO  org.tarik.ta.core.AgentConfig - Using property file value for key 'anthropic.api.provider' with value 'vertex_ai'
13:35:33.008 [main] INFO  org.tarik.ta.core.AgentConfig - Using property file value for key 'anthropic.api.key'
13:35:33.008 [main] INFO  org.tarik.ta.core.AgentConfig - Using property file value for key 'anthropic.endpoint' with value 'https://api.anthropic.com/v1/'
13:35:33.008 [main] INFO  org.tarik.ta.core.AgentConfig - Using property file value for key 'test.step.execution.retry.timeout.millis' with value '5000'
13:35:33.008 [main] INFO  org.tarik.ta.core.AgentConfig - Using property file value for key 'test.step.execution.retry.interval.millis' with value '1000'
13:35:33.009 [main] INFO  org.tarik.ta.core.AgentConfig - Using property file value for key 'verification.retry.timeout.millis' with value '10000'
13:35:33.009 [main] INFO  org.tarik.ta.core.AgentConfig - Using property file value for key 'action.verification.delay.millis' with value '500'
13:35:33.009 [main] INFO  org.tarik.ta.core.AgentConfig - Using property file value for key 'max.action.execution.duration.millis' with value '30000'
13:35:33.009 [main] INFO  org.tarik.ta.core.AgentConfig - Using property file value for key 'agent.token.budget' with value '1000000'
13:35:33.009 [main] INFO  org.tarik.ta.core.AgentConfig - Using property file value for key 'agent.tool.calls.budget.attended' with value '100'
13:35:33.009 [main] INFO  org.tarik.ta.core.AgentConfig - Using property file value for key 'agent.tool.calls.budget.unattended' with value '5'
13:35:33.009 [main] INFO  org.tarik.ta.core.AgentConfig - Using property file value for key 'agent.execution.time.budget.seconds' with value '3000'
13:35:33.009 [main] INFO  org.tarik.ta.core.AgentConfig - Using property file value for key 'precondition.agent.model.name' with value 'gemini-2.5-flash'
13:35:33.009 [main] INFO  org.tarik.ta.core.AgentConfig - Using property file value for key 'precondition.agent.model.provider' with value 'google'
13:35:33.010 [main] INFO  org.tarik.ta.core.AgentConfig - Using property file value for key 'precondition.agent.prompt.version' with value 'v1.0.0'
13:35:33.010 [main] INFO  org.tarik.ta.core.AgentConfig - Using property file value for key 'precondition.verification.agent.model.name' with value 'gemini-2.5-flash'
13:35:33.010 [main] INFO  org.tarik.ta.core.AgentConfig - Using property file value for key 'precondition.verification.agent.model.provider' with value 'google'
13:35:33.011 [main] INFO  org.tarik.ta.core.AgentConfig - Using property file value for key 'precondition.verification.agent.prompt.version' with value 'v1.0.0'
13:35:33.011 [main] INFO  org.tarik.ta.core.AgentConfig - Using property file value for key 'test.step.action.agent.model.name' with value 'gemini-2.5-flash'
13:35:33.011 [main] INFO  org.tarik.ta.core.AgentConfig - Using property file value for key 'test.step.action.agent.model.provider' with value 'google'
13:35:33.011 [main] INFO  org.tarik.ta.core.AgentConfig - Using property file value for key 'test.step.action.agent.prompt.version' with value 'v1.0.0'
13:35:33.012 [main] INFO  org.tarik.ta.core.AgentConfig - Using property file value for key 'test.step.verification.agent.model.name' with value 'gemini-2.5-flash'
13:35:33.012 [main] INFO  org.tarik.ta.core.AgentConfig - Using property file value for key 'test.step.verification.agent.model.provider' with value 'google'
13:35:33.012 [main] INFO  org.tarik.ta.core.AgentConfig - Using property file value for key 'test.step.verification.agent.prompt.version' with value 'v1.0.0'
13:35:33.012 [main] INFO  org.tarik.ta.core.AgentConfig - Using property file value for key 'test.case.extraction.agent.model.name' with value 'gemini-2.5-flash'
13:35:33.013 [main] INFO  org.tarik.ta.core.AgentConfig - Using property file value for key 'test.case.extraction.agent.model.provider' with value 'google'
13:35:33.013 [main] INFO  org.tarik.ta.core.AgentConfig - Using property file value for key 'test.case.extraction.agent.prompt.version' with value 'v1.0.0'
13:35:33.208 [main] ERROR o.t.ta.core.agents.GenericAiAgent - Error executing agent action
java.lang.RuntimeException: Simulated error
	at org.tarik.ta.agents.UiPreconditionActionUiTestAgentTest.lambda$shouldHandleFailedExecution$2(UiPreconditionActionUiTestAgentTest.java:64)
	at org.tarik.ta.core.agents.GenericAiAgent.executeAndGetResult(GenericAiAgent.java:61)
	at org.tarik.ta.agents.UiPreconditionActionUiTestAgentTest.shouldHandleFailedExecution(UiPreconditionActionUiTestAgentTest.java:63)
	at java.base/jdk.internal.reflect.DirectMethodHandleAccessor.invoke(DirectMethodHandleAccessor.java:104)
	at java.base/java.lang.reflect.Method.invoke(Method.java:565)
	at org.junit.platform.commons.util.ReflectionUtils.invokeMethod(ReflectionUtils.java:775)
	at org.junit.platform.commons.support.ReflectionSupport.invokeMethod(ReflectionSupport.java:479)
	at org.junit.jupiter.engine.execution.MethodInvocation.proceed(MethodInvocation.java:60)
	at org.junit.jupiter.engine.execution.InvocationInterceptorChain$ValidatingInvocation.proceed(InvocationInterceptorChain.java:131)
	at org.junit.jupiter.engine.extension.TimeoutExtension.intercept(TimeoutExtension.java:161)
	at org.junit.jupiter.engine.extension.TimeoutExtension.interceptTestableMethod(TimeoutExtension.java:152)
	at org.junit.jupiter.engine.extension.TimeoutExtension.interceptTestMethod(TimeoutExtension.java:91)
	at org.junit.jupiter.engine.execution.InterceptingExecutableInvoker$ReflectiveInterceptorCall.lambda$ofVoidMethod$0(InterceptingExecutableInvoker.java:112)
	at org.junit.jupiter.engine.execution.InterceptingExecutableInvoker.lambda$invoke$0(InterceptingExecutableInvoker.java:94)
	at org.junit.jupiter.engine.execution.InvocationInterceptorChain$InterceptedInvocation.proceed(InvocationInterceptorChain.java:106)
	at org.junit.jupiter.engine.execution.InvocationInterceptorChain.proceed(InvocationInterceptorChain.java:64)
	at org.junit.jupiter.engine.execution.InvocationInterceptorChain.chainAndInvoke(InvocationInterceptorChain.java:45)
	at org.junit.jupiter.engine.execution.InvocationInterceptorChain.invoke(InvocationInterceptorChain.java:37)
	at org.junit.jupiter.engine.execution.InterceptingExecutableInvoker.invoke(InterceptingExecutableInvoker.java:93)
	at org.junit.jupiter.engine.execution.InterceptingExecutableInvoker.invoke(InterceptingExecutableInvoker.java:87)
	at org.junit.jupiter.engine.descriptor.TestMethodTestDescriptor.lambda$invokeTestMethod$7(TestMethodTestDescriptor.java:216)
	at org.junit.platform.engine.support.hierarchical.ThrowableCollector.execute(ThrowableCollector.java:73)
	at org.junit.jupiter.engine.descriptor.TestMethodTestDescriptor.invokeTestMethod(TestMethodTestDescriptor.java:212)
	at org.junit.jupiter.engine.descriptor.TestMethodTestDescriptor.execute(TestMethodTestDescriptor.java:137)
	at org.junit.jupiter.engine.descriptor.TestMethodTestDescriptor.execute(TestMethodTestDescriptor.java:69)
	at org.junit.platform.engine.support.hierarchical.NodeTestTask.lambda$executeRecursively$6(NodeTestTask.java:156)
	at org.junit.platform.engine.support.hierarchical.ThrowableCollector.execute(ThrowableCollector.java:73)
	at org.junit.platform.engine.support.hierarchical.NodeTestTask.lambda$executeRecursively$8(NodeTestTask.java:146)
	at org.junit.platform.engine.support.hierarchical.Node.around(Node.java:137)
	at org.junit.platform.engine.support.hierarchical.NodeTestTask.lambda$executeRecursively$9(NodeTestTask.java:144)
	at org.junit.platform.engine.support.hierarchical.ThrowableCollector.execute(ThrowableCollector.java:73)
	at org.junit.platform.engine.support.hierarchical.NodeTestTask.executeRecursively(NodeTestTask.java:143)
	at org.junit.platform.engine.support.hierarchical.NodeTestTask.execute(NodeTestTask.java:100)
	at java.base/java.util.ArrayList.forEach(ArrayList.java:1604)
	at org.junit.platform.engine.support.hierarchical.SameThreadHierarchicalTestExecutorService.invokeAll(SameThreadHierarchicalTestExecutorService.java:41)
	at org.junit.platform.engine.support.hierarchical.NodeTestTask.lambda$executeRecursively$6(NodeTestTask.java:160)
	at org.junit.platform.engine.support.hierarchical.ThrowableCollector.execute(ThrowableCollector.java:73)
	at org.junit.platform.engine.support.hierarchical.NodeTestTask.lambda$executeRecursively$8(NodeTestTask.java:146)
	at org.junit.platform.engine.support.hierarchical.Node.around(Node.java:137)
	at org.junit.platform.engine.support.hierarchical.NodeTestTask.lambda$executeRecursively$9(NodeTestTask.java:144)
	at org.junit.platform.engine.support.hierarchical.ThrowableCollector.execute(ThrowableCollector.java:73)
	at org.junit.platform.engine.support.hierarchical.NodeTestTask.executeRecursively(NodeTestTask.java:143)
	at org.junit.platform.engine.support.hierarchical.NodeTestTask.execute(NodeTestTask.java:100)
	at java.base/java.util.ArrayList.forEach(ArrayList.java:1604)
	at org.junit.platform.engine.support.hierarchical.SameThreadHierarchicalTestExecutorService.invokeAll(SameThreadHierarchicalTestExecutorService.java:41)
	at org.junit.platform.engine.support.hierarchical.NodeTestTask.lambda$executeRecursively$6(NodeTestTask.java:160)
	at org.junit.platform.engine.support.hierarchical.ThrowableCollector.execute(ThrowableCollector.java:73)
	at org.junit.platform.engine.support.hierarchical.NodeTestTask.lambda$executeRecursively$8(NodeTestTask.java:146)
	at org.junit.platform.engine.support.hierarchical.Node.around(Node.java:137)
	at org.junit.platform.engine.support.hierarchical.NodeTestTask.lambda$executeRecursively$9(NodeTestTask.java:144)
	at org.junit.platform.engine.support.hierarchical.ThrowableCollector.execute(ThrowableCollector.java:73)
	at org.junit.platform.engine.support.hierarchical.NodeTestTask.executeRecursively(NodeTestTask.java:143)
	at org.junit.platform.engine.support.hierarchical.NodeTestTask.execute(NodeTestTask.java:100)
	at org.junit.platform.engine.support.hierarchical.SameThreadHierarchicalTestExecutorService.submit(SameThreadHierarchicalTestExecutorService.java:35)
	at org.junit.platform.engine.support.hierarchical.HierarchicalTestExecutor.execute(HierarchicalTestExecutor.java:57)
	at org.junit.platform.engine.support.hierarchical.HierarchicalTestEngine.execute(HierarchicalTestEngine.java:54)
	at org.junit.platform.launcher.core.EngineExecutionOrchestrator.execute(EngineExecutionOrchestrator.java:201)
	at org.junit.platform.launcher.core.EngineExecutionOrchestrator.execute(EngineExecutionOrchestrator.java:170)
	at org.junit.platform.launcher.core.EngineExecutionOrchestrator.execute(EngineExecutionOrchestrator.java:94)
	at org.junit.platform.launcher.core.EngineExecutionOrchestrator.lambda$execute$0(EngineExecutionOrchestrator.java:59)
	at org.junit.platform.launcher.core.EngineExecutionOrchestrator.withInterceptedStreams(EngineExecutionOrchestrator.java:142)
	at org.junit.platform.launcher.core.EngineExecutionOrchestrator.execute(EngineExecutionOrchestrator.java:58)
	at org.junit.platform.launcher.core.DefaultLauncher.execute(DefaultLauncher.java:103)
	at org.junit.platform.launcher.core.DefaultLauncher.execute(DefaultLauncher.java:85)
	at org.junit.platform.launcher.core.DelegatingLauncher.execute(DelegatingLauncher.java:47)
	at org.junit.platform.launcher.core.InterceptingLauncher.lambda$execute$1(InterceptingLauncher.java:39)
	at org.junit.platform.launcher.core.ClasspathAlignmentCheckingLauncherInterceptor.intercept(ClasspathAlignmentCheckingLauncherInterceptor.java:25)
	at org.junit.platform.launcher.core.InterceptingLauncher.execute(InterceptingLauncher.java:38)
	at org.junit.platform.launcher.core.DelegatingLauncher.execute(DelegatingLauncher.java:47)
	at org.junit.platform.launcher.core.SessionPerRequestLauncher.execute(SessionPerRequestLauncher.java:63)
	at com.intellij.junit5.JUnit5IdeaTestRunner.startRunnerWithArgs(JUnit5IdeaTestRunner.java:66)
	at com.intellij.rt.junit.IdeaTestRunner$Repeater$1.execute(IdeaTestRunner.java:38)
	at com.intellij.rt.execution.junit.TestsRepeater.repeat(TestsRepeater.java:11)
	at com.intellij.rt.junit.IdeaTestRunner$Repeater.startRunnerWithArgs(IdeaTestRunner.java:35)
	at com.intellij.rt.junit.JUnitStarter.prepareStreamsAndStart(JUnitStarter.java:237)
	at com.intellij.rt.junit.JUnitStarter.main(JUnitStarter.java:58)
13:35:33.469 [main] ERROR o.t.ta.core.agents.GenericAiAgent - Error executing agent action
java.lang.RuntimeException: Action execution error
	at org.tarik.ta.agents.UiTestStepActionUiTestAgentTest.lambda$shouldHandleFailedExecution$0(UiTestStepActionUiTestAgentTest.java:70)
	at org.tarik.ta.core.agents.GenericAiAgent.executeAndGetResult(GenericAiAgent.java:61)
	at java.base/java.lang.invoke.MethodHandle.invokeWithArguments(MethodHandle.java:735)
	at org.mockito.internal.util.reflection.InstrumentationMemberAccessor$Dispatcher$ByteBuddy$o0lHYrFF.invokeWithArguments(Unknown Source)
	at org.mockito.internal.util.reflection.InstrumentationMemberAccessor.invoke(InstrumentationMemberAccessor.java:265)
	at org.mockito.internal.util.reflection.ModuleMemberAccessor.invoke(ModuleMemberAccessor.java:55)
	at org.mockito.internal.creation.bytebuddy.MockMethodAdvice.tryInvoke(MockMethodAdvice.java:316)
	at org.mockito.internal.creation.bytebuddy.MockMethodAdvice$RealMethodCall.invoke(MockMethodAdvice.java:236)
	at org.mockito.internal.invocation.InterceptedInvocation.callRealMethod(InterceptedInvocation.java:142)
	at org.mockito.internal.stubbing.answers.CallsRealMethods.answer(CallsRealMethods.java:45)
	at org.mockito.Answers.answer(Answers.java:90)
	at org.mockito.internal.handler.MockHandlerImpl.handle(MockHandlerImpl.java:111)
	at org.mockito.internal.handler.NullResultGuardian.handle(NullResultGuardian.java:29)
	at org.mockito.internal.handler.InvocationNotifierHandler.handle(InvocationNotifierHandler.java:34)
	at org.mockito.internal.creation.bytebuddy.access.MockMethodInterceptor.doIntercept(MockMethodInterceptor.java:84)
	at org.mockito.internal.creation.bytebuddy.MockMethodAdvice.handle(MockMethodAdvice.java:136)
	at org.tarik.ta.core.agents.GenericAiAgent.executeAndGetResult(GenericAiAgent.java:59)
	at org.tarik.ta.agents.UiTestStepActionUiTestAgentTest.shouldHandleFailedExecution(UiTestStepActionUiTestAgentTest.java:69)
	at java.base/jdk.internal.reflect.DirectMethodHandleAccessor.invoke(DirectMethodHandleAccessor.java:104)
	at java.base/java.lang.reflect.Method.invoke(Method.java:565)
	at org.junit.platform.commons.util.ReflectionUtils.invokeMethod(ReflectionUtils.java:775)
	at org.junit.platform.commons.support.ReflectionSupport.invokeMethod(ReflectionSupport.java:479)
	at org.junit.jupiter.engine.execution.MethodInvocation.proceed(MethodInvocation.java:60)
	at org.junit.jupiter.engine.execution.InvocationInterceptorChain$ValidatingInvocation.proceed(InvocationInterceptorChain.java:131)
	at org.junit.jupiter.engine.extension.TimeoutExtension.intercept(TimeoutExtension.java:161)
	at org.junit.jupiter.engine.extension.TimeoutExtension.interceptTestableMethod(TimeoutExtension.java:152)
	at org.junit.jupiter.engine.extension.TimeoutExtension.interceptTestMethod(TimeoutExtension.java:91)
	at org.junit.jupiter.engine.execution.InterceptingExecutableInvoker$ReflectiveInterceptorCall.lambda$ofVoidMethod$0(InterceptingExecutableInvoker.java:112)
	at org.junit.jupiter.engine.execution.InterceptingExecutableInvoker.lambda$invoke$0(InterceptingExecutableInvoker.java:94)
	at org.junit.jupiter.engine.execution.InvocationInterceptorChain$InterceptedInvocation.proceed(InvocationInterceptorChain.java:106)
	at org.junit.jupiter.engine.execution.InvocationInterceptorChain.proceed(InvocationInterceptorChain.java:64)
	at org.junit.jupiter.engine.execution.InvocationInterceptorChain.chainAndInvoke(InvocationInterceptorChain.java:45)
	at org.junit.jupiter.engine.execution.InvocationInterceptorChain.invoke(InvocationInterceptorChain.java:37)
	at org.junit.jupiter.engine.execution.InterceptingExecutableInvoker.invoke(InterceptingExecutableInvoker.java:93)
	at org.junit.jupiter.engine.execution.InterceptingExecutableInvoker.invoke(InterceptingExecutableInvoker.java:87)
	at org.junit.jupiter.engine.descriptor.TestMethodTestDescriptor.lambda$invokeTestMethod$7(TestMethodTestDescriptor.java:216)
	at org.junit.platform.engine.support.hierarchical.ThrowableCollector.execute(ThrowableCollector.java:73)
	at org.junit.jupiter.engine.descriptor.TestMethodTestDescriptor.invokeTestMethod(TestMethodTestDescriptor.java:212)
	at org.junit.jupiter.engine.descriptor.TestMethodTestDescriptor.execute(TestMethodTestDescriptor.java:137)
	at org.junit.jupiter.engine.descriptor.TestMethodTestDescriptor.execute(TestMethodTestDescriptor.java:69)
	at org.junit.platform.engine.support.hierarchical.NodeTestTask.lambda$executeRecursively$6(NodeTestTask.java:156)
	at org.junit.platform.engine.support.hierarchical.ThrowableCollector.execute(ThrowableCollector.java:73)
	at org.junit.platform.engine.support.hierarchical.NodeTestTask.lambda$executeRecursively$8(NodeTestTask.java:146)
	at org.junit.platform.engine.support.hierarchical.Node.around(Node.java:137)
	at org.junit.platform.engine.support.hierarchical.NodeTestTask.lambda$executeRecursively$9(NodeTestTask.java:144)
	at org.junit.platform.engine.support.hierarchical.ThrowableCollector.execute(ThrowableCollector.java:73)
	at org.junit.platform.engine.support.hierarchical.NodeTestTask.executeRecursively(NodeTestTask.java:143)
	at org.junit.platform.engine.support.hierarchical.NodeTestTask.execute(NodeTestTask.java:100)
	at java.base/java.util.ArrayList.forEach(ArrayList.java:1604)
	at org.junit.platform.engine.support.hierarchical.SameThreadHierarchicalTestExecutorService.invokeAll(SameThreadHierarchicalTestExecutorService.java:41)
	at org.junit.platform.engine.support.hierarchical.NodeTestTask.lambda$executeRecursively$6(NodeTestTask.java:160)
	at org.junit.platform.engine.support.hierarchical.ThrowableCollector.execute(ThrowableCollector.java:73)
	at org.junit.platform.engine.support.hierarchical.NodeTestTask.lambda$executeRecursively$8(NodeTestTask.java:146)
	at org.junit.platform.engine.support.hierarchical.Node.around(Node.java:137)
	at org.junit.platform.engine.support.hierarchical.NodeTestTask.lambda$executeRecursively$9(NodeTestTask.java:144)
	at org.junit.platform.engine.support.hierarchical.ThrowableCollector.execute(ThrowableCollector.java:73)
	at org.junit.platform.engine.support.hierarchical.NodeTestTask.executeRecursively(NodeTestTask.java:143)
	at org.junit.platform.engine.support.hierarchical.NodeTestTask.execute(NodeTestTask.java:100)
	at java.base/java.util.ArrayList.forEach(ArrayList.java:1604)
	at org.junit.platform.engine.support.hierarchical.SameThreadHierarchicalTestExecutorService.invokeAll(SameThreadHierarchicalTestExecutorService.java:41)
	at org.junit.platform.engine.support.hierarchical.NodeTestTask.lambda$executeRecursively$6(NodeTestTask.java:160)
	at org.junit.platform.engine.support.hierarchical.ThrowableCollector.execute(ThrowableCollector.java:73)
	at org.junit.platform.engine.support.hierarchical.NodeTestTask.lambda$executeRecursively$8(NodeTestTask.java:146)
	at org.junit.platform.engine.support.hierarchical.Node.around(Node.java:137)
	at org.junit.platform.engine.support.hierarchical.NodeTestTask.lambda$executeRecursively$9(NodeTestTask.java:144)
	at org.junit.platform.engine.support.hierarchical.ThrowableCollector.execute(ThrowableCollector.java:73)
	at org.junit.platform.engine.support.hierarchical.NodeTestTask.executeRecursively(NodeTestTask.java:143)
	at org.junit.platform.engine.support.hierarchical.NodeTestTask.execute(NodeTestTask.java:100)
	at org.junit.platform.engine.support.hierarchical.SameThreadHierarchicalTestExecutorService.submit(SameThreadHierarchicalTestExecutorService.java:35)
	at org.junit.platform.engine.support.hierarchical.HierarchicalTestExecutor.execute(HierarchicalTestExecutor.java:57)
	at org.junit.platform.engine.support.hierarchical.HierarchicalTestEngine.execute(HierarchicalTestEngine.java:54)
	at org.junit.platform.launcher.core.EngineExecutionOrchestrator.execute(EngineExecutionOrchestrator.java:201)
	at org.junit.platform.launcher.core.EngineExecutionOrchestrator.execute(EngineExecutionOrchestrator.java:170)
	at org.junit.platform.launcher.core.EngineExecutionOrchestrator.execute(EngineExecutionOrchestrator.java:94)
	at org.junit.platform.launcher.core.EngineExecutionOrchestrator.lambda$execute$0(EngineExecutionOrchestrator.java:59)
	at org.junit.platform.launcher.core.EngineExecutionOrchestrator.withInterceptedStreams(EngineExecutionOrchestrator.java:142)
	at org.junit.platform.launcher.core.EngineExecutionOrchestrator.execute(EngineExecutionOrchestrator.java:58)
	at org.junit.platform.launcher.core.DefaultLauncher.execute(DefaultLauncher.java:103)
	at org.junit.platform.launcher.core.DefaultLauncher.execute(DefaultLauncher.java:85)
	at org.junit.platform.launcher.core.DelegatingLauncher.execute(DelegatingLauncher.java:47)
	at org.junit.platform.launcher.core.InterceptingLauncher.lambda$execute$1(InterceptingLauncher.java:39)
	at org.junit.platform.launcher.core.ClasspathAlignmentCheckingLauncherInterceptor.intercept(ClasspathAlignmentCheckingLauncherInterceptor.java:25)
	at org.junit.platform.launcher.core.InterceptingLauncher.execute(InterceptingLauncher.java:38)
	at org.junit.platform.launcher.core.DelegatingLauncher.execute(DelegatingLauncher.java:47)
	at org.junit.platform.launcher.core.SessionPerRequestLauncher.execute(SessionPerRequestLauncher.java:63)
	at com.intellij.junit5.JUnit5IdeaTestRunner.startRunnerWithArgs(JUnit5IdeaTestRunner.java:66)
	at com.intellij.rt.junit.IdeaTestRunner$Repeater$1.execute(IdeaTestRunner.java:38)
	at com.intellij.rt.execution.junit.TestsRepeater.repeat(TestsRepeater.java:11)
	at com.intellij.rt.junit.IdeaTestRunner$Repeater.startRunnerWithArgs(IdeaTestRunner.java:35)
	at com.intellij.rt.junit.JUnitStarter.prepareStreamsAndStart(JUnitStarter.java:237)
	at com.intellij.rt.junit.JUnitStarter.main(JUnitStarter.java:58)
13:35:34.150 [main] INFO  org.tarik.ta.UiTestAgent - Attempting to extract TestCase instance from user message using AI model.
13:35:34.152 [main] INFO  org.tarik.ta.UiTestAgent - Successfully extracted TestCase: 'Single Action Only'
13:35:34.152 [main] INFO  org.tarik.ta.UiTestAgent - Starting execution of the test case 'Single Action Only'
13:35:34.152 [main] INFO  o.t.ta.core.manager.BudgetManager - Budget counters reset.
13:35:34.165 [main] INFO  org.tarik.ta.UiTestAgent - Executing test step: Perform Action Only
13:35:34.166 [main] INFO  o.t.ta.core.manager.BudgetManager - Tool call usage reset.
13:35:34.166 [main] INFO  org.tarik.ta.UiTestAgent - Action execution complete.
13:35:34.167 [main] INFO  org.tarik.ta.UiTestAgent - Finished execution of the test case 'Single Action Only'
13:35:34.177 [main] INFO  org.tarik.ta.UiTestAgent - Attempting to extract TestCase instance from user message using AI model.
13:35:34.177 [main] INFO  org.tarik.ta.UiTestAgent - Successfully extracted TestCase: 'Action Fail'
13:35:34.177 [main] INFO  org.tarik.ta.UiTestAgent - Starting execution of the test case 'Action Fail'
13:35:34.177 [main] INFO  o.t.ta.core.manager.BudgetManager - Budget counters reset.
13:35:34.179 [main] INFO  org.tarik.ta.UiTestAgent - Executing test step: Action
13:35:34.179 [main] INFO  o.t.ta.core.manager.BudgetManager - Tool call usage reset.
13:35:34.179 [main] ERROR org.tarik.ta.UiTestAgent - Error while executing action 'Action'. Root cause: Action failed
13:35:34.179 [main] INFO  org.tarik.ta.UiTestAgent - Finished execution of the test case 'Action Fail'
13:35:34.187 [main] INFO  org.tarik.ta.UiTestAgent - Attempting to extract TestCase instance from user message using AI model.
13:35:34.187 [main] INFO  org.tarik.ta.UiTestAgent - Successfully extracted TestCase: 'Precondition Success'
13:35:34.187 [main] INFO  org.tarik.ta.UiTestAgent - Starting execution of the test case 'Precondition Success'
13:35:34.187 [main] INFO  o.t.ta.core.manager.BudgetManager - Budget counters reset.
13:35:34.190 [main] INFO  org.tarik.ta.UiTestAgent - Executing and verifying preconditions for test case: Precondition Success
13:35:34.190 [main] INFO  org.tarik.ta.UiTestAgent - Executing precondition: Precondition 1
13:35:34.190 [main] INFO  o.t.ta.core.manager.BudgetManager - Tool call usage reset.
13:35:34.190 [main] INFO  org.tarik.ta.UiTestAgent - Precondition execution complete.
13:35:34.190 [main] INFO  o.t.ta.core.manager.BudgetManager - Tool call usage reset.
13:35:34.190 [main] INFO  org.tarik.ta.UiTestAgent - Precondition 'Precondition 1' is met.
13:35:34.190 [main] INFO  org.tarik.ta.UiTestAgent - All preconditions are met for test case: Precondition Success
13:35:34.191 [main] INFO  org.tarik.ta.UiTestAgent - Executing test step: Action
13:35:34.191 [main] INFO  o.t.ta.core.manager.BudgetManager - Tool call usage reset.
13:35:34.192 [main] INFO  org.tarik.ta.UiTestAgent - Action execution complete.
13:35:34.192 [main] INFO  org.tarik.ta.UiTestAgent - Finished execution of the test case 'Precondition Success'
13:35:34.198 [main] INFO  org.tarik.ta.UiTestAgent - Attempting to extract TestCase instance from user message using AI model.
13:35:34.198 [main] INFO  org.tarik.ta.UiTestAgent - Successfully extracted TestCase: 'Single Step Success'
13:35:34.198 [main] INFO  org.tarik.ta.UiTestAgent - Starting execution of the test case 'Single Step Success'
13:35:34.198 [main] INFO  o.t.ta.core.manager.BudgetManager - Budget counters reset.
13:35:34.200 [main] INFO  org.tarik.ta.UiTestAgent - Executing test step: Perform Action
13:35:34.200 [main] INFO  o.t.ta.core.manager.BudgetManager - Tool call usage reset.
13:35:34.200 [main] INFO  org.tarik.ta.UiTestAgent - Action execution complete.
13:35:34.200 [main] INFO  o.t.ta.manager.VerificationManager - Verification submitted. Active verifications: 1
13:35:34.202 [main] INFO  o.t.ta.manager.VerificationManager - Waiting for verification to finish (timeout: 9223372036854775807 ms)...
13:35:34.209 [pool-4-thread-1] INFO  org.tarik.ta.UiTestAgent - Executing verification of: 'Verify Result'
13:35:34.209 [pool-4-thread-1] INFO  o.t.ta.core.manager.BudgetManager - Tool call usage reset.
13:35:34.209 [pool-4-thread-1] INFO  org.tarik.ta.UiTestAgent - Verification execution complete.
13:35:34.212 [main] INFO  org.tarik.ta.UiTestAgent - Finished execution of the test case 'Single Step Success'
13:35:34.231 [main] INFO  org.tarik.ta.UiTestAgent - Attempting to extract TestCase instance from user message using AI model.
13:35:34.231 [main] INFO  org.tarik.ta.UiTestAgent - Successfully extracted TestCase: 'Precondition Verify Fail'
13:35:34.231 [main] INFO  org.tarik.ta.UiTestAgent - Starting execution of the test case 'Precondition Verify Fail'
13:35:34.231 [main] INFO  o.t.ta.core.manager.BudgetManager - Budget counters reset.
13:35:34.232 [main] INFO  org.tarik.ta.UiTestAgent - Executing and verifying preconditions for test case: Precondition Verify Fail
13:35:34.232 [main] INFO  org.tarik.ta.UiTestAgent - Executing precondition: Precondition 1
13:35:34.232 [main] INFO  o.t.ta.core.manager.BudgetManager - Tool call usage reset.
13:35:34.232 [main] INFO  org.tarik.ta.UiTestAgent - Precondition execution complete.
13:35:34.232 [main] INFO  o.t.ta.core.manager.BudgetManager - Tool call usage reset.
13:35:34.232 [main] ERROR org.tarik.ta.UiTestAgent - Precondition verification failed. Not Verified
13:35:34.232 [main] INFO  org.tarik.ta.UiTestAgent - Finished execution of the test case 'Precondition Verify Fail'
13:35:34.238 [main] INFO  org.tarik.ta.UiTestAgent - Attempting to extract TestCase instance from user message using AI model.
13:35:34.238 [main] INFO  org.tarik.ta.UiTestAgent - Successfully extracted TestCase: 'Verification Fail'
13:35:34.238 [main] INFO  org.tarik.ta.UiTestAgent - Starting execution of the test case 'Verification Fail'
13:35:34.238 [main] INFO  o.t.ta.core.manager.BudgetManager - Budget counters reset.
13:35:34.239 [main] INFO  org.tarik.ta.UiTestAgent - Executing test step: Action
13:35:34.239 [main] INFO  o.t.ta.core.manager.BudgetManager - Tool call usage reset.
13:35:34.239 [main] INFO  org.tarik.ta.UiTestAgent - Action execution complete.
13:35:34.240 [main] INFO  o.t.ta.manager.VerificationManager - Verification submitted. Active verifications: 1
13:35:34.240 [main] INFO  o.t.ta.manager.VerificationManager - Waiting for verification to finish (timeout: 9223372036854775807 ms)...
13:35:34.246 [pool-6-thread-1] INFO  org.tarik.ta.UiTestAgent - Executing verification of: 'Verify'
13:35:34.246 [pool-6-thread-1] INFO  o.t.ta.core.manager.BudgetManager - Tool call usage reset.
13:35:34.246 [main] ERROR org.tarik.ta.UiTestAgent - Verification failed. Verification failed
13:35:34.246 [main] INFO  org.tarik.ta.UiTestAgent - Finished execution of the test case 'Verification Fail'
13:35:34.252 [main] INFO  org.tarik.ta.UiTestAgent - Attempting to extract TestCase instance from user message using AI model.
13:35:34.252 [main] INFO  org.tarik.ta.UiTestAgent - Successfully extracted TestCase: 'Precondition Fail'
13:35:34.252 [main] INFO  org.tarik.ta.UiTestAgent - Starting execution of the test case 'Precondition Fail'
13:35:34.252 [main] INFO  o.t.ta.core.manager.BudgetManager - Budget counters reset.
13:35:34.253 [main] INFO  org.tarik.ta.UiTestAgent - Executing and verifying preconditions for test case: Precondition Fail
13:35:34.253 [main] INFO  org.tarik.ta.UiTestAgent - Executing precondition: Precondition 1
13:35:34.253 [main] INFO  o.t.ta.core.manager.BudgetManager - Tool call usage reset.
13:35:34.253 [main] ERROR org.tarik.ta.UiTestAgent - Failure while executing precondition 'Precondition 1'. Root cause: Precondition failed
13:35:34.254 [main] INFO  org.tarik.ta.UiTestAgent - Finished execution of the test case 'Precondition Fail'
13:35:34.344 [main] ERROR o.t.ta.core.agents.GenericAiAgent - Error executing agent action
java.lang.RuntimeException: Verification error
	at org.tarik.ta.agents.UiTestStepVerificationUiTestAgentTest.lambda$shouldHandleFailedVerificationExecution$0(UiTestStepVerificationUiTestAgentTest.java:69)
	at org.tarik.ta.core.agents.GenericAiAgent.executeAndGetResult(GenericAiAgent.java:61)
	at java.base/java.lang.invoke.MethodHandle.invokeWithArguments(MethodHandle.java:735)
	at org.mockito.internal.util.reflection.InstrumentationMemberAccessor$Dispatcher$ByteBuddy$o0lHYrFF.invokeWithArguments(Unknown Source)
	at org.mockito.internal.util.reflection.InstrumentationMemberAccessor.invoke(InstrumentationMemberAccessor.java:265)
	at org.mockito.internal.util.reflection.ModuleMemberAccessor.invoke(ModuleMemberAccessor.java:55)
	at org.mockito.internal.creation.bytebuddy.MockMethodAdvice.tryInvoke(MockMethodAdvice.java:316)
	at org.mockito.internal.creation.bytebuddy.MockMethodAdvice$RealMethodCall.invoke(MockMethodAdvice.java:236)
	at org.mockito.internal.invocation.InterceptedInvocation.callRealMethod(InterceptedInvocation.java:142)
	at org.mockito.internal.stubbing.answers.CallsRealMethods.answer(CallsRealMethods.java:45)
	at org.mockito.Answers.answer(Answers.java:90)
	at org.mockito.internal.handler.MockHandlerImpl.handle(MockHandlerImpl.java:111)
	at org.mockito.internal.handler.NullResultGuardian.handle(NullResultGuardian.java:29)
	at org.mockito.internal.handler.InvocationNotifierHandler.handle(InvocationNotifierHandler.java:34)
	at org.mockito.internal.creation.bytebuddy.access.MockMethodInterceptor.doIntercept(MockMethodInterceptor.java:84)
	at org.mockito.internal.creation.bytebuddy.MockMethodAdvice.handle(MockMethodAdvice.java:136)
	at org.tarik.ta.core.agents.GenericAiAgent.executeAndGetResult(GenericAiAgent.java:59)
	at org.tarik.ta.agents.UiTestStepVerificationUiTestAgentTest.shouldHandleFailedVerificationExecution(UiTestStepVerificationUiTestAgentTest.java:68)
	at java.base/jdk.internal.reflect.DirectMethodHandleAccessor.invoke(DirectMethodHandleAccessor.java:104)
	at java.base/java.lang.reflect.Method.invoke(Method.java:565)
	at org.junit.platform.commons.util.ReflectionUtils.invokeMethod(ReflectionUtils.java:775)
	at org.junit.platform.commons.support.ReflectionSupport.invokeMethod(ReflectionSupport.java:479)
	at org.junit.jupiter.engine.execution.MethodInvocation.proceed(MethodInvocation.java:60)
	at org.junit.jupiter.engine.execution.InvocationInterceptorChain$ValidatingInvocation.proceed(InvocationInterceptorChain.java:131)
	at org.junit.jupiter.engine.extension.TimeoutExtension.intercept(TimeoutExtension.java:161)
	at org.junit.jupiter.engine.extension.TimeoutExtension.interceptTestableMethod(TimeoutExtension.java:152)
	at org.junit.jupiter.engine.extension.TimeoutExtension.interceptTestMethod(TimeoutExtension.java:91)
	at org.junit.jupiter.engine.execution.InterceptingExecutableInvoker$ReflectiveInterceptorCall.lambda$ofVoidMethod$0(InterceptingExecutableInvoker.java:112)
	at org.junit.jupiter.engine.execution.InterceptingExecutableInvoker.lambda$invoke$0(InterceptingExecutableInvoker.java:94)
	at org.junit.jupiter.engine.execution.InvocationInterceptorChain$InterceptedInvocation.proceed(InvocationInterceptorChain.java:106)
	at org.junit.jupiter.engine.execution.InvocationInterceptorChain.proceed(InvocationInterceptorChain.java:64)
	at org.junit.jupiter.engine.execution.InvocationInterceptorChain.chainAndInvoke(InvocationInterceptorChain.java:45)
	at org.junit.jupiter.engine.execution.InvocationInterceptorChain.invoke(InvocationInterceptorChain.java:37)
	at org.junit.jupiter.engine.execution.InterceptingExecutableInvoker.invoke(InterceptingExecutableInvoker.java:93)
	at org.junit.jupiter.engine.execution.InterceptingExecutableInvoker.invoke(InterceptingExecutableInvoker.java:87)
	at org.junit.jupiter.engine.descriptor.TestMethodTestDescriptor.lambda$invokeTestMethod$7(TestMethodTestDescriptor.java:216)
	at org.junit.platform.engine.support.hierarchical.ThrowableCollector.execute(ThrowableCollector.java:73)
	at org.junit.jupiter.engine.descriptor.TestMethodTestDescriptor.invokeTestMethod(TestMethodTestDescriptor.java:212)
	at org.junit.jupiter.engine.descriptor.TestMethodTestDescriptor.execute(TestMethodTestDescriptor.java:137)
	at org.junit.jupiter.engine.descriptor.TestMethodTestDescriptor.execute(TestMethodTestDescriptor.java:69)
	at org.junit.platform.engine.support.hierarchical.NodeTestTask.lambda$executeRecursively$6(NodeTestTask.java:156)
	at org.junit.platform.engine.support.hierarchical.ThrowableCollector.execute(ThrowableCollector.java:73)
	at org.junit.platform.engine.support.hierarchical.NodeTestTask.lambda$executeRecursively$8(NodeTestTask.java:146)
	at org.junit.platform.engine.support.hierarchical.Node.around(Node.java:137)
	at org.junit.platform.engine.support.hierarchical.NodeTestTask.lambda$executeRecursively$9(NodeTestTask.java:144)
	at org.junit.platform.engine.support.hierarchical.ThrowableCollector.execute(ThrowableCollector.java:73)
	at org.junit.platform.engine.support.hierarchical.NodeTestTask.executeRecursively(NodeTestTask.java:143)
	at org.junit.platform.engine.support.hierarchical.NodeTestTask.execute(NodeTestTask.java:100)
	at java.base/java.util.ArrayList.forEach(ArrayList.java:1604)
	at org.junit.platform.engine.support.hierarchical.SameThreadHierarchicalTestExecutorService.invokeAll(SameThreadHierarchicalTestExecutorService.java:41)
	at org.junit.platform.engine.support.hierarchical.NodeTestTask.lambda$executeRecursively$6(NodeTestTask.java:160)
	at org.junit.platform.engine.support.hierarchical.ThrowableCollector.execute(ThrowableCollector.java:73)
	at org.junit.platform.engine.support.hierarchical.NodeTestTask.lambda$executeRecursively$8(NodeTestTask.java:146)
	at org.junit.platform.engine.support.hierarchical.Node.around(Node.java:137)
	at org.junit.platform.engine.support.hierarchical.NodeTestTask.lambda$executeRecursively$9(NodeTestTask.java:144)
	at org.junit.platform.engine.support.hierarchical.ThrowableCollector.execute(ThrowableCollector.java:73)
	at org.junit.platform.engine.support.hierarchical.NodeTestTask.executeRecursively(NodeTestTask.java:143)
	at org.junit.platform.engine.support.hierarchical.NodeTestTask.execute(NodeTestTask.java:100)
	at java.base/java.util.ArrayList.forEach(ArrayList.java:1604)
	at org.junit.platform.engine.support.hierarchical.SameThreadHierarchicalTestExecutorService.invokeAll(SameThreadHierarchicalTestExecutorService.java:41)
	at org.junit.platform.engine.support.hierarchical.NodeTestTask.lambda$executeRecursively$6(NodeTestTask.java:160)
	at org.junit.platform.engine.support.hierarchical.ThrowableCollector.execute(ThrowableCollector.java:73)
	at org.junit.platform.engine.support.hierarchical.NodeTestTask.lambda$executeRecursively$8(NodeTestTask.java:146)
	at org.junit.platform.engine.support.hierarchical.Node.around(Node.java:137)
	at org.junit.platform.engine.support.hierarchical.NodeTestTask.lambda$executeRecursively$9(NodeTestTask.java:144)
	at org.junit.platform.engine.support.hierarchical.ThrowableCollector.execute(ThrowableCollector.java:73)
	at org.junit.platform.engine.support.hierarchical.NodeTestTask.executeRecursively(NodeTestTask.java:143)
	at org.junit.platform.engine.support.hierarchical.NodeTestTask.execute(NodeTestTask.java:100)
	at org.junit.platform.engine.support.hierarchical.SameThreadHierarchicalTestExecutorService.submit(SameThreadHierarchicalTestExecutorService.java:35)
	at org.junit.platform.engine.support.hierarchical.HierarchicalTestExecutor.execute(HierarchicalTestExecutor.java:57)
	at org.junit.platform.engine.support.hierarchical.HierarchicalTestEngine.execute(HierarchicalTestEngine.java:54)
	at org.junit.platform.launcher.core.EngineExecutionOrchestrator.execute(EngineExecutionOrchestrator.java:201)
	at org.junit.platform.launcher.core.EngineExecutionOrchestrator.execute(EngineExecutionOrchestrator.java:170)
	at org.junit.platform.launcher.core.EngineExecutionOrchestrator.execute(EngineExecutionOrchestrator.java:94)
	at org.junit.platform.launcher.core.EngineExecutionOrchestrator.lambda$execute$0(EngineExecutionOrchestrator.java:59)
	at org.junit.platform.launcher.core.EngineExecutionOrchestrator.withInterceptedStreams(EngineExecutionOrchestrator.java:142)
	at org.junit.platform.launcher.core.EngineExecutionOrchestrator.execute(EngineExecutionOrchestrator.java:58)
	at org.junit.platform.launcher.core.DefaultLauncher.execute(DefaultLauncher.java:103)
	at org.junit.platform.launcher.core.DefaultLauncher.execute(DefaultLauncher.java:85)
	at org.junit.platform.launcher.core.DelegatingLauncher.execute(DelegatingLauncher.java:47)
	at org.junit.platform.launcher.core.InterceptingLauncher.lambda$execute$1(InterceptingLauncher.java:39)
	at org.junit.platform.launcher.core.ClasspathAlignmentCheckingLauncherInterceptor.intercept(ClasspathAlignmentCheckingLauncherInterceptor.java:25)
	at org.junit.platform.launcher.core.InterceptingLauncher.execute(InterceptingLauncher.java:38)
	at org.junit.platform.launcher.core.DelegatingLauncher.execute(DelegatingLauncher.java:47)
	at org.junit.platform.launcher.core.SessionPerRequestLauncher.execute(SessionPerRequestLauncher.java:63)
	at com.intellij.junit5.JUnit5IdeaTestRunner.startRunnerWithArgs(JUnit5IdeaTestRunner.java:66)
	at com.intellij.rt.junit.IdeaTestRunner$Repeater$1.execute(IdeaTestRunner.java:38)
	at com.intellij.rt.execution.junit.TestsRepeater.repeat(TestsRepeater.java:11)
	at com.intellij.rt.junit.IdeaTestRunner$Repeater.startRunnerWithArgs(IdeaTestRunner.java:35)
	at com.intellij.rt.junit.JUnitStarter.prepareStreamsAndStart(JUnitStarter.java:237)
	at com.intellij.rt.junit.JUnitStarter.main(JUnitStarter.java:58)
13:35:34.951 [main] ERROR o.t.ta.core.agents.GenericAiAgent - Error executing agent action
java.lang.RuntimeException: Verification error
	at org.tarik.ta.agents.UiPreconditionVerificationUiTestAgentTest.lambda$shouldHandleFailedVerificationExecution$0(UiPreconditionVerificationUiTestAgentTest.java:74)
	at org.tarik.ta.core.agents.GenericAiAgent.executeAndGetResult(GenericAiAgent.java:61)
	at java.base/java.lang.invoke.MethodHandle.invokeWithArguments(MethodHandle.java:735)
	at org.mockito.internal.util.reflection.InstrumentationMemberAccessor$Dispatcher$ByteBuddy$o0lHYrFF.invokeWithArguments(Unknown Source)
	at org.mockito.internal.util.reflection.InstrumentationMemberAccessor.invoke(InstrumentationMemberAccessor.java:265)
	at org.mockito.internal.util.reflection.ModuleMemberAccessor.invoke(ModuleMemberAccessor.java:55)
	at org.mockito.internal.creation.bytebuddy.MockMethodAdvice.tryInvoke(MockMethodAdvice.java:316)
	at org.mockito.internal.creation.bytebuddy.MockMethodAdvice$RealMethodCall.invoke(MockMethodAdvice.java:236)
	at org.mockito.internal.invocation.InterceptedInvocation.callRealMethod(InterceptedInvocation.java:142)
	at org.mockito.internal.stubbing.answers.CallsRealMethods.answer(CallsRealMethods.java:45)
	at org.mockito.internal.stubbing.StubbedInvocationMatcher.answer(StubbedInvocationMatcher.java:42)
	at org.mockito.internal.handler.MockHandlerImpl.handle(MockHandlerImpl.java:103)
	at org.mockito.internal.handler.NullResultGuardian.handle(NullResultGuardian.java:29)
	at org.mockito.internal.handler.InvocationNotifierHandler.handle(InvocationNotifierHandler.java:34)
	at org.mockito.internal.creation.bytebuddy.access.MockMethodInterceptor.doIntercept(MockMethodInterceptor.java:84)
	at org.mockito.internal.creation.bytebuddy.MockMethodAdvice.handle(MockMethodAdvice.java:136)
	at org.tarik.ta.core.agents.GenericAiAgent.executeAndGetResult(GenericAiAgent.java:59)
	at org.tarik.ta.agents.UiPreconditionVerificationUiTestAgentTest.shouldHandleFailedVerificationExecution(UiPreconditionVerificationUiTestAgentTest.java:73)
	at java.base/jdk.internal.reflect.DirectMethodHandleAccessor.invoke(DirectMethodHandleAccessor.java:104)
	at java.base/java.lang.reflect.Method.invoke(Method.java:565)
	at org.junit.platform.commons.util.ReflectionUtils.invokeMethod(ReflectionUtils.java:775)
	at org.junit.platform.commons.support.ReflectionSupport.invokeMethod(ReflectionSupport.java:479)
	at org.junit.jupiter.engine.execution.MethodInvocation.proceed(MethodInvocation.java:60)
	at org.junit.jupiter.engine.execution.InvocationInterceptorChain$ValidatingInvocation.proceed(InvocationInterceptorChain.java:131)
	at org.junit.jupiter.engine.extension.TimeoutExtension.intercept(TimeoutExtension.java:161)
	at org.junit.jupiter.engine.extension.TimeoutExtension.interceptTestableMethod(TimeoutExtension.java:152)
	at org.junit.jupiter.engine.extension.TimeoutExtension.interceptTestMethod(TimeoutExtension.java:91)
	at org.junit.jupiter.engine.execution.InterceptingExecutableInvoker$ReflectiveInterceptorCall.lambda$ofVoidMethod$0(InterceptingExecutableInvoker.java:112)
	at org.junit.jupiter.engine.execution.InterceptingExecutableInvoker.lambda$invoke$0(InterceptingExecutableInvoker.java:94)
	at org.junit.jupiter.engine.execution.InvocationInterceptorChain$InterceptedInvocation.proceed(InvocationInterceptorChain.java:106)
	at org.junit.jupiter.engine.execution.InvocationInterceptorChain.proceed(InvocationInterceptorChain.java:64)
	at org.junit.jupiter.engine.execution.InvocationInterceptorChain.chainAndInvoke(InvocationInterceptorChain.java:45)
	at org.junit.jupiter.engine.execution.InvocationInterceptorChain.invoke(InvocationInterceptorChain.java:37)
	at org.junit.jupiter.engine.execution.InterceptingExecutableInvoker.invoke(InterceptingExecutableInvoker.java:93)
	at org.junit.jupiter.engine.execution.InterceptingExecutableInvoker.invoke(InterceptingExecutableInvoker.java:87)
	at org.junit.jupiter.engine.descriptor.TestMethodTestDescriptor.lambda$invokeTestMethod$7(TestMethodTestDescriptor.java:216)
	at org.junit.platform.engine.support.hierarchical.ThrowableCollector.execute(ThrowableCollector.java:73)
	at org.junit.jupiter.engine.descriptor.TestMethodTestDescriptor.invokeTestMethod(TestMethodTestDescriptor.java:212)
	at org.junit.jupiter.engine.descriptor.TestMethodTestDescriptor.execute(TestMethodTestDescriptor.java:137)
	at org.junit.jupiter.engine.descriptor.TestMethodTestDescriptor.execute(TestMethodTestDescriptor.java:69)
	at org.junit.platform.engine.support.hierarchical.NodeTestTask.lambda$executeRecursively$6(NodeTestTask.java:156)
	at org.junit.platform.engine.support.hierarchical.ThrowableCollector.execute(ThrowableCollector.java:73)
	at org.junit.platform.engine.support.hierarchical.NodeTestTask.lambda$executeRecursively$8(NodeTestTask.java:146)
	at org.junit.platform.engine.support.hierarchical.Node.around(Node.java:137)
	at org.junit.platform.engine.support.hierarchical.NodeTestTask.lambda$executeRecursively$9(NodeTestTask.java:144)
	at org.junit.platform.engine.support.hierarchical.ThrowableCollector.execute(ThrowableCollector.java:73)
	at org.junit.platform.engine.support.hierarchical.NodeTestTask.executeRecursively(NodeTestTask.java:143)
	at org.junit.platform.engine.support.hierarchical.NodeTestTask.execute(NodeTestTask.java:100)
	at java.base/java.util.ArrayList.forEach(ArrayList.java:1604)
	at org.junit.platform.engine.support.hierarchical.SameThreadHierarchicalTestExecutorService.invokeAll(SameThreadHierarchicalTestExecutorService.java:41)
	at org.junit.platform.engine.support.hierarchical.NodeTestTask.lambda$executeRecursively$6(NodeTestTask.java:160)
	at org.junit.platform.engine.support.hierarchical.ThrowableCollector.execute(ThrowableCollector.java:73)
	at org.junit.platform.engine.support.hierarchical.NodeTestTask.lambda$executeRecursively$8(NodeTestTask.java:146)
	at org.junit.platform.engine.support.hierarchical.Node.around(Node.java:137)
	at org.junit.platform.engine.support.hierarchical.NodeTestTask.lambda$executeRecursively$9(NodeTestTask.java:144)
	at org.junit.platform.engine.support.hierarchical.ThrowableCollector.execute(ThrowableCollector.java:73)
	at org.junit.platform.engine.support.hierarchical.NodeTestTask.executeRecursively(NodeTestTask.java:143)
	at org.junit.platform.engine.support.hierarchical.NodeTestTask.execute(NodeTestTask.java:100)
	at java.base/java.util.ArrayList.forEach(ArrayList.java:1604)
	at org.junit.platform.engine.support.hierarchical.SameThreadHierarchicalTestExecutorService.invokeAll(SameThreadHierarchicalTestExecutorService.java:41)
	at org.junit.platform.engine.support.hierarchical.NodeTestTask.lambda$executeRecursively$6(NodeTestTask.java:160)
	at org.junit.platform.engine.support.hierarchical.ThrowableCollector.execute(ThrowableCollector.java:73)
	at org.junit.platform.engine.support.hierarchical.NodeTestTask.lambda$executeRecursively$8(NodeTestTask.java:146)
	at org.junit.platform.engine.support.hierarchical.Node.around(Node.java:137)
	at org.junit.platform.engine.support.hierarchical.NodeTestTask.lambda$executeRecursively$9(NodeTestTask.java:144)
	at org.junit.platform.engine.support.hierarchical.ThrowableCollector.execute(ThrowableCollector.java:73)
	at org.junit.platform.engine.support.hierarchical.NodeTestTask.executeRecursively(NodeTestTask.java:143)
	at org.junit.platform.engine.support.hierarchical.NodeTestTask.execute(NodeTestTask.java:100)
	at org.junit.platform.engine.support.hierarchical.SameThreadHierarchicalTestExecutorService.submit(SameThreadHierarchicalTestExecutorService.java:35)
	at org.junit.platform.engine.support.hierarchical.HierarchicalTestExecutor.execute(HierarchicalTestExecutor.java:57)
	at org.junit.platform.engine.support.hierarchical.HierarchicalTestEngine.execute(HierarchicalTestEngine.java:54)
	at org.junit.platform.launcher.core.EngineExecutionOrchestrator.execute(EngineExecutionOrchestrator.java:201)
	at org.junit.platform.launcher.core.EngineExecutionOrchestrator.execute(EngineExecutionOrchestrator.java:170)
	at org.junit.platform.launcher.core.EngineExecutionOrchestrator.execute(EngineExecutionOrchestrator.java:94)
	at org.junit.platform.launcher.core.EngineExecutionOrchestrator.lambda$execute$0(EngineExecutionOrchestrator.java:59)
	at org.junit.platform.launcher.core.EngineExecutionOrchestrator.withInterceptedStreams(EngineExecutionOrchestrator.java:142)
	at org.junit.platform.launcher.core.EngineExecutionOrchestrator.execute(EngineExecutionOrchestrator.java:58)
	at org.junit.platform.launcher.core.DefaultLauncher.execute(DefaultLauncher.java:103)
	at org.junit.platform.launcher.core.DefaultLauncher.execute(DefaultLauncher.java:85)
	at org.junit.platform.launcher.core.DelegatingLauncher.execute(DelegatingLauncher.java:47)
	at org.junit.platform.launcher.core.InterceptingLauncher.lambda$execute$1(InterceptingLauncher.java:39)
	at org.junit.platform.launcher.core.ClasspathAlignmentCheckingLauncherInterceptor.intercept(ClasspathAlignmentCheckingLauncherInterceptor.java:25)
	at org.junit.platform.launcher.core.InterceptingLauncher.execute(InterceptingLauncher.java:38)
	at org.junit.platform.launcher.core.DelegatingLauncher.execute(DelegatingLauncher.java:47)
	at org.junit.platform.launcher.core.SessionPerRequestLauncher.execute(SessionPerRequestLauncher.java:63)
	at com.intellij.junit5.JUnit5IdeaTestRunner.startRunnerWithArgs(JUnit5IdeaTestRunner.java:66)
	at com.intellij.rt.junit.IdeaTestRunner$Repeater$1.execute(IdeaTestRunner.java:38)
	at com.intellij.rt.execution.junit.TestsRepeater.repeat(TestsRepeater.java:11)
	at com.intellij.rt.junit.IdeaTestRunner$Repeater.startRunnerWithArgs(IdeaTestRunner.java:35)
	at com.intellij.rt.junit.JUnitStarter.prepareStreamsAndStart(JUnitStarter.java:237)
	at com.intellij.rt.junit.JUnitStarter.main(JUnitStarter.java:58)
